CRITICAL - 2024-06-03 19:31:34 --> Trying to access array offset on value of type null
#0 C:\xampp\htdocs\Taller1Completo\app\Views\back\usuario\editoMisDatos_view.php(20): CodeIgniter\Debug\Exceptions->errorHandler(2, 'Trying to acces...', 'C:\\xampp\\htdocs...', 20)
#1 C:\xampp\htdocs\Taller1Completo\system\View\View.php(210): include('C:\\xampp\\htdocs...')
#2 C:\xampp\htdocs\Taller1Completo\system\View\View.php(213): CodeIgniter\View\View->CodeIgniter\View\{closure}()
#3 C:\xampp\htdocs\Taller1Completo\system\Common.php(1089): CodeIgniter\View\View->render('back/usuario/ed...', Array, true)
#4 C:\xampp\htdocs\Taller1Completo\app\Controllers\Datatable_controller.php(41): view('back/usuario/ed...', Array)
#5 C:\xampp\htdocs\Taller1Completo\system\CodeIgniter.php(832): App\Controllers\Datatable_controller->editoMisDatos('assets', 'js', 'bootstrap.bundl...')
#6 C:\xampp\htdocs\Taller1Completo\system\CodeIgniter.php(419): CodeIgniter\CodeIgniter->runController(Object(App\Controllers\Datatable_controller))
#7 C:\xampp\htdocs\Taller1Completo\system\CodeIgniter.php(326): CodeIgniter\CodeIgniter->handleRequest(NULL, Object(Config\Cache), false)
#8 C:\xampp\htdocs\Taller1Completo\index.php(45): CodeIgniter\CodeIgniter->run()
#9 {main}
CRITICAL - 2024-06-03 19:31:48 --> Trying to access array offset on value of type null
#0 C:\xampp\htdocs\Taller1Completo\app\Views\back\usuario\editoMisDatos_view.php(20): CodeIgniter\Debug\Exceptions->errorHandler(2, 'Trying to acces...', 'C:\\xampp\\htdocs...', 20)
#1 C:\xampp\htdocs\Taller1Completo\system\View\View.php(210): include('C:\\xampp\\htdocs...')
#2 C:\xampp\htdocs\Taller1Completo\system\View\View.php(213): CodeIgniter\View\View->CodeIgniter\View\{closure}()
#3 C:\xampp\htdocs\Taller1Completo\system\Common.php(1089): CodeIgniter\View\View->render('back/usuario/ed...', Array, true)
#4 C:\xampp\htdocs\Taller1Completo\app\Controllers\Datatable_controller.php(41): view('back/usuario/ed...', Array)
#5 C:\xampp\htdocs\Taller1Completo\system\CodeIgniter.php(832): App\Controllers\Datatable_controller->editoMisDatos('assets', 'js', 'bootstrap.bundl...')
#6 C:\xampp\htdocs\Taller1Completo\system\CodeIgniter.php(419): CodeIgniter\CodeIgniter->runController(Object(App\Controllers\Datatable_controller))
#7 C:\xampp\htdocs\Taller1Completo\system\CodeIgniter.php(326): CodeIgniter\CodeIgniter->handleRequest(NULL, Object(Config\Cache), false)
#8 C:\xampp\htdocs\Taller1Completo\index.php(45): CodeIgniter\CodeIgniter->run()
#9 {main}
CRITICAL - 2024-06-03 19:36:27 --> Trying to access array offset on value of type null
#0 C:\xampp\htdocs\Taller1Completo\app\Views\back\usuario\editoMisDatos_view.php(20): CodeIgniter\Debug\Exceptions->errorHandler(2, 'Trying to acces...', 'C:\\xampp\\htdocs...', 20)
#1 C:\xampp\htdocs\Taller1Completo\system\View\View.php(210): include('C:\\xampp\\htdocs...')
#2 C:\xampp\htdocs\Taller1Completo\system\View\View.php(213): CodeIgniter\View\View->CodeIgniter\View\{closure}()
#3 C:\xampp\htdocs\Taller1Completo\system\Common.php(1089): CodeIgniter\View\View->render('back/usuario/ed...', Array, true)
#4 C:\xampp\htdocs\Taller1Completo\app\Controllers\Datatable_controller.php(41): view('back/usuario/ed...', Array)
#5 C:\xampp\htdocs\Taller1Completo\system\CodeIgniter.php(832): App\Controllers\Datatable_controller->editoMisDatos('assets', 'js', 'bootstrap.bundl...')
#6 C:\xampp\htdocs\Taller1Completo\system\CodeIgniter.php(419): CodeIgniter\CodeIgniter->runController(Object(App\Controllers\Datatable_controller))
#7 C:\xampp\htdocs\Taller1Completo\system\CodeIgniter.php(326): CodeIgniter\CodeIgniter->handleRequest(NULL, Object(Config\Cache), false)
#8 C:\xampp\htdocs\Taller1Completo\index.php(45): CodeIgniter\CodeIgniter->run()
#9 {main}
CRITICAL - 2024-06-03 19:36:37 --> Trying to access array offset on value of type null
#0 C:\xampp\htdocs\Taller1Completo\app\Views\back\usuario\editoMisDatos_view.php(20): CodeIgniter\Debug\Exceptions->errorHandler(2, 'Trying to acces...', 'C:\\xampp\\htdocs...', 20)
#1 C:\xampp\htdocs\Taller1Completo\system\View\View.php(210): include('C:\\xampp\\htdocs...')
#2 C:\xampp\htdocs\Taller1Completo\system\View\View.php(213): CodeIgniter\View\View->CodeIgniter\View\{closure}()
#3 C:\xampp\htdocs\Taller1Completo\system\Common.php(1089): CodeIgniter\View\View->render('back/usuario/ed...', Array, true)
#4 C:\xampp\htdocs\Taller1Completo\app\Controllers\Datatable_controller.php(41): view('back/usuario/ed...', Array)
#5 C:\xampp\htdocs\Taller1Completo\system\CodeIgniter.php(832): App\Controllers\Datatable_controller->editoMisDatos('assets', 'js', 'bootstrap.bundl...')
#6 C:\xampp\htdocs\Taller1Completo\system\CodeIgniter.php(419): CodeIgniter\CodeIgniter->runController(Object(App\Controllers\Datatable_controller))
#7 C:\xampp\htdocs\Taller1Completo\system\CodeIgniter.php(326): CodeIgniter\CodeIgniter->handleRequest(NULL, Object(Config\Cache), false)
#8 C:\xampp\htdocs\Taller1Completo\index.php(45): CodeIgniter\CodeIgniter->run()
#9 {main}
CRITICAL - 2024-06-03 20:36:27 --> Undefined variable $id
#0 C:\xampp\htdocs\Taller1Completo\app\Controllers\Producto_controller.php(225): CodeIgniter\Debug\Exceptions->errorHandler(2, 'Undefined varia...', 'C:\\xampp\\htdocs...', 225)
#1 C:\xampp\htdocs\Taller1Completo\system\CodeIgniter.php(832): App\Controllers\Producto_controller->ProdValidationEdit()
#2 C:\xampp\htdocs\Taller1Completo\system\CodeIgniter.php(419): CodeIgniter\CodeIgniter->runController(Object(App\Controllers\Producto_controller))
#3 C:\xampp\htdocs\Taller1Completo\system\CodeIgniter.php(326): CodeIgniter\CodeIgniter->handleRequest(NULL, Object(Config\Cache), false)
#4 C:\xampp\htdocs\Taller1Completo\index.php(45): CodeIgniter\CodeIgniter->run()
#5 {main}
CRITICAL - 2024-06-03 20:43:38 --> Trying to access array offset on value of type null
#0 C:\xampp\htdocs\Taller1Completo\app\Views\back\usuario\editoMisDatos_view.php(20): CodeIgniter\Debug\Exceptions->errorHandler(2, 'Trying to acces...', 'C:\\xampp\\htdocs...', 20)
#1 C:\xampp\htdocs\Taller1Completo\system\View\View.php(210): include('C:\\xampp\\htdocs...')
#2 C:\xampp\htdocs\Taller1Completo\system\View\View.php(213): CodeIgniter\View\View->CodeIgniter\View\{closure}()
#3 C:\xampp\htdocs\Taller1Completo\system\Common.php(1089): CodeIgniter\View\View->render('back/usuario/ed...', Array, true)
#4 C:\xampp\htdocs\Taller1Completo\app\Controllers\Datatable_controller.php(41): view('back/usuario/ed...', Array)
#5 C:\xampp\htdocs\Taller1Completo\system\CodeIgniter.php(832): App\Controllers\Datatable_controller->editoMisDatos('assets', 'js', 'bootstrap.bundl...')
#6 C:\xampp\htdocs\Taller1Completo\system\CodeIgniter.php(419): CodeIgniter\CodeIgniter->runController(Object(App\Controllers\Datatable_controller))
#7 C:\xampp\htdocs\Taller1Completo\system\CodeIgniter.php(326): CodeIgniter\CodeIgniter->handleRequest(NULL, Object(Config\Cache), false)
#8 C:\xampp\htdocs\Taller1Completo\index.php(45): CodeIgniter\CodeIgniter->run()
#9 {main}
CRITICAL - 2024-06-03 20:58:02 --> Trying to access array offset on value of type null
#0 C:\xampp\htdocs\Taller1Completo\app\Views\back\usuario\editoMisDatos_view.php(20): CodeIgniter\Debug\Exceptions->errorHandler(2, 'Trying to acces...', 'C:\\xampp\\htdocs...', 20)
#1 C:\xampp\htdocs\Taller1Completo\system\View\View.php(210): include('C:\\xampp\\htdocs...')
#2 C:\xampp\htdocs\Taller1Completo\system\View\View.php(213): CodeIgniter\View\View->CodeIgniter\View\{closure}()
#3 C:\xampp\htdocs\Taller1Completo\system\Common.php(1089): CodeIgniter\View\View->render('back/usuario/ed...', Array, true)
#4 C:\xampp\htdocs\Taller1Completo\app\Controllers\Datatable_controller.php(41): view('back/usuario/ed...', Array)
#5 C:\xampp\htdocs\Taller1Completo\system\CodeIgniter.php(832): App\Controllers\Datatable_controller->editoMisDatos('assets', 'js', 'bootstrap.bundl...')
#6 C:\xampp\htdocs\Taller1Completo\system\CodeIgniter.php(419): CodeIgniter\CodeIgniter->runController(Object(App\Controllers\Datatable_controller))
#7 C:\xampp\htdocs\Taller1Completo\system\CodeIgniter.php(326): CodeIgniter\CodeIgniter->handleRequest(NULL, Object(Config\Cache), false)
#8 C:\xampp\htdocs\Taller1Completo\index.php(45): CodeIgniter\CodeIgniter->run()
#9 {main}
CRITICAL - 2024-06-03 20:58:32 --> Trying to access array offset on value of type null
#0 C:\xampp\htdocs\Taller1Completo\app\Views\back\usuario\editoMisDatos_view.php(20): CodeIgniter\Debug\Exceptions->errorHandler(2, 'Trying to acces...', 'C:\\xampp\\htdocs...', 20)
#1 C:\xampp\htdocs\Taller1Completo\system\View\View.php(210): include('C:\\xampp\\htdocs...')
#2 C:\xampp\htdocs\Taller1Completo\system\View\View.php(213): CodeIgniter\View\View->CodeIgniter\View\{closure}()
#3 C:\xampp\htdocs\Taller1Completo\system\Common.php(1089): CodeIgniter\View\View->render('back/usuario/ed...', Array, true)
#4 C:\xampp\htdocs\Taller1Completo\app\Controllers\Datatable_controller.php(41): view('back/usuario/ed...', Array)
#5 C:\xampp\htdocs\Taller1Completo\system\CodeIgniter.php(832): App\Controllers\Datatable_controller->editoMisDatos('assets', 'js', 'bootstrap.bundl...')
#6 C:\xampp\htdocs\Taller1Completo\system\CodeIgniter.php(419): CodeIgniter\CodeIgniter->runController(Object(App\Controllers\Datatable_controller))
#7 C:\xampp\htdocs\Taller1Completo\system\CodeIgniter.php(326): CodeIgniter\CodeIgniter->handleRequest(NULL, Object(Config\Cache), false)
#8 C:\xampp\htdocs\Taller1Completo\index.php(45): CodeIgniter\CodeIgniter->run()
#9 {main}
