CRITICAL - 2022-04-15 12:32:56 --> Invalid file: welcome_message.php
#0 C:\wamp64\www\proyecto\system\View\View.php(198): CodeIgniter\Exceptions\FrameworkException::forInvalidFile('welcome_message...')
#1 C:\wamp64\www\proyecto\system\Common.php(1089): CodeIgniter\View\View->render('welcome_message', Array, true)
#2 C:\wamp64\www\proyecto\app\Controllers\Home.php(9): view('welcome_message')
#3 C:\wamp64\www\proyecto\system\CodeIgniter.php(832): App\Controllers\Home->index()
#4 C:\wamp64\www\proyecto\system\CodeIgniter.php(419): CodeIgniter\CodeIgniter->runController(Object(App\Controllers\Home))
#5 C:\wamp64\www\proyecto\system\CodeIgniter.php(326): CodeIgniter\CodeIgniter->handleRequest(NULL, Object(Config\Cache), false)
#6 C:\wamp64\www\proyecto\index.php(37): CodeIgniter\CodeIgniter->run()
#7 {main}
CRITICAL - 2022-04-15 12:33:17 --> Invalid file: welcome_message.php
#0 C:\wamp64\www\proyecto\system\View\View.php(198): CodeIgniter\Exceptions\FrameworkException::forInvalidFile('welcome_message...')
#1 C:\wamp64\www\proyecto\system\Common.php(1089): CodeIgniter\View\View->render('welcome_message', Array, true)
#2 C:\wamp64\www\proyecto\app\Controllers\Home.php(9): view('welcome_message')
#3 C:\wamp64\www\proyecto\system\CodeIgniter.php(832): App\Controllers\Home->index()
#4 C:\wamp64\www\proyecto\system\CodeIgniter.php(419): CodeIgniter\CodeIgniter->runController(Object(App\Controllers\Home))
#5 C:\wamp64\www\proyecto\system\CodeIgniter.php(326): CodeIgniter\CodeIgniter->handleRequest(NULL, Object(Config\Cache), false)
#6 C:\wamp64\www\proyecto\index.php(37): CodeIgniter\CodeIgniter->run()
#7 {main}
CRITICAL - 2022-04-15 12:33:50 --> Invalid file: welcome_message.php
#0 C:\wamp64\www\proyecto\system\View\View.php(198): CodeIgniter\Exceptions\FrameworkException::forInvalidFile('welcome_message...')
#1 C:\wamp64\www\proyecto\system\Common.php(1089): CodeIgniter\View\View->render('welcome_message', Array, true)
#2 C:\wamp64\www\proyecto\app\Controllers\Home.php(9): view('welcome_message')
#3 C:\wamp64\www\proyecto\system\CodeIgniter.php(832): App\Controllers\Home->index()
#4 C:\wamp64\www\proyecto\system\CodeIgniter.php(419): CodeIgniter\CodeIgniter->runController(Object(App\Controllers\Home))
#5 C:\wamp64\www\proyecto\system\CodeIgniter.php(326): CodeIgniter\CodeIgniter->handleRequest(NULL, Object(Config\Cache), false)
#6 C:\wamp64\www\proyecto\index.php(37): CodeIgniter\CodeIgniter->run()
#7 {main}
CRITICAL - 2022-04-15 12:33:56 --> Invalid file: welcome_message.php
#0 C:\wamp64\www\proyecto\system\View\View.php(198): CodeIgniter\Exceptions\FrameworkException::forInvalidFile('welcome_message...')
#1 C:\wamp64\www\proyecto\system\Common.php(1089): CodeIgniter\View\View->render('welcome_message', Array, true)
#2 C:\wamp64\www\proyecto\app\Controllers\Home.php(9): view('welcome_message')
#3 C:\wamp64\www\proyecto\system\CodeIgniter.php(832): App\Controllers\Home->index()
#4 C:\wamp64\www\proyecto\system\CodeIgniter.php(419): CodeIgniter\CodeIgniter->runController(Object(App\Controllers\Home))
#5 C:\wamp64\www\proyecto\system\CodeIgniter.php(326): CodeIgniter\CodeIgniter->handleRequest(NULL, Object(Config\Cache), false)
#6 C:\wamp64\www\proyecto\index.php(37): CodeIgniter\CodeIgniter->run()
#7 {main}
CRITICAL - 2022-04-15 12:33:57 --> Invalid file: welcome_message.php
#0 C:\wamp64\www\proyecto\system\View\View.php(198): CodeIgniter\Exceptions\FrameworkException::forInvalidFile('welcome_message...')
#1 C:\wamp64\www\proyecto\system\Common.php(1089): CodeIgniter\View\View->render('welcome_message', Array, true)
#2 C:\wamp64\www\proyecto\app\Controllers\Home.php(9): view('welcome_message')
#3 C:\wamp64\www\proyecto\system\CodeIgniter.php(832): App\Controllers\Home->index()
#4 C:\wamp64\www\proyecto\system\CodeIgniter.php(419): CodeIgniter\CodeIgniter->runController(Object(App\Controllers\Home))
#5 C:\wamp64\www\proyecto\system\CodeIgniter.php(326): CodeIgniter\CodeIgniter->handleRequest(NULL, Object(Config\Cache), false)
#6 C:\wamp64\www\proyecto\index.php(37): CodeIgniter\CodeIgniter->run()
#7 {main}
CRITICAL - 2022-04-15 12:33:57 --> Invalid file: welcome_message.php
#0 C:\wamp64\www\proyecto\system\View\View.php(198): CodeIgniter\Exceptions\FrameworkException::forInvalidFile('welcome_message...')
#1 C:\wamp64\www\proyecto\system\Common.php(1089): CodeIgniter\View\View->render('welcome_message', Array, true)
#2 C:\wamp64\www\proyecto\app\Controllers\Home.php(9): view('welcome_message')
#3 C:\wamp64\www\proyecto\system\CodeIgniter.php(832): App\Controllers\Home->index()
#4 C:\wamp64\www\proyecto\system\CodeIgniter.php(419): CodeIgniter\CodeIgniter->runController(Object(App\Controllers\Home))
#5 C:\wamp64\www\proyecto\system\CodeIgniter.php(326): CodeIgniter\CodeIgniter->handleRequest(NULL, Object(Config\Cache), false)
#6 C:\wamp64\www\proyecto\index.php(37): CodeIgniter\CodeIgniter->run()
#7 {main}
CRITICAL - 2022-04-15 12:33:58 --> Invalid file: welcome_message.php
#0 C:\wamp64\www\proyecto\system\View\View.php(198): CodeIgniter\Exceptions\FrameworkException::forInvalidFile('welcome_message...')
#1 C:\wamp64\www\proyecto\system\Common.php(1089): CodeIgniter\View\View->render('welcome_message', Array, true)
#2 C:\wamp64\www\proyecto\app\Controllers\Home.php(9): view('welcome_message')
#3 C:\wamp64\www\proyecto\system\CodeIgniter.php(832): App\Controllers\Home->index()
#4 C:\wamp64\www\proyecto\system\CodeIgniter.php(419): CodeIgniter\CodeIgniter->runController(Object(App\Controllers\Home))
#5 C:\wamp64\www\proyecto\system\CodeIgniter.php(326): CodeIgniter\CodeIgniter->handleRequest(NULL, Object(Config\Cache), false)
#6 C:\wamp64\www\proyecto\index.php(37): CodeIgniter\CodeIgniter->run()
#7 {main}
CRITICAL - 2022-04-15 12:33:58 --> Invalid file: welcome_message.php
#0 C:\wamp64\www\proyecto\system\View\View.php(198): CodeIgniter\Exceptions\FrameworkException::forInvalidFile('welcome_message...')
#1 C:\wamp64\www\proyecto\system\Common.php(1089): CodeIgniter\View\View->render('welcome_message', Array, true)
#2 C:\wamp64\www\proyecto\app\Controllers\Home.php(9): view('welcome_message')
#3 C:\wamp64\www\proyecto\system\CodeIgniter.php(832): App\Controllers\Home->index()
#4 C:\wamp64\www\proyecto\system\CodeIgniter.php(419): CodeIgniter\CodeIgniter->runController(Object(App\Controllers\Home))
#5 C:\wamp64\www\proyecto\system\CodeIgniter.php(326): CodeIgniter\CodeIgniter->handleRequest(NULL, Object(Config\Cache), false)
#6 C:\wamp64\www\proyecto\index.php(37): CodeIgniter\CodeIgniter->run()
#7 {main}
CRITICAL - 2022-04-15 12:34:15 --> Invalid file: welcome_message.php
#0 C:\wamp64\www\proyecto\system\View\View.php(198): CodeIgniter\Exceptions\FrameworkException::forInvalidFile('welcome_message...')
#1 C:\wamp64\www\proyecto\system\Common.php(1089): CodeIgniter\View\View->render('welcome_message', Array, true)
#2 C:\wamp64\www\proyecto\app\Controllers\Home.php(9): view('welcome_message')
#3 C:\wamp64\www\proyecto\system\CodeIgniter.php(832): App\Controllers\Home->index()
#4 C:\wamp64\www\proyecto\system\CodeIgniter.php(419): CodeIgniter\CodeIgniter->runController(Object(App\Controllers\Home))
#5 C:\wamp64\www\proyecto\system\CodeIgniter.php(326): CodeIgniter\CodeIgniter->handleRequest(NULL, Object(Config\Cache), false)
#6 C:\wamp64\www\proyecto\index.php(37): CodeIgniter\CodeIgniter->run()
#7 {main}
CRITICAL - 2022-04-15 12:34:15 --> Invalid file: welcome_message.php
#0 C:\wamp64\www\proyecto\system\View\View.php(198): CodeIgniter\Exceptions\FrameworkException::forInvalidFile('welcome_message...')
#1 C:\wamp64\www\proyecto\system\Common.php(1089): CodeIgniter\View\View->render('welcome_message', Array, true)
#2 C:\wamp64\www\proyecto\app\Controllers\Home.php(9): view('welcome_message')
#3 C:\wamp64\www\proyecto\system\CodeIgniter.php(832): App\Controllers\Home->index()
#4 C:\wamp64\www\proyecto\system\CodeIgniter.php(419): CodeIgniter\CodeIgniter->runController(Object(App\Controllers\Home))
#5 C:\wamp64\www\proyecto\system\CodeIgniter.php(326): CodeIgniter\CodeIgniter->handleRequest(NULL, Object(Config\Cache), false)
#6 C:\wamp64\www\proyecto\index.php(37): CodeIgniter\CodeIgniter->run()
#7 {main}
CRITICAL - 2022-04-15 12:34:16 --> Invalid file: welcome_message.php
#0 C:\wamp64\www\proyecto\system\View\View.php(198): CodeIgniter\Exceptions\FrameworkException::forInvalidFile('welcome_message...')
#1 C:\wamp64\www\proyecto\system\Common.php(1089): CodeIgniter\View\View->render('welcome_message', Array, true)
#2 C:\wamp64\www\proyecto\app\Controllers\Home.php(9): view('welcome_message')
#3 C:\wamp64\www\proyecto\system\CodeIgniter.php(832): App\Controllers\Home->index()
#4 C:\wamp64\www\proyecto\system\CodeIgniter.php(419): CodeIgniter\CodeIgniter->runController(Object(App\Controllers\Home))
#5 C:\wamp64\www\proyecto\system\CodeIgniter.php(326): CodeIgniter\CodeIgniter->handleRequest(NULL, Object(Config\Cache), false)
#6 C:\wamp64\www\proyecto\index.php(37): CodeIgniter\CodeIgniter->run()
#7 {main}
CRITICAL - 2022-04-15 12:34:16 --> Invalid file: welcome_message.php
#0 C:\wamp64\www\proyecto\system\View\View.php(198): CodeIgniter\Exceptions\FrameworkException::forInvalidFile('welcome_message...')
#1 C:\wamp64\www\proyecto\system\Common.php(1089): CodeIgniter\View\View->render('welcome_message', Array, true)
#2 C:\wamp64\www\proyecto\app\Controllers\Home.php(9): view('welcome_message')
#3 C:\wamp64\www\proyecto\system\CodeIgniter.php(832): App\Controllers\Home->index()
#4 C:\wamp64\www\proyecto\system\CodeIgniter.php(419): CodeIgniter\CodeIgniter->runController(Object(App\Controllers\Home))
#5 C:\wamp64\www\proyecto\system\CodeIgniter.php(326): CodeIgniter\CodeIgniter->handleRequest(NULL, Object(Config\Cache), false)
#6 C:\wamp64\www\proyecto\index.php(37): CodeIgniter\CodeIgniter->run()
#7 {main}
CRITICAL - 2022-04-15 12:35:54 --> Invalid file: principal.php
#0 C:\wamp64\www\proyecto\system\View\View.php(198): CodeIgniter\Exceptions\FrameworkException::forInvalidFile('principal.php')
#1 C:\wamp64\www\proyecto\system\Common.php(1089): CodeIgniter\View\View->render('principal', Array, true)
#2 C:\wamp64\www\proyecto\app\Controllers\Home.php(14): view('principal')
#3 C:\wamp64\www\proyecto\system\CodeIgniter.php(832): App\Controllers\Home->index()
#4 C:\wamp64\www\proyecto\system\CodeIgniter.php(419): CodeIgniter\CodeIgniter->runController(Object(App\Controllers\Home))
#5 C:\wamp64\www\proyecto\system\CodeIgniter.php(326): CodeIgniter\CodeIgniter->handleRequest(NULL, Object(Config\Cache), false)
#6 C:\wamp64\www\proyecto\index.php(37): CodeIgniter\CodeIgniter->run()
#7 {main}
CRITICAL - 2022-04-15 12:52:25 --> Invalid file: comercializacion.php
#0 C:\wamp64\www\proyecto\system\View\View.php(198): CodeIgniter\Exceptions\FrameworkException::forInvalidFile('comercializacio...')
#1 C:\wamp64\www\proyecto\system\Common.php(1089): CodeIgniter\View\View->render('comercializacio...', Array, true)
#2 C:\wamp64\www\proyecto\app\Controllers\Home.php(43): view('comercializacio...')
#3 C:\wamp64\www\proyecto\system\CodeIgniter.php(832): App\Controllers\Home->comercializacion()
#4 C:\wamp64\www\proyecto\system\CodeIgniter.php(419): CodeIgniter\CodeIgniter->runController(Object(App\Controllers\Home))
#5 C:\wamp64\www\proyecto\system\CodeIgniter.php(326): CodeIgniter\CodeIgniter->handleRequest(NULL, Object(Config\Cache), false)
#6 C:\wamp64\www\proyecto\index.php(37): CodeIgniter\CodeIgniter->run()
#7 {main}
CRITICAL - 2022-04-15 12:52:27 --> Invalid file: comercializacion.php
#0 C:\wamp64\www\proyecto\system\View\View.php(198): CodeIgniter\Exceptions\FrameworkException::forInvalidFile('comercializacio...')
#1 C:\wamp64\www\proyecto\system\Common.php(1089): CodeIgniter\View\View->render('comercializacio...', Array, true)
#2 C:\wamp64\www\proyecto\app\Controllers\Home.php(43): view('comercializacio...')
#3 C:\wamp64\www\proyecto\system\CodeIgniter.php(832): App\Controllers\Home->comercializacion()
#4 C:\wamp64\www\proyecto\system\CodeIgniter.php(419): CodeIgniter\CodeIgniter->runController(Object(App\Controllers\Home))
#5 C:\wamp64\www\proyecto\system\CodeIgniter.php(326): CodeIgniter\CodeIgniter->handleRequest(NULL, Object(Config\Cache), false)
#6 C:\wamp64\www\proyecto\index.php(37): CodeIgniter\CodeIgniter->run()
#7 {main}
CRITICAL - 2022-04-15 12:53:16 --> Invalid file: comercializacion.php
#0 C:\wamp64\www\proyecto\system\View\View.php(198): CodeIgniter\Exceptions\FrameworkException::forInvalidFile('comercializacio...')
#1 C:\wamp64\www\proyecto\system\Common.php(1089): CodeIgniter\View\View->render('comercializacio...', Array, true)
#2 C:\wamp64\www\proyecto\app\Controllers\Home.php(43): view('comercializacio...')
#3 C:\wamp64\www\proyecto\system\CodeIgniter.php(832): App\Controllers\Home->comercializacion()
#4 C:\wamp64\www\proyecto\system\CodeIgniter.php(419): CodeIgniter\CodeIgniter->runController(Object(App\Controllers\Home))
#5 C:\wamp64\www\proyecto\system\CodeIgniter.php(326): CodeIgniter\CodeIgniter->handleRequest(NULL, Object(Config\Cache), false)
#6 C:\wamp64\www\proyecto\index.php(37): CodeIgniter\CodeIgniter->run()
#7 {main}
CRITICAL - 2022-04-15 12:55:03 --> Invalid file: comercializacion.php
#0 C:\wamp64\www\proyecto\system\View\View.php(198): CodeIgniter\Exceptions\FrameworkException::forInvalidFile('comercializacio...')
#1 C:\wamp64\www\proyecto\system\Common.php(1089): CodeIgniter\View\View->render('comercializacio...', Array, true)
#2 C:\wamp64\www\proyecto\app\Controllers\Home.php(43): view('comercializacio...')
#3 C:\wamp64\www\proyecto\system\CodeIgniter.php(832): App\Controllers\Home->comercializacion()
#4 C:\wamp64\www\proyecto\system\CodeIgniter.php(419): CodeIgniter\CodeIgniter->runController(Object(App\Controllers\Home))
#5 C:\wamp64\www\proyecto\system\CodeIgniter.php(326): CodeIgniter\CodeIgniter->handleRequest(NULL, Object(Config\Cache), false)
#6 C:\wamp64\www\proyecto\index.php(37): CodeIgniter\CodeIgniter->run()
#7 {main}
CRITICAL - 2022-04-15 12:56:39 --> Invalid file: terminos_usos.php
#0 C:\wamp64\www\proyecto\system\View\View.php(198): CodeIgniter\Exceptions\FrameworkException::forInvalidFile('terminos_usos.p...')
#1 C:\wamp64\www\proyecto\system\Common.php(1089): CodeIgniter\View\View->render('terminos_usos', Array, true)
#2 C:\wamp64\www\proyecto\app\Controllers\Home.php(71): view('terminos_usos')
#3 C:\wamp64\www\proyecto\system\CodeIgniter.php(832): App\Controllers\Home->terminos_usos()
#4 C:\wamp64\www\proyecto\system\CodeIgniter.php(419): CodeIgniter\CodeIgniter->runController(Object(App\Controllers\Home))
#5 C:\wamp64\www\proyecto\system\CodeIgniter.php(326): CodeIgniter\CodeIgniter->handleRequest(NULL, Object(Config\Cache), false)
#6 C:\wamp64\www\proyecto\index.php(37): CodeIgniter\CodeIgniter->run()
#7 {main}
CRITICAL - 2022-04-15 12:57:03 --> Invalid file: terminos_usos.php
#0 C:\wamp64\www\proyecto\system\View\View.php(198): CodeIgniter\Exceptions\FrameworkException::forInvalidFile('terminos_usos.p...')
#1 C:\wamp64\www\proyecto\system\Common.php(1089): CodeIgniter\View\View->render('terminos_usos', Array, true)
#2 C:\wamp64\www\proyecto\app\Controllers\Home.php(71): view('terminos_usos')
#3 C:\wamp64\www\proyecto\system\CodeIgniter.php(832): App\Controllers\Home->terminos_usos()
#4 C:\wamp64\www\proyecto\system\CodeIgniter.php(419): CodeIgniter\CodeIgniter->runController(Object(App\Controllers\Home))
#5 C:\wamp64\www\proyecto\system\CodeIgniter.php(326): CodeIgniter\CodeIgniter->handleRequest(NULL, Object(Config\Cache), false)
#6 C:\wamp64\www\proyecto\index.php(37): CodeIgniter\CodeIgniter->run()
#7 {main}
