CRITICAL - 2024-10-30 10:13:42 --> Undefined array key "hora"
#0 C:\xampp\htdocs\MercaditoJyR\app\Views\comprasXcliente\ListaCompras_view.php(25): CodeIgniter\Debug\Exceptions->errorHandler(2, 'Undefined array...', 'C:\\xampp\\htdocs...', 25)
#1 C:\xampp\htdocs\MercaditoJyR\system\View\View.php(210): include('C:\\xampp\\htdocs...')
#2 C:\xampp\htdocs\MercaditoJyR\system\View\View.php(213): CodeIgniter\View\View->CodeIgniter\View\{closure}()
#3 C:\xampp\htdocs\MercaditoJyR\system\Common.php(1089): CodeIgniter\View\View->render('comprasXcliente...', Array, true)
#4 C:\xampp\htdocs\MercaditoJyR\app\Controllers\Carrito_controller.php(61): view('comprasXcliente...', Array)
#5 C:\xampp\htdocs\MercaditoJyR\system\CodeIgniter.php(832): App\Controllers\Carrito_controller->ListComprasCabeceraCliente('57')
#6 C:\xampp\htdocs\MercaditoJyR\system\CodeIgniter.php(419): CodeIgniter\CodeIgniter->runController(Object(App\Controllers\Carrito_controller))
#7 C:\xampp\htdocs\MercaditoJyR\system\CodeIgniter.php(326): CodeIgniter\CodeIgniter->handleRequest(NULL, Object(Config\Cache), false)
#8 C:\xampp\htdocs\MercaditoJyR\index.php(45): CodeIgniter\CodeIgniter->run()
#9 {main}
ERROR - 2024-10-30 10:26:29 --> Unknown column 'u.hora' in 'field list'
CRITICAL - 2024-10-30 10:26:29 --> Unknown column 'u.hora' in 'field list'
#0 C:\xampp\htdocs\MercaditoJyR\system\Database\MySQLi\Connection.php(292): mysqli->query('SELECT `u`.`id`...', 0)
#1 C:\xampp\htdocs\MercaditoJyR\system\Database\BaseConnection.php(670): CodeIgniter\Database\MySQLi\Connection->execute('SELECT `u`.`id`...')
#2 C:\xampp\htdocs\MercaditoJyR\system\Database\BaseConnection.php(598): CodeIgniter\Database\BaseConnection->simpleQuery('SELECT `u`.`id`...')
#3 C:\xampp\htdocs\MercaditoJyR\system\Database\BaseBuilder.php(1455): CodeIgniter\Database\BaseConnection->query('SELECT `u`.`id`...', Array, false)
#4 C:\xampp\htdocs\MercaditoJyR\app\Controllers\Carrito_controller.php(52): CodeIgniter\Database\BaseBuilder->get()
#5 C:\xampp\htdocs\MercaditoJyR\system\CodeIgniter.php(832): App\Controllers\Carrito_controller->ListComprasCabeceraCliente('57')
#6 C:\xampp\htdocs\MercaditoJyR\system\CodeIgniter.php(419): CodeIgniter\CodeIgniter->runController(Object(App\Controllers\Carrito_controller))
#7 C:\xampp\htdocs\MercaditoJyR\system\CodeIgniter.php(326): CodeIgniter\CodeIgniter->handleRequest(NULL, Object(Config\Cache), false)
#8 C:\xampp\htdocs\MercaditoJyR\index.php(45): CodeIgniter\CodeIgniter->run()
#9 {main}
ERROR - 2024-10-30 10:28:48 --> Unknown column 'u.hora' in 'field list'
CRITICAL - 2024-10-30 10:28:48 --> Unknown column 'u.hora' in 'field list'
#0 C:\xampp\htdocs\MercaditoJyR\system\Database\MySQLi\Connection.php(292): mysqli->query('SELECT `u`.`id`...', 0)
#1 C:\xampp\htdocs\MercaditoJyR\system\Database\BaseConnection.php(670): CodeIgniter\Database\MySQLi\Connection->execute('SELECT `u`.`id`...')
#2 C:\xampp\htdocs\MercaditoJyR\system\Database\BaseConnection.php(598): CodeIgniter\Database\BaseConnection->simpleQuery('SELECT `u`.`id`...')
#3 C:\xampp\htdocs\MercaditoJyR\system\Database\BaseBuilder.php(1455): CodeIgniter\Database\BaseConnection->query('SELECT `u`.`id`...', Array, false)
#4 C:\xampp\htdocs\MercaditoJyR\app\Controllers\Carrito_controller.php(52): CodeIgniter\Database\BaseBuilder->get()
#5 C:\xampp\htdocs\MercaditoJyR\system\CodeIgniter.php(832): App\Controllers\Carrito_controller->ListComprasCabeceraCliente('57')
#6 C:\xampp\htdocs\MercaditoJyR\system\CodeIgniter.php(419): CodeIgniter\CodeIgniter->runController(Object(App\Controllers\Carrito_controller))
#7 C:\xampp\htdocs\MercaditoJyR\system\CodeIgniter.php(326): CodeIgniter\CodeIgniter->handleRequest(NULL, Object(Config\Cache), false)
#8 C:\xampp\htdocs\MercaditoJyR\index.php(45): CodeIgniter\CodeIgniter->run()
#9 {main}
CRITICAL - 2024-10-30 10:29:09 --> Undefined array key "hora"
#0 C:\xampp\htdocs\MercaditoJyR\app\Views\comprasXcliente\ListaCompras_view.php(25): CodeIgniter\Debug\Exceptions->errorHandler(2, 'Undefined array...', 'C:\\xampp\\htdocs...', 25)
#1 C:\xampp\htdocs\MercaditoJyR\system\View\View.php(210): include('C:\\xampp\\htdocs...')
#2 C:\xampp\htdocs\MercaditoJyR\system\View\View.php(213): CodeIgniter\View\View->CodeIgniter\View\{closure}()
#3 C:\xampp\htdocs\MercaditoJyR\system\Common.php(1089): CodeIgniter\View\View->render('comprasXcliente...', Array, true)
#4 C:\xampp\htdocs\MercaditoJyR\app\Controllers\Carrito_controller.php(61): view('comprasXcliente...', Array)
#5 C:\xampp\htdocs\MercaditoJyR\system\CodeIgniter.php(832): App\Controllers\Carrito_controller->ListComprasCabeceraCliente('57')
#6 C:\xampp\htdocs\MercaditoJyR\system\CodeIgniter.php(419): CodeIgniter\CodeIgniter->runController(Object(App\Controllers\Carrito_controller))
#7 C:\xampp\htdocs\MercaditoJyR\system\CodeIgniter.php(326): CodeIgniter\CodeIgniter->handleRequest(NULL, Object(Config\Cache), false)
#8 C:\xampp\htdocs\MercaditoJyR\index.php(45): CodeIgniter\CodeIgniter->run()
#9 {main}
ERROR - 2024-10-30 10:34:59 --> Unknown column 'u.hora' in 'field list'
CRITICAL - 2024-10-30 10:34:59 --> Unknown column 'u.hora' in 'field list'
#0 C:\xampp\htdocs\MercaditoJyR\system\Database\MySQLi\Connection.php(292): mysqli->query('SELECT `u`.`id`...', 0)
#1 C:\xampp\htdocs\MercaditoJyR\system\Database\BaseConnection.php(670): CodeIgniter\Database\MySQLi\Connection->execute('SELECT `u`.`id`...')
#2 C:\xampp\htdocs\MercaditoJyR\system\Database\BaseConnection.php(598): CodeIgniter\Database\BaseConnection->simpleQuery('SELECT `u`.`id`...')
#3 C:\xampp\htdocs\MercaditoJyR\system\Database\BaseBuilder.php(1455): CodeIgniter\Database\BaseConnection->query('SELECT `u`.`id`...', Array, false)
#4 C:\xampp\htdocs\MercaditoJyR\app\Controllers\Carrito_controller.php(53): CodeIgniter\Database\BaseBuilder->get()
#5 C:\xampp\htdocs\MercaditoJyR\system\CodeIgniter.php(832): App\Controllers\Carrito_controller->ListComprasCabeceraCliente('57')
#6 C:\xampp\htdocs\MercaditoJyR\system\CodeIgniter.php(419): CodeIgniter\CodeIgniter->runController(Object(App\Controllers\Carrito_controller))
#7 C:\xampp\htdocs\MercaditoJyR\system\CodeIgniter.php(326): CodeIgniter\CodeIgniter->handleRequest(NULL, Object(Config\Cache), false)
#8 C:\xampp\htdocs\MercaditoJyR\index.php(45): CodeIgniter\CodeIgniter->run()
#9 {main}
CRITICAL - 2024-10-30 10:44:27 --> Undefined array key "hora"
#0 C:\xampp\htdocs\MercaditoJyR\app\Views\comprasXcliente\ListaCompras_view.php(25): CodeIgniter\Debug\Exceptions->errorHandler(2, 'Undefined array...', 'C:\\xampp\\htdocs...', 25)
#1 C:\xampp\htdocs\MercaditoJyR\system\View\View.php(210): include('C:\\xampp\\htdocs...')
#2 C:\xampp\htdocs\MercaditoJyR\system\View\View.php(213): CodeIgniter\View\View->CodeIgniter\View\{closure}()
#3 C:\xampp\htdocs\MercaditoJyR\system\Common.php(1089): CodeIgniter\View\View->render('comprasXcliente...', Array, true)
#4 C:\xampp\htdocs\MercaditoJyR\app\Controllers\Carrito_controller.php(63): view('comprasXcliente...', Array)
#5 C:\xampp\htdocs\MercaditoJyR\system\CodeIgniter.php(832): App\Controllers\Carrito_controller->ListComprasCabeceraCliente('57')
#6 C:\xampp\htdocs\MercaditoJyR\system\CodeIgniter.php(419): CodeIgniter\CodeIgniter->runController(Object(App\Controllers\Carrito_controller))
#7 C:\xampp\htdocs\MercaditoJyR\system\CodeIgniter.php(326): CodeIgniter\CodeIgniter->handleRequest(NULL, Object(Config\Cache), false)
#8 C:\xampp\htdocs\MercaditoJyR\index.php(45): CodeIgniter\CodeIgniter->run()
#9 {main}
CRITICAL - 2024-10-30 11:00:43 --> Trying to access array offset on value of type null
#0 C:\xampp\htdocs\MercaditoJyR\app\Views\admin\editarProducto_view.php(17): CodeIgniter\Debug\Exceptions->errorHandler(2, 'Trying to acces...', 'C:\\xampp\\htdocs...', 17)
#1 C:\xampp\htdocs\MercaditoJyR\system\View\View.php(210): include('C:\\xampp\\htdocs...')
#2 C:\xampp\htdocs\MercaditoJyR\system\View\View.php(213): CodeIgniter\View\View->CodeIgniter\View\{closure}()
#3 C:\xampp\htdocs\MercaditoJyR\system\Common.php(1089): CodeIgniter\View\View->render('admin/editarPro...', Array, true)
#4 C:\xampp\htdocs\MercaditoJyR\app\Controllers\Producto_controller.php(133): view('admin/editarPro...', Array)
#5 C:\xampp\htdocs\MercaditoJyR\system\CodeIgniter.php(832): App\Controllers\Producto_controller->getProductoEdit('45')
#6 C:\xampp\htdocs\MercaditoJyR\system\CodeIgniter.php(419): CodeIgniter\CodeIgniter->runController(Object(App\Controllers\Producto_controller))
#7 C:\xampp\htdocs\MercaditoJyR\system\CodeIgniter.php(326): CodeIgniter\CodeIgniter->handleRequest(NULL, Object(Config\Cache), false)
#8 C:\xampp\htdocs\MercaditoJyR\index.php(45): CodeIgniter\CodeIgniter->run()
#9 {main}
CRITICAL - 2024-10-30 11:00:59 --> Trying to access array offset on value of type null
#0 C:\xampp\htdocs\MercaditoJyR\app\Views\admin\editarProducto_view.php(17): CodeIgniter\Debug\Exceptions->errorHandler(2, 'Trying to acces...', 'C:\\xampp\\htdocs...', 17)
#1 C:\xampp\htdocs\MercaditoJyR\system\View\View.php(210): include('C:\\xampp\\htdocs...')
#2 C:\xampp\htdocs\MercaditoJyR\system\View\View.php(213): CodeIgniter\View\View->CodeIgniter\View\{closure}()
#3 C:\xampp\htdocs\MercaditoJyR\system\Common.php(1089): CodeIgniter\View\View->render('admin/editarPro...', Array, true)
#4 C:\xampp\htdocs\MercaditoJyR\app\Controllers\Producto_controller.php(133): view('admin/editarPro...', Array)
#5 C:\xampp\htdocs\MercaditoJyR\system\CodeIgniter.php(832): App\Controllers\Producto_controller->getProductoEdit('45')
#6 C:\xampp\htdocs\MercaditoJyR\system\CodeIgniter.php(419): CodeIgniter\CodeIgniter->runController(Object(App\Controllers\Producto_controller))
#7 C:\xampp\htdocs\MercaditoJyR\system\CodeIgniter.php(326): CodeIgniter\CodeIgniter->handleRequest(NULL, Object(Config\Cache), false)
#8 C:\xampp\htdocs\MercaditoJyR\index.php(45): CodeIgniter\CodeIgniter->run()
#9 {main}
CRITICAL - 2024-10-30 11:01:01 --> Trying to access array offset on value of type null
#0 C:\xampp\htdocs\MercaditoJyR\app\Views\admin\editarProducto_view.php(17): CodeIgniter\Debug\Exceptions->errorHandler(2, 'Trying to acces...', 'C:\\xampp\\htdocs...', 17)
#1 C:\xampp\htdocs\MercaditoJyR\system\View\View.php(210): include('C:\\xampp\\htdocs...')
#2 C:\xampp\htdocs\MercaditoJyR\system\View\View.php(213): CodeIgniter\View\View->CodeIgniter\View\{closure}()
#3 C:\xampp\htdocs\MercaditoJyR\system\Common.php(1089): CodeIgniter\View\View->render('admin/editarPro...', Array, true)
#4 C:\xampp\htdocs\MercaditoJyR\app\Controllers\Producto_controller.php(133): view('admin/editarPro...', Array)
#5 C:\xampp\htdocs\MercaditoJyR\system\CodeIgniter.php(832): App\Controllers\Producto_controller->getProductoEdit('45')
#6 C:\xampp\htdocs\MercaditoJyR\system\CodeIgniter.php(419): CodeIgniter\CodeIgniter->runController(Object(App\Controllers\Producto_controller))
#7 C:\xampp\htdocs\MercaditoJyR\system\CodeIgniter.php(326): CodeIgniter\CodeIgniter->handleRequest(NULL, Object(Config\Cache), false)
#8 C:\xampp\htdocs\MercaditoJyR\index.php(45): CodeIgniter\CodeIgniter->run()
#9 {main}
CRITICAL - 2024-10-30 11:50:07 --> Undefined array key "hora"
#0 C:\xampp\htdocs\MercaditoJyR\app\Views\comprasXcliente\ListaCompras_view.php(30): CodeIgniter\Debug\Exceptions->errorHandler(2, 'Undefined array...', 'C:\\xampp\\htdocs...', 30)
#1 C:\xampp\htdocs\MercaditoJyR\system\View\View.php(210): include('C:\\xampp\\htdocs...')
#2 C:\xampp\htdocs\MercaditoJyR\system\View\View.php(213): CodeIgniter\View\View->CodeIgniter\View\{closure}()
#3 C:\xampp\htdocs\MercaditoJyR\system\Common.php(1089): CodeIgniter\View\View->render('comprasXcliente...', Array, true)
#4 C:\xampp\htdocs\MercaditoJyR\app\Controllers\Carrito_controller.php(34): view('comprasXcliente...', Array)
#5 C:\xampp\htdocs\MercaditoJyR\system\CodeIgniter.php(832): App\Controllers\Carrito_controller->ListComprasCabecera()
#6 C:\xampp\htdocs\MercaditoJyR\system\CodeIgniter.php(419): CodeIgniter\CodeIgniter->runController(Object(App\Controllers\Carrito_controller))
#7 C:\xampp\htdocs\MercaditoJyR\system\CodeIgniter.php(326): CodeIgniter\CodeIgniter->handleRequest(NULL, Object(Config\Cache), false)
#8 C:\xampp\htdocs\MercaditoJyR\index.php(45): CodeIgniter\CodeIgniter->run()
#9 {main}
CRITICAL - 2024-10-30 16:22:32 --> Undefined array key "total_venta"
#0 C:\xampp\htdocs\MercaditoJyR\app\Views\comprasXcliente\CompraDetalle_view.php(45): CodeIgniter\Debug\Exceptions->errorHandler(2, 'Undefined array...', 'C:\\xampp\\htdocs...', 45)
#1 C:\xampp\htdocs\MercaditoJyR\system\View\View.php(210): include('C:\\xampp\\htdocs...')
#2 C:\xampp\htdocs\MercaditoJyR\system\View\View.php(213): CodeIgniter\View\View->CodeIgniter\View\{closure}()
#3 C:\xampp\htdocs\MercaditoJyR\system\Common.php(1089): CodeIgniter\View\View->render('comprasXcliente...', Array, true)
#4 C:\xampp\htdocs\MercaditoJyR\app\Controllers\Carrito_controller.php(82): view('comprasXcliente...', Array)
#5 C:\xampp\htdocs\MercaditoJyR\system\CodeIgniter.php(832): App\Controllers\Carrito_controller->ListCompraDetalle('2')
#6 C:\xampp\htdocs\MercaditoJyR\system\CodeIgniter.php(419): CodeIgniter\CodeIgniter->runController(Object(App\Controllers\Carrito_controller))
#7 C:\xampp\htdocs\MercaditoJyR\system\CodeIgniter.php(326): CodeIgniter\CodeIgniter->handleRequest(NULL, Object(Config\Cache), false)
#8 C:\xampp\htdocs\MercaditoJyR\index.php(45): CodeIgniter\CodeIgniter->run()
#9 {main}
CRITICAL - 2024-10-30 19:25:26 --> syntax error, unexpected identifier "session", expecting "function" or "const"
#0 C:\xampp\htdocs\MercaditoJyR\system\Autoloader\Autoloader.php(241): CodeIgniter\Autoloader\Autoloader->includeFile('C:\\xampp\\htdocs...')
#1 C:\xampp\htdocs\MercaditoJyR\system\Autoloader\Autoloader.php(219): CodeIgniter\Autoloader\Autoloader->loadInNamespace('App\\Controllers...')
#2 [internal function]: CodeIgniter\Autoloader\Autoloader->loadClass('App\\Controllers...')
#3 C:\xampp\htdocs\MercaditoJyR\system\CodeIgniter.php(797): class_exists('\\App\\Controller...', true)
#4 C:\xampp\htdocs\MercaditoJyR\system\CodeIgniter.php(406): CodeIgniter\CodeIgniter->startController()
#5 C:\xampp\htdocs\MercaditoJyR\system\CodeIgniter.php(326): CodeIgniter\CodeIgniter->handleRequest(NULL, Object(Config\Cache), false)
#6 C:\xampp\htdocs\MercaditoJyR\index.php(45): CodeIgniter\CodeIgniter->run()
#7 {main}
CRITICAL - 2024-10-30 19:25:51 --> syntax error, unexpected identifier "session", expecting "function" or "const"
#0 C:\xampp\htdocs\MercaditoJyR\system\Autoloader\Autoloader.php(241): CodeIgniter\Autoloader\Autoloader->includeFile('C:\\xampp\\htdocs...')
#1 C:\xampp\htdocs\MercaditoJyR\system\Autoloader\Autoloader.php(219): CodeIgniter\Autoloader\Autoloader->loadInNamespace('App\\Controllers...')
#2 [internal function]: CodeIgniter\Autoloader\Autoloader->loadClass('App\\Controllers...')
#3 C:\xampp\htdocs\MercaditoJyR\system\CodeIgniter.php(797): class_exists('\\App\\Controller...', true)
#4 C:\xampp\htdocs\MercaditoJyR\system\CodeIgniter.php(406): CodeIgniter\CodeIgniter->startController()
#5 C:\xampp\htdocs\MercaditoJyR\system\CodeIgniter.php(326): CodeIgniter\CodeIgniter->handleRequest(NULL, Object(Config\Cache), false)
#6 C:\xampp\htdocs\MercaditoJyR\index.php(45): CodeIgniter\CodeIgniter->run()
#7 {main}
CRITICAL - 2024-10-30 19:25:57 --> syntax error, unexpected identifier "session", expecting "function" or "const"
#0 C:\xampp\htdocs\MercaditoJyR\system\Autoloader\Autoloader.php(241): CodeIgniter\Autoloader\Autoloader->includeFile('C:\\xampp\\htdocs...')
#1 C:\xampp\htdocs\MercaditoJyR\system\Autoloader\Autoloader.php(219): CodeIgniter\Autoloader\Autoloader->loadInNamespace('App\\Controllers...')
#2 [internal function]: CodeIgniter\Autoloader\Autoloader->loadClass('App\\Controllers...')
#3 C:\xampp\htdocs\MercaditoJyR\system\CodeIgniter.php(797): class_exists('\\App\\Controller...', true)
#4 C:\xampp\htdocs\MercaditoJyR\system\CodeIgniter.php(406): CodeIgniter\CodeIgniter->startController()
#5 C:\xampp\htdocs\MercaditoJyR\system\CodeIgniter.php(326): CodeIgniter\CodeIgniter->handleRequest(NULL, Object(Config\Cache), false)
#6 C:\xampp\htdocs\MercaditoJyR\index.php(45): CodeIgniter\CodeIgniter->run()
#7 {main}
CRITICAL - 2024-10-30 19:26:12 --> syntax error, unexpected identifier "session", expecting "function" or "const"
#0 C:\xampp\htdocs\MercaditoJyR\system\Autoloader\Autoloader.php(241): CodeIgniter\Autoloader\Autoloader->includeFile('C:\\xampp\\htdocs...')
#1 C:\xampp\htdocs\MercaditoJyR\system\Autoloader\Autoloader.php(219): CodeIgniter\Autoloader\Autoloader->loadInNamespace('App\\Controllers...')
#2 [internal function]: CodeIgniter\Autoloader\Autoloader->loadClass('App\\Controllers...')
#3 C:\xampp\htdocs\MercaditoJyR\system\CodeIgniter.php(797): class_exists('\\App\\Controller...', true)
#4 C:\xampp\htdocs\MercaditoJyR\system\CodeIgniter.php(406): CodeIgniter\CodeIgniter->startController()
#5 C:\xampp\htdocs\MercaditoJyR\system\CodeIgniter.php(326): CodeIgniter\CodeIgniter->handleRequest(NULL, Object(Config\Cache), false)
#6 C:\xampp\htdocs\MercaditoJyR\index.php(45): CodeIgniter\CodeIgniter->run()
#7 {main}
CRITICAL - 2024-10-30 20:02:23 --> Call to undefined method App\Controllers\Carrito_controller::itemYaEnCarrito()
#0 C:\xampp\htdocs\MercaditoJyR\system\CodeIgniter.php(832): App\Controllers\Carrito_controller->productosAgregados()
#1 C:\xampp\htdocs\MercaditoJyR\system\CodeIgniter.php(419): CodeIgniter\CodeIgniter->runController(Object(App\Controllers\Carrito_controller))
#2 C:\xampp\htdocs\MercaditoJyR\system\CodeIgniter.php(326): CodeIgniter\CodeIgniter->handleRequest(NULL, Object(Config\Cache), false)
#3 C:\xampp\htdocs\MercaditoJyR\index.php(45): CodeIgniter\CodeIgniter->run()
#4 {main}
CRITICAL - 2024-10-30 20:05:34 --> syntax error, unexpected variable "$carrito", expecting "function" or "const"
#0 C:\xampp\htdocs\MercaditoJyR\system\Autoloader\Autoloader.php(241): CodeIgniter\Autoloader\Autoloader->includeFile('C:\\xampp\\htdocs...')
#1 C:\xampp\htdocs\MercaditoJyR\system\Autoloader\Autoloader.php(219): CodeIgniter\Autoloader\Autoloader->loadInNamespace('App\\Controllers...')
#2 [internal function]: CodeIgniter\Autoloader\Autoloader->loadClass('App\\Controllers...')
#3 C:\xampp\htdocs\MercaditoJyR\system\CodeIgniter.php(797): class_exists('\\App\\Controller...', true)
#4 C:\xampp\htdocs\MercaditoJyR\system\CodeIgniter.php(406): CodeIgniter\CodeIgniter->startController()
#5 C:\xampp\htdocs\MercaditoJyR\system\CodeIgniter.php(326): CodeIgniter\CodeIgniter->handleRequest(NULL, Object(Config\Cache), false)
#6 C:\xampp\htdocs\MercaditoJyR\index.php(45): CodeIgniter\CodeIgniter->run()
#7 {main}
CRITICAL - 2024-10-30 20:07:28 --> syntax error, unexpected variable "$data", expecting "function" or "const"
#0 C:\xampp\htdocs\MercaditoJyR\system\Autoloader\Autoloader.php(241): CodeIgniter\Autoloader\Autoloader->includeFile('C:\\xampp\\htdocs...')
#1 C:\xampp\htdocs\MercaditoJyR\system\Autoloader\Autoloader.php(219): CodeIgniter\Autoloader\Autoloader->loadInNamespace('App\\Controllers...')
#2 [internal function]: CodeIgniter\Autoloader\Autoloader->loadClass('App\\Controllers...')
#3 C:\xampp\htdocs\MercaditoJyR\system\CodeIgniter.php(797): class_exists('\\App\\Controller...', true)
#4 C:\xampp\htdocs\MercaditoJyR\system\CodeIgniter.php(406): CodeIgniter\CodeIgniter->startController()
#5 C:\xampp\htdocs\MercaditoJyR\system\CodeIgniter.php(326): CodeIgniter\CodeIgniter->handleRequest(NULL, Object(Config\Cache), false)
#6 C:\xampp\htdocs\MercaditoJyR\index.php(45): CodeIgniter\CodeIgniter->run()
#7 {main}
CRITICAL - 2024-10-30 20:09:05 --> syntax error, unexpected variable "$data", expecting "function" or "const"
#0 C:\xampp\htdocs\MercaditoJyR\system\Autoloader\Autoloader.php(241): CodeIgniter\Autoloader\Autoloader->includeFile('C:\\xampp\\htdocs...')
#1 C:\xampp\htdocs\MercaditoJyR\system\Autoloader\Autoloader.php(219): CodeIgniter\Autoloader\Autoloader->loadInNamespace('App\\Controllers...')
#2 [internal function]: CodeIgniter\Autoloader\Autoloader->loadClass('App\\Controllers...')
#3 C:\xampp\htdocs\MercaditoJyR\system\CodeIgniter.php(797): class_exists('\\App\\Controller...', true)
#4 C:\xampp\htdocs\MercaditoJyR\system\CodeIgniter.php(406): CodeIgniter\CodeIgniter->startController()
#5 C:\xampp\htdocs\MercaditoJyR\system\CodeIgniter.php(326): CodeIgniter\CodeIgniter->handleRequest(NULL, Object(Config\Cache), false)
#6 C:\xampp\htdocs\MercaditoJyR\index.php(45): CodeIgniter\CodeIgniter->run()
#7 {main}
CRITICAL - 2024-10-30 20:09:14 --> syntax error, unexpected variable "$data", expecting "function" or "const"
#0 C:\xampp\htdocs\MercaditoJyR\system\Autoloader\Autoloader.php(241): CodeIgniter\Autoloader\Autoloader->includeFile('C:\\xampp\\htdocs...')
#1 C:\xampp\htdocs\MercaditoJyR\system\Autoloader\Autoloader.php(219): CodeIgniter\Autoloader\Autoloader->loadInNamespace('App\\Controllers...')
#2 [internal function]: CodeIgniter\Autoloader\Autoloader->loadClass('App\\Controllers...')
#3 C:\xampp\htdocs\MercaditoJyR\system\CodeIgniter.php(797): class_exists('\\App\\Controller...', true)
#4 C:\xampp\htdocs\MercaditoJyR\system\CodeIgniter.php(406): CodeIgniter\CodeIgniter->startController()
#5 C:\xampp\htdocs\MercaditoJyR\system\CodeIgniter.php(326): CodeIgniter\CodeIgniter->handleRequest(NULL, Object(Config\Cache), false)
#6 C:\xampp\htdocs\MercaditoJyR\index.php(45): CodeIgniter\CodeIgniter->run()
#7 {main}
CRITICAL - 2024-10-30 20:10:16 --> Array to string conversion
#0 C:\xampp\htdocs\MercaditoJyR\app\Controllers\Carrito_controller.php(98): CodeIgniter\Debug\Exceptions->errorHandler(2, 'Array to string...', 'C:\\xampp\\htdocs...', 98)
#1 C:\xampp\htdocs\MercaditoJyR\system\CodeIgniter.php(832): App\Controllers\Carrito_controller->productosAgregados()
#2 C:\xampp\htdocs\MercaditoJyR\system\CodeIgniter.php(419): CodeIgniter\CodeIgniter->runController(Object(App\Controllers\Carrito_controller))
#3 C:\xampp\htdocs\MercaditoJyR\system\CodeIgniter.php(326): CodeIgniter\CodeIgniter->handleRequest(NULL, Object(Config\Cache), false)
#4 C:\xampp\htdocs\MercaditoJyR\index.php(45): CodeIgniter\CodeIgniter->run()
#5 {main}
CRITICAL - 2024-10-30 20:10:59 --> Object of class CodeIgniterCart\Cart could not be converted to string
#0 C:\xampp\htdocs\MercaditoJyR\system\CodeIgniter.php(832): App\Controllers\Carrito_controller->productosAgregados()
#1 C:\xampp\htdocs\MercaditoJyR\system\CodeIgniter.php(419): CodeIgniter\CodeIgniter->runController(Object(App\Controllers\Carrito_controller))
#2 C:\xampp\htdocs\MercaditoJyR\system\CodeIgniter.php(326): CodeIgniter\CodeIgniter->handleRequest(NULL, Object(Config\Cache), false)
#3 C:\xampp\htdocs\MercaditoJyR\index.php(45): CodeIgniter\CodeIgniter->run()
#4 {main}
CRITICAL - 2024-10-30 20:23:01 --> syntax error, unexpected token ","
#0 C:\xampp\htdocs\MercaditoJyR\system\View\View.php(213): CodeIgniter\View\View->CodeIgniter\View\{closure}()
#1 C:\xampp\htdocs\MercaditoJyR\system\Common.php(1089): CodeIgniter\View\View->render('carrito/Product...', Array, true)
#2 C:\xampp\htdocs\MercaditoJyR\app\Controllers\Carrito_controller.php(99): view('carrito/Product...', Array)
#3 C:\xampp\htdocs\MercaditoJyR\system\CodeIgniter.php(832): App\Controllers\Carrito_controller->productosAgregados()
#4 C:\xampp\htdocs\MercaditoJyR\system\CodeIgniter.php(419): CodeIgniter\CodeIgniter->runController(Object(App\Controllers\Carrito_controller))
#5 C:\xampp\htdocs\MercaditoJyR\system\CodeIgniter.php(326): CodeIgniter\CodeIgniter->handleRequest(NULL, Object(Config\Cache), false)
#6 C:\xampp\htdocs\MercaditoJyR\index.php(45): CodeIgniter\CodeIgniter->run()
#7 {main}
CRITICAL - 2024-10-30 21:27:24 --> Trying to access array offset on value of type null
#0 C:\xampp\htdocs\MercaditoJyR\app\Controllers\Carrito_controller.php(149): CodeIgniter\Debug\Exceptions->errorHandler(2, 'Trying to acces...', 'C:\\xampp\\htdocs...', 149)
#1 C:\xampp\htdocs\MercaditoJyR\system\CodeIgniter.php(832): App\Controllers\Carrito_controller->actualiza_carrito()
#2 C:\xampp\htdocs\MercaditoJyR\system\CodeIgniter.php(419): CodeIgniter\CodeIgniter->runController(Object(App\Controllers\Carrito_controller))
#3 C:\xampp\htdocs\MercaditoJyR\system\CodeIgniter.php(326): CodeIgniter\CodeIgniter->handleRequest(NULL, Object(Config\Cache), false)
#4 C:\xampp\htdocs\MercaditoJyR\index.php(45): CodeIgniter\CodeIgniter->run()
#5 {main}
CRITICAL - 2024-10-30 21:35:26 --> Trying to access array offset on value of type null
#0 C:\xampp\htdocs\MercaditoJyR\app\Controllers\Carrito_controller.php(143): CodeIgniter\Debug\Exceptions->errorHandler(2, 'Trying to acces...', 'C:\\xampp\\htdocs...', 143)
#1 C:\xampp\htdocs\MercaditoJyR\system\CodeIgniter.php(832): App\Controllers\Carrito_controller->actualiza_carrito()
#2 C:\xampp\htdocs\MercaditoJyR\system\CodeIgniter.php(419): CodeIgniter\CodeIgniter->runController(Object(App\Controllers\Carrito_controller))
#3 C:\xampp\htdocs\MercaditoJyR\system\CodeIgniter.php(326): CodeIgniter\CodeIgniter->handleRequest(NULL, Object(Config\Cache), false)
#4 C:\xampp\htdocs\MercaditoJyR\index.php(45): CodeIgniter\CodeIgniter->run()
#5 {main}
CRITICAL - 2024-10-30 21:43:43 --> syntax error, unexpected token "echo", expecting variable or "{" or "$"
#0 C:\xampp\htdocs\MercaditoJyR\system\View\View.php(213): CodeIgniter\View\View->CodeIgniter\View\{closure}()
#1 C:\xampp\htdocs\MercaditoJyR\system\Common.php(1089): CodeIgniter\View\View->render('carrito/Product...', Array, true)
#2 C:\xampp\htdocs\MercaditoJyR\app\Controllers\Carrito_controller.php(92): view('carrito/Product...', Array)
#3 C:\xampp\htdocs\MercaditoJyR\system\CodeIgniter.php(832): App\Controllers\Carrito_controller->productosAgregados()
#4 C:\xampp\htdocs\MercaditoJyR\system\CodeIgniter.php(419): CodeIgniter\CodeIgniter->runController(Object(App\Controllers\Carrito_controller))
#5 C:\xampp\htdocs\MercaditoJyR\system\CodeIgniter.php(326): CodeIgniter\CodeIgniter->handleRequest(NULL, Object(Config\Cache), false)
#6 C:\xampp\htdocs\MercaditoJyR\index.php(45): CodeIgniter\CodeIgniter->run()
#7 {main}
