CRITICAL - 2024-05-21 00:34:24 --> Call to undefined function CodeIgniter\locale_set_default()
#0 C:\xampp\htdocs\Taller1Completo\system\bootstrap.php(146): CodeIgniter\CodeIgniter->initialize()
#1 C:\xampp\htdocs\Taller1Completo\index.php(28): require('C:\\xampp\\htdocs...')
#2 {main}
CRITICAL - 2024-05-21 00:35:04 --> Call to undefined function CodeIgniter\locale_set_default()
#0 C:\xampp\htdocs\Taller1Completo\system\bootstrap.php(146): CodeIgniter\CodeIgniter->initialize()
#1 C:\xampp\htdocs\Taller1Completo\index.php(28): require('C:\\xampp\\htdocs...')
#2 {main}
CRITICAL - 2024-05-21 00:35:05 --> Call to undefined function CodeIgniter\locale_set_default()
#0 C:\xampp\htdocs\Taller1Completo\system\bootstrap.php(146): CodeIgniter\CodeIgniter->initialize()
#1 C:\xampp\htdocs\Taller1Completo\index.php(28): require('C:\\xampp\\htdocs...')
#2 {main}
CRITICAL - 2024-05-21 00:51:30 --> Call to undefined function CodeIgniter\locale_set_default()
#0 C:\xampp\htdocs\Taller1Completo\system\bootstrap.php(146): CodeIgniter\CodeIgniter->initialize()
#1 C:\xampp\htdocs\Taller1Completo\public\index.php(36): require('C:\\xampp\\htdocs...')
#2 {main}
CRITICAL - 2024-05-21 00:51:32 --> Call to undefined function CodeIgniter\locale_set_default()
#0 C:\xampp\htdocs\Taller1Completo\system\bootstrap.php(146): CodeIgniter\CodeIgniter->initialize()
#1 C:\xampp\htdocs\Taller1Completo\public\index.php(36): require('C:\\xampp\\htdocs...')
#2 {main}
CRITICAL - 2024-05-21 00:51:32 --> Call to undefined function CodeIgniter\locale_set_default()
#0 C:\xampp\htdocs\Taller1Completo\system\bootstrap.php(146): CodeIgniter\CodeIgniter->initialize()
#1 C:\xampp\htdocs\Taller1Completo\public\index.php(36): require('C:\\xampp\\htdocs...')
#2 {main}
CRITICAL - 2024-05-21 00:51:33 --> Call to undefined function CodeIgniter\locale_set_default()
#0 C:\xampp\htdocs\Taller1Completo\system\bootstrap.php(146): CodeIgniter\CodeIgniter->initialize()
#1 C:\xampp\htdocs\Taller1Completo\public\index.php(36): require('C:\\xampp\\htdocs...')
#2 {main}
CRITICAL - 2024-05-21 00:55:44 --> Call to undefined function CodeIgniter\locale_set_default()
#0 C:\xampp\htdocs\Taller1Completo\system\bootstrap.php(146): CodeIgniter\CodeIgniter->initialize()
#1 C:\xampp\htdocs\Taller1Completo\public\index.php(36): require('C:\\xampp\\htdocs...')
#2 {main}
CRITICAL - 2024-05-21 01:04:15 --> Call to undefined function CodeIgniter\locale_set_default()
#0 C:\xampp\htdocs\Taller1Completo\system\bootstrap.php(146): CodeIgniter\CodeIgniter->initialize()
#1 C:\xampp\htdocs\Taller1Completo\public\index.php(36): require('C:\\xampp\\htdocs...')
#2 {main}
CRITICAL - 2024-05-21 01:04:43 --> Call to undefined function CodeIgniter\locale_set_default()
#0 C:\xampp\htdocs\Taller1Completo\system\bootstrap.php(146): CodeIgniter\CodeIgniter->initialize()
#1 C:\xampp\htdocs\Taller1Completo\public\index.php(36): require('C:\\xampp\\htdocs...')
#2 {main}
CRITICAL - 2024-05-21 01:05:33 --> Call to undefined function CodeIgniter\locale_set_default()
#0 C:\xampp\htdocs\Taller1Completo\system\bootstrap.php(146): CodeIgniter\CodeIgniter->initialize()
#1 C:\xampp\htdocs\Taller1Completo\public\index.php(36): require('C:\\xampp\\htdocs...')
#2 {main}
CRITICAL - 2024-05-21 01:05:35 --> Call to undefined function CodeIgniter\locale_set_default()
#0 C:\xampp\htdocs\Taller1Completo\system\bootstrap.php(146): CodeIgniter\CodeIgniter->initialize()
#1 C:\xampp\htdocs\Taller1Completo\public\index.php(36): require('C:\\xampp\\htdocs...')
#2 {main}
CRITICAL - 2024-05-21 01:06:46 --> Call to undefined function CodeIgniter\locale_set_default()
#0 C:\xampp\htdocs\Taller1Completo\system\bootstrap.php(146): CodeIgniter\CodeIgniter->initialize()
#1 C:\xampp\htdocs\Taller1Completo\public\index.php(36): require('C:\\xampp\\htdocs...')
#2 {main}
CRITICAL - 2024-05-21 01:07:56 --> Call to undefined function CodeIgniter\locale_set_default()
#0 C:\xampp\htdocs\Taller1Completo\system\bootstrap.php(146): CodeIgniter\CodeIgniter->initialize()
#1 C:\xampp\htdocs\Taller1Completo\public\index.php(36): require('C:\\xampp\\htdocs...')
#2 {main}
CRITICAL - 2024-05-21 01:20:26 --> Call to undefined function CodeIgniter\locale_set_default()
#0 C:\xampp\htdocs\Taller1Completo\system\bootstrap.php(146): CodeIgniter\CodeIgniter->initialize()
#1 C:\xampp\htdocs\Taller1Completo\public\index.php(36): require('C:\\xampp\\htdocs...')
#2 {main}
CRITICAL - 2024-05-21 01:20:27 --> Call to undefined function CodeIgniter\locale_set_default()
#0 C:\xampp\htdocs\Taller1Completo\system\bootstrap.php(146): CodeIgniter\CodeIgniter->initialize()
#1 C:\xampp\htdocs\Taller1Completo\public\index.php(36): require('C:\\xampp\\htdocs...')
#2 {main}
CRITICAL - 2024-05-21 01:25:36 --> Call to undefined function CodeIgniter\locale_set_default()
#0 C:\xampp\htdocs\Taller1Completo\system\bootstrap.php(146): CodeIgniter\CodeIgniter->initialize()
#1 C:\xampp\htdocs\Taller1Completo\public\index.php(36): require('C:\\xampp\\htdocs...')
#2 {main}
CRITICAL - 2024-05-21 01:37:38 --> Call to undefined function CodeIgniter\locale_set_default()
#0 C:\xampp\htdocs\Taller1Completo\system\bootstrap.php(146): CodeIgniter\CodeIgniter->initialize()
#1 C:\xampp\htdocs\Taller1Completo\index.php(36): require('C:\\xampp\\htdocs...')
#2 {main}
CRITICAL - 2024-05-21 01:37:41 --> Call to undefined function CodeIgniter\locale_set_default()
#0 C:\xampp\htdocs\Taller1Completo\system\bootstrap.php(146): CodeIgniter\CodeIgniter->initialize()
#1 C:\xampp\htdocs\Taller1Completo\index.php(36): require('C:\\xampp\\htdocs...')
#2 {main}
