CRITICAL - 2024-06-13 08:48:12 --> Invalid file: usuarios/registrarse.php
#0 C:\xampp\htdocs\proyecto_huici_raul\system\View\View.php(198): CodeIgniter\Exceptions\FrameworkException::forInvalidFile('usuarios/regist...')
#1 C:\xampp\htdocs\proyecto_huici_raul\system\Common.php(1089): CodeIgniter\View\View->render('usuarios/regist...', Array, true)
#2 C:\xampp\htdocs\proyecto_huici_raul\app\Controllers\Usuario_controller.php(17): view('usuarios/regist...')
#3 C:\xampp\htdocs\proyecto_huici_raul\system\CodeIgniter.php(832): App\Controllers\Usuario_controller->create()
#4 C:\xampp\htdocs\proyecto_huici_raul\system\CodeIgniter.php(419): CodeIgniter\CodeIgniter->runController(Object(App\Controllers\Usuario_controller))
#5 C:\xampp\htdocs\proyecto_huici_raul\system\CodeIgniter.php(326): CodeIgniter\CodeIgniter->handleRequest(NULL, Object(Config\Cache), false)
#6 C:\xampp\htdocs\proyecto_huici_raul\index.php(45): CodeIgniter\CodeIgniter->run()
#7 {main}
CRITICAL - 2024-06-13 08:49:27 --> Invalid file: usuarios/registrarse.php
#0 C:\xampp\htdocs\proyecto_huici_raul\system\View\View.php(198): CodeIgniter\Exceptions\FrameworkException::forInvalidFile('usuarios/regist...')
#1 C:\xampp\htdocs\proyecto_huici_raul\system\Common.php(1089): CodeIgniter\View\View->render('usuarios/regist...', Array, true)
#2 C:\xampp\htdocs\proyecto_huici_raul\app\Controllers\Usuario_controller.php(17): view('usuarios/regist...')
#3 C:\xampp\htdocs\proyecto_huici_raul\system\CodeIgniter.php(832): App\Controllers\Usuario_controller->create()
#4 C:\xampp\htdocs\proyecto_huici_raul\system\CodeIgniter.php(419): CodeIgniter\CodeIgniter->runController(Object(App\Controllers\Usuario_controller))
#5 C:\xampp\htdocs\proyecto_huici_raul\system\CodeIgniter.php(326): CodeIgniter\CodeIgniter->handleRequest(NULL, Object(Config\Cache), false)
#6 C:\xampp\htdocs\proyecto_huici_raul\index.php(45): CodeIgniter\CodeIgniter->run()
#7 {main}
CRITICAL - 2024-06-13 08:50:38 --> Invalid file: SingUp/SingUp.php
#0 C:\xampp\htdocs\proyecto_huici_raul\system\View\View.php(198): CodeIgniter\Exceptions\FrameworkException::forInvalidFile('SingUp/SingUp.p...')
#1 C:\xampp\htdocs\proyecto_huici_raul\system\Common.php(1089): CodeIgniter\View\View->render('SingUp/SingUp', Array, true)
#2 C:\xampp\htdocs\proyecto_huici_raul\app\Controllers\Usuario_controller.php(17): view('SingUp/SingUp')
#3 C:\xampp\htdocs\proyecto_huici_raul\system\CodeIgniter.php(832): App\Controllers\Usuario_controller->create()
#4 C:\xampp\htdocs\proyecto_huici_raul\system\CodeIgniter.php(419): CodeIgniter\CodeIgniter->runController(Object(App\Controllers\Usuario_controller))
#5 C:\xampp\htdocs\proyecto_huici_raul\system\CodeIgniter.php(326): CodeIgniter\CodeIgniter->handleRequest(NULL, Object(Config\Cache), false)
#6 C:\xampp\htdocs\proyecto_huici_raul\index.php(45): CodeIgniter\CodeIgniter->run()
#7 {main}
CRITICAL - 2024-06-13 08:50:42 --> Invalid file: SingUp/SingUp.php
#0 C:\xampp\htdocs\proyecto_huici_raul\system\View\View.php(198): CodeIgniter\Exceptions\FrameworkException::forInvalidFile('SingUp/SingUp.p...')
#1 C:\xampp\htdocs\proyecto_huici_raul\system\Common.php(1089): CodeIgniter\View\View->render('SingUp/SingUp', Array, true)
#2 C:\xampp\htdocs\proyecto_huici_raul\app\Controllers\Usuario_controller.php(17): view('SingUp/SingUp')
#3 C:\xampp\htdocs\proyecto_huici_raul\system\CodeIgniter.php(832): App\Controllers\Usuario_controller->create()
#4 C:\xampp\htdocs\proyecto_huici_raul\system\CodeIgniter.php(419): CodeIgniter\CodeIgniter->runController(Object(App\Controllers\Usuario_controller))
#5 C:\xampp\htdocs\proyecto_huici_raul\system\CodeIgniter.php(326): CodeIgniter\CodeIgniter->handleRequest(NULL, Object(Config\Cache), false)
#6 C:\xampp\htdocs\proyecto_huici_raul\index.php(45): CodeIgniter\CodeIgniter->run()
#7 {main}
