CRITICAL - 2022-05-29 15:03:19 --> Invalid file: Usuario/registrarse.php
#0 C:\xampp\htdocs\AlcarazOjedaLeandro-P1\system\View\View.php(198): CodeIgniter\Exceptions\FrameworkException::forInvalidFile('Usuario/registr...')
#1 C:\xampp\htdocs\AlcarazOjedaLeandro-P1\system\Common.php(1089): CodeIgniter\View\View->render('Usuario/registr...', Array, true)
#2 C:\xampp\htdocs\AlcarazOjedaLeandro-P1\app\Controllers\Usuario_controller.php(38): view('Usuario/registr...', Array)
#3 C:\xampp\htdocs\AlcarazOjedaLeandro-P1\system\CodeIgniter.php(832): App\Controllers\Usuario_controller->formValidation()
#4 C:\xampp\htdocs\AlcarazOjedaLeandro-P1\system\CodeIgniter.php(419): CodeIgniter\CodeIgniter->runController(Object(App\Controllers\Usuario_controller))
#5 C:\xampp\htdocs\AlcarazOjedaLeandro-P1\system\CodeIgniter.php(326): CodeIgniter\CodeIgniter->handleRequest(NULL, Object(Config\Cache), false)
#6 C:\xampp\htdocs\AlcarazOjedaLeandro-P1\index.php(37): CodeIgniter\CodeIgniter->run()
#7 {main}
CRITICAL - 2022-05-29 15:05:14 --> Invalid file: usuario/registrarse.php
#0 C:\xampp\htdocs\AlcarazOjedaLeandro-P1\system\View\View.php(198): CodeIgniter\Exceptions\FrameworkException::forInvalidFile('usuario/registr...')
#1 C:\xampp\htdocs\AlcarazOjedaLeandro-P1\system\Common.php(1089): CodeIgniter\View\View->render('usuario/registr...', Array, true)
#2 C:\xampp\htdocs\AlcarazOjedaLeandro-P1\app\Controllers\Usuario_controller.php(38): view('usuario/registr...', Array)
#3 C:\xampp\htdocs\AlcarazOjedaLeandro-P1\system\CodeIgniter.php(832): App\Controllers\Usuario_controller->formValidation()
#4 C:\xampp\htdocs\AlcarazOjedaLeandro-P1\system\CodeIgniter.php(419): CodeIgniter\CodeIgniter->runController(Object(App\Controllers\Usuario_controller))
#5 C:\xampp\htdocs\AlcarazOjedaLeandro-P1\system\CodeIgniter.php(326): CodeIgniter\CodeIgniter->handleRequest(NULL, Object(Config\Cache), false)
#6 C:\xampp\htdocs\AlcarazOjedaLeandro-P1\index.php(37): CodeIgniter\CodeIgniter->run()
#7 {main}
CRITICAL - 2022-05-29 15:49:41 --> syntax error, unexpected string content "", expecting "-" or identifier or variable or number
#0 C:\xampp\htdocs\AlcarazOjedaLeandro-P1\system\View\View.php(213): CodeIgniter\View\View->CodeIgniter\View\{closure}()
#1 C:\xampp\htdocs\AlcarazOjedaLeandro-P1\system\Common.php(1089): CodeIgniter\View\View->render('back/usuario/us...', Array, true)
#2 C:\xampp\htdocs\AlcarazOjedaLeandro-P1\app\Controllers\Datatable_controller.php(16): view('back/usuario/us...', Array)
#3 C:\xampp\htdocs\AlcarazOjedaLeandro-P1\system\CodeIgniter.php(832): App\Controllers\Datatable_controller->index()
#4 C:\xampp\htdocs\AlcarazOjedaLeandro-P1\system\CodeIgniter.php(419): CodeIgniter\CodeIgniter->runController(Object(App\Controllers\Datatable_controller))
#5 C:\xampp\htdocs\AlcarazOjedaLeandro-P1\system\CodeIgniter.php(326): CodeIgniter\CodeIgniter->handleRequest(NULL, Object(Config\Cache), false)
#6 C:\xampp\htdocs\AlcarazOjedaLeandro-P1\index.php(37): CodeIgniter\CodeIgniter->run()
#7 {main}
CRITICAL - 2022-05-29 15:51:15 --> syntax error, unexpected identifier "id", expecting ")"
#0 C:\xampp\htdocs\AlcarazOjedaLeandro-P1\system\View\View.php(213): CodeIgniter\View\View->CodeIgniter\View\{closure}()
#1 C:\xampp\htdocs\AlcarazOjedaLeandro-P1\system\Common.php(1089): CodeIgniter\View\View->render('back/usuario/us...', Array, true)
#2 C:\xampp\htdocs\AlcarazOjedaLeandro-P1\app\Controllers\Datatable_controller.php(16): view('back/usuario/us...', Array)
#3 C:\xampp\htdocs\AlcarazOjedaLeandro-P1\system\CodeIgniter.php(832): App\Controllers\Datatable_controller->index()
#4 C:\xampp\htdocs\AlcarazOjedaLeandro-P1\system\CodeIgniter.php(419): CodeIgniter\CodeIgniter->runController(Object(App\Controllers\Datatable_controller))
#5 C:\xampp\htdocs\AlcarazOjedaLeandro-P1\system\CodeIgniter.php(326): CodeIgniter\CodeIgniter->handleRequest(NULL, Object(Config\Cache), false)
#6 C:\xampp\htdocs\AlcarazOjedaLeandro-P1\index.php(37): CodeIgniter\CodeIgniter->run()
#7 {main}
CRITICAL - 2022-05-29 15:51:17 --> syntax error, unexpected identifier "id", expecting ")"
#0 C:\xampp\htdocs\AlcarazOjedaLeandro-P1\system\View\View.php(213): CodeIgniter\View\View->CodeIgniter\View\{closure}()
#1 C:\xampp\htdocs\AlcarazOjedaLeandro-P1\system\Common.php(1089): CodeIgniter\View\View->render('back/usuario/us...', Array, true)
#2 C:\xampp\htdocs\AlcarazOjedaLeandro-P1\app\Controllers\Datatable_controller.php(16): view('back/usuario/us...', Array)
#3 C:\xampp\htdocs\AlcarazOjedaLeandro-P1\system\CodeIgniter.php(832): App\Controllers\Datatable_controller->index()
#4 C:\xampp\htdocs\AlcarazOjedaLeandro-P1\system\CodeIgniter.php(419): CodeIgniter\CodeIgniter->runController(Object(App\Controllers\Datatable_controller))
#5 C:\xampp\htdocs\AlcarazOjedaLeandro-P1\system\CodeIgniter.php(326): CodeIgniter\CodeIgniter->handleRequest(NULL, Object(Config\Cache), false)
#6 C:\xampp\htdocs\AlcarazOjedaLeandro-P1\index.php(37): CodeIgniter\CodeIgniter->run()
#7 {main}
CRITICAL - 2022-05-29 15:52:48 --> Attempt to read property "id" on array
#0 C:\xampp\htdocs\AlcarazOjedaLeandro-P1\app\Views\back\usuario\usuarios_view.php(37): CodeIgniter\Debug\Exceptions->errorHandler(2, 'Attempt to read...', 'C:\\xampp\\htdocs...', 37)
#1 C:\xampp\htdocs\AlcarazOjedaLeandro-P1\system\View\View.php(210): include('C:\\xampp\\htdocs...')
#2 C:\xampp\htdocs\AlcarazOjedaLeandro-P1\system\View\View.php(213): CodeIgniter\View\View->CodeIgniter\View\{closure}()
#3 C:\xampp\htdocs\AlcarazOjedaLeandro-P1\system\Common.php(1089): CodeIgniter\View\View->render('back/usuario/us...', Array, true)
#4 C:\xampp\htdocs\AlcarazOjedaLeandro-P1\app\Controllers\Datatable_controller.php(16): view('back/usuario/us...', Array)
#5 C:\xampp\htdocs\AlcarazOjedaLeandro-P1\system\CodeIgniter.php(832): App\Controllers\Datatable_controller->index()
#6 C:\xampp\htdocs\AlcarazOjedaLeandro-P1\system\CodeIgniter.php(419): CodeIgniter\CodeIgniter->runController(Object(App\Controllers\Datatable_controller))
#7 C:\xampp\htdocs\AlcarazOjedaLeandro-P1\system\CodeIgniter.php(326): CodeIgniter\CodeIgniter->handleRequest(NULL, Object(Config\Cache), false)
#8 C:\xampp\htdocs\AlcarazOjedaLeandro-P1\index.php(37): CodeIgniter\CodeIgniter->run()
#9 {main}
CRITICAL - 2022-05-29 15:52:49 --> Attempt to read property "id" on array
#0 C:\xampp\htdocs\AlcarazOjedaLeandro-P1\app\Views\back\usuario\usuarios_view.php(37): CodeIgniter\Debug\Exceptions->errorHandler(2, 'Attempt to read...', 'C:\\xampp\\htdocs...', 37)
#1 C:\xampp\htdocs\AlcarazOjedaLeandro-P1\system\View\View.php(210): include('C:\\xampp\\htdocs...')
#2 C:\xampp\htdocs\AlcarazOjedaLeandro-P1\system\View\View.php(213): CodeIgniter\View\View->CodeIgniter\View\{closure}()
#3 C:\xampp\htdocs\AlcarazOjedaLeandro-P1\system\Common.php(1089): CodeIgniter\View\View->render('back/usuario/us...', Array, true)
#4 C:\xampp\htdocs\AlcarazOjedaLeandro-P1\app\Controllers\Datatable_controller.php(16): view('back/usuario/us...', Array)
#5 C:\xampp\htdocs\AlcarazOjedaLeandro-P1\system\CodeIgniter.php(832): App\Controllers\Datatable_controller->index()
#6 C:\xampp\htdocs\AlcarazOjedaLeandro-P1\system\CodeIgniter.php(419): CodeIgniter\CodeIgniter->runController(Object(App\Controllers\Datatable_controller))
#7 C:\xampp\htdocs\AlcarazOjedaLeandro-P1\system\CodeIgniter.php(326): CodeIgniter\CodeIgniter->handleRequest(NULL, Object(Config\Cache), false)
#8 C:\xampp\htdocs\AlcarazOjedaLeandro-P1\index.php(37): CodeIgniter\CodeIgniter->run()
#9 {main}
CRITICAL - 2022-05-29 15:53:35 --> syntax error, unexpected string content "", expecting "-" or identifier or variable or number
#0 C:\xampp\htdocs\AlcarazOjedaLeandro-P1\system\View\View.php(213): CodeIgniter\View\View->CodeIgniter\View\{closure}()
#1 C:\xampp\htdocs\AlcarazOjedaLeandro-P1\system\Common.php(1089): CodeIgniter\View\View->render('back/usuario/us...', Array, true)
#2 C:\xampp\htdocs\AlcarazOjedaLeandro-P1\app\Controllers\Datatable_controller.php(16): view('back/usuario/us...', Array)
#3 C:\xampp\htdocs\AlcarazOjedaLeandro-P1\system\CodeIgniter.php(832): App\Controllers\Datatable_controller->index()
#4 C:\xampp\htdocs\AlcarazOjedaLeandro-P1\system\CodeIgniter.php(419): CodeIgniter\CodeIgniter->runController(Object(App\Controllers\Datatable_controller))
#5 C:\xampp\htdocs\AlcarazOjedaLeandro-P1\system\CodeIgniter.php(326): CodeIgniter\CodeIgniter->handleRequest(NULL, Object(Config\Cache), false)
#6 C:\xampp\htdocs\AlcarazOjedaLeandro-P1\index.php(37): CodeIgniter\CodeIgniter->run()
#7 {main}
CRITICAL - 2022-05-29 15:53:38 --> syntax error, unexpected string content "", expecting "-" or identifier or variable or number
#0 C:\xampp\htdocs\AlcarazOjedaLeandro-P1\system\View\View.php(213): CodeIgniter\View\View->CodeIgniter\View\{closure}()
#1 C:\xampp\htdocs\AlcarazOjedaLeandro-P1\system\Common.php(1089): CodeIgniter\View\View->render('back/usuario/us...', Array, true)
#2 C:\xampp\htdocs\AlcarazOjedaLeandro-P1\app\Controllers\Datatable_controller.php(16): view('back/usuario/us...', Array)
#3 C:\xampp\htdocs\AlcarazOjedaLeandro-P1\system\CodeIgniter.php(832): App\Controllers\Datatable_controller->index()
#4 C:\xampp\htdocs\AlcarazOjedaLeandro-P1\system\CodeIgniter.php(419): CodeIgniter\CodeIgniter->runController(Object(App\Controllers\Datatable_controller))
#5 C:\xampp\htdocs\AlcarazOjedaLeandro-P1\system\CodeIgniter.php(326): CodeIgniter\CodeIgniter->handleRequest(NULL, Object(Config\Cache), false)
#6 C:\xampp\htdocs\AlcarazOjedaLeandro-P1\index.php(37): CodeIgniter\CodeIgniter->run()
#7 {main}
CRITICAL - 2022-05-29 16:07:04 --> Unmatched '}'
#0 C:\xampp\htdocs\AlcarazOjedaLeandro-P1\system\View\View.php(213): CodeIgniter\View\View->CodeIgniter\View\{closure}()
#1 C:\xampp\htdocs\AlcarazOjedaLeandro-P1\system\Common.php(1089): CodeIgniter\View\View->render('back/usuario/us...', Array, true)
#2 C:\xampp\htdocs\AlcarazOjedaLeandro-P1\app\Controllers\Datatable_controller.php(16): view('back/usuario/us...', Array)
#3 C:\xampp\htdocs\AlcarazOjedaLeandro-P1\system\CodeIgniter.php(832): App\Controllers\Datatable_controller->index()
#4 C:\xampp\htdocs\AlcarazOjedaLeandro-P1\system\CodeIgniter.php(419): CodeIgniter\CodeIgniter->runController(Object(App\Controllers\Datatable_controller))
#5 C:\xampp\htdocs\AlcarazOjedaLeandro-P1\system\CodeIgniter.php(326): CodeIgniter\CodeIgniter->handleRequest(NULL, Object(Config\Cache), false)
#6 C:\xampp\htdocs\AlcarazOjedaLeandro-P1\index.php(37): CodeIgniter\CodeIgniter->run()
#7 {main}
CRITICAL - 2022-05-29 16:07:06 --> Unmatched '}'
#0 C:\xampp\htdocs\AlcarazOjedaLeandro-P1\system\View\View.php(213): CodeIgniter\View\View->CodeIgniter\View\{closure}()
#1 C:\xampp\htdocs\AlcarazOjedaLeandro-P1\system\Common.php(1089): CodeIgniter\View\View->render('back/usuario/us...', Array, true)
#2 C:\xampp\htdocs\AlcarazOjedaLeandro-P1\app\Controllers\Datatable_controller.php(16): view('back/usuario/us...', Array)
#3 C:\xampp\htdocs\AlcarazOjedaLeandro-P1\system\CodeIgniter.php(832): App\Controllers\Datatable_controller->index()
#4 C:\xampp\htdocs\AlcarazOjedaLeandro-P1\system\CodeIgniter.php(419): CodeIgniter\CodeIgniter->runController(Object(App\Controllers\Datatable_controller))
#5 C:\xampp\htdocs\AlcarazOjedaLeandro-P1\system\CodeIgniter.php(326): CodeIgniter\CodeIgniter->handleRequest(NULL, Object(Config\Cache), false)
#6 C:\xampp\htdocs\AlcarazOjedaLeandro-P1\index.php(37): CodeIgniter\CodeIgniter->run()
#7 {main}
CRITICAL - 2022-05-29 16:10:39 --> Undefined variable $id
#0 C:\xampp\htdocs\AlcarazOjedaLeandro-P1\app\Views\back\usuario\usuarios_view.php(38): CodeIgniter\Debug\Exceptions->errorHandler(2, 'Undefined varia...', 'C:\\xampp\\htdocs...', 38)
#1 C:\xampp\htdocs\AlcarazOjedaLeandro-P1\system\View\View.php(210): include('C:\\xampp\\htdocs...')
#2 C:\xampp\htdocs\AlcarazOjedaLeandro-P1\system\View\View.php(213): CodeIgniter\View\View->CodeIgniter\View\{closure}()
#3 C:\xampp\htdocs\AlcarazOjedaLeandro-P1\system\Common.php(1089): CodeIgniter\View\View->render('back/usuario/us...', Array, true)
#4 C:\xampp\htdocs\AlcarazOjedaLeandro-P1\app\Controllers\Datatable_controller.php(16): view('back/usuario/us...', Array)
#5 C:\xampp\htdocs\AlcarazOjedaLeandro-P1\system\CodeIgniter.php(832): App\Controllers\Datatable_controller->index()
#6 C:\xampp\htdocs\AlcarazOjedaLeandro-P1\system\CodeIgniter.php(419): CodeIgniter\CodeIgniter->runController(Object(App\Controllers\Datatable_controller))
#7 C:\xampp\htdocs\AlcarazOjedaLeandro-P1\system\CodeIgniter.php(326): CodeIgniter\CodeIgniter->handleRequest(NULL, Object(Config\Cache), false)
#8 C:\xampp\htdocs\AlcarazOjedaLeandro-P1\index.php(37): CodeIgniter\CodeIgniter->run()
#9 {main}
CRITICAL - 2022-05-29 16:17:51 --> Attempt to read property "id" on array
#0 C:\xampp\htdocs\AlcarazOjedaLeandro-P1\app\Views\back\usuario\usuarios_view.php(38): CodeIgniter\Debug\Exceptions->errorHandler(2, 'Attempt to read...', 'C:\\xampp\\htdocs...', 38)
#1 C:\xampp\htdocs\AlcarazOjedaLeandro-P1\system\View\View.php(210): include('C:\\xampp\\htdocs...')
#2 C:\xampp\htdocs\AlcarazOjedaLeandro-P1\system\View\View.php(213): CodeIgniter\View\View->CodeIgniter\View\{closure}()
#3 C:\xampp\htdocs\AlcarazOjedaLeandro-P1\system\Common.php(1089): CodeIgniter\View\View->render('back/usuario/us...', Array, true)
#4 C:\xampp\htdocs\AlcarazOjedaLeandro-P1\app\Controllers\Datatable_controller.php(16): view('back/usuario/us...', Array)
#5 C:\xampp\htdocs\AlcarazOjedaLeandro-P1\system\CodeIgniter.php(832): App\Controllers\Datatable_controller->index()
#6 C:\xampp\htdocs\AlcarazOjedaLeandro-P1\system\CodeIgniter.php(419): CodeIgniter\CodeIgniter->runController(Object(App\Controllers\Datatable_controller))
#7 C:\xampp\htdocs\AlcarazOjedaLeandro-P1\system\CodeIgniter.php(326): CodeIgniter\CodeIgniter->handleRequest(NULL, Object(Config\Cache), false)
#8 C:\xampp\htdocs\AlcarazOjedaLeandro-P1\index.php(37): CodeIgniter\CodeIgniter->run()
#9 {main}
CRITICAL - 2022-05-29 16:17:53 --> Attempt to read property "id" on array
#0 C:\xampp\htdocs\AlcarazOjedaLeandro-P1\app\Views\back\usuario\usuarios_view.php(38): CodeIgniter\Debug\Exceptions->errorHandler(2, 'Attempt to read...', 'C:\\xampp\\htdocs...', 38)
#1 C:\xampp\htdocs\AlcarazOjedaLeandro-P1\system\View\View.php(210): include('C:\\xampp\\htdocs...')
#2 C:\xampp\htdocs\AlcarazOjedaLeandro-P1\system\View\View.php(213): CodeIgniter\View\View->CodeIgniter\View\{closure}()
#3 C:\xampp\htdocs\AlcarazOjedaLeandro-P1\system\Common.php(1089): CodeIgniter\View\View->render('back/usuario/us...', Array, true)
#4 C:\xampp\htdocs\AlcarazOjedaLeandro-P1\app\Controllers\Datatable_controller.php(16): view('back/usuario/us...', Array)
#5 C:\xampp\htdocs\AlcarazOjedaLeandro-P1\system\CodeIgniter.php(832): App\Controllers\Datatable_controller->index()
#6 C:\xampp\htdocs\AlcarazOjedaLeandro-P1\system\CodeIgniter.php(419): CodeIgniter\CodeIgniter->runController(Object(App\Controllers\Datatable_controller))
#7 C:\xampp\htdocs\AlcarazOjedaLeandro-P1\system\CodeIgniter.php(326): CodeIgniter\CodeIgniter->handleRequest(NULL, Object(Config\Cache), false)
#8 C:\xampp\htdocs\AlcarazOjedaLeandro-P1\index.php(37): CodeIgniter\CodeIgniter->run()
#9 {main}
CRITICAL - 2022-05-29 16:18:10 --> Attempt to read property "id" on array
#0 C:\xampp\htdocs\AlcarazOjedaLeandro-P1\app\Views\back\usuario\usuarios_view.php(37): CodeIgniter\Debug\Exceptions->errorHandler(2, 'Attempt to read...', 'C:\\xampp\\htdocs...', 37)
#1 C:\xampp\htdocs\AlcarazOjedaLeandro-P1\system\View\View.php(210): include('C:\\xampp\\htdocs...')
#2 C:\xampp\htdocs\AlcarazOjedaLeandro-P1\system\View\View.php(213): CodeIgniter\View\View->CodeIgniter\View\{closure}()
#3 C:\xampp\htdocs\AlcarazOjedaLeandro-P1\system\Common.php(1089): CodeIgniter\View\View->render('back/usuario/us...', Array, true)
#4 C:\xampp\htdocs\AlcarazOjedaLeandro-P1\app\Controllers\Datatable_controller.php(16): view('back/usuario/us...', Array)
#5 C:\xampp\htdocs\AlcarazOjedaLeandro-P1\system\CodeIgniter.php(832): App\Controllers\Datatable_controller->index()
#6 C:\xampp\htdocs\AlcarazOjedaLeandro-P1\system\CodeIgniter.php(419): CodeIgniter\CodeIgniter->runController(Object(App\Controllers\Datatable_controller))
#7 C:\xampp\htdocs\AlcarazOjedaLeandro-P1\system\CodeIgniter.php(326): CodeIgniter\CodeIgniter->handleRequest(NULL, Object(Config\Cache), false)
#8 C:\xampp\htdocs\AlcarazOjedaLeandro-P1\index.php(37): CodeIgniter\CodeIgniter->run()
#9 {main}
CRITICAL - 2022-05-29 16:18:11 --> Attempt to read property "id" on array
#0 C:\xampp\htdocs\AlcarazOjedaLeandro-P1\app\Views\back\usuario\usuarios_view.php(37): CodeIgniter\Debug\Exceptions->errorHandler(2, 'Attempt to read...', 'C:\\xampp\\htdocs...', 37)
#1 C:\xampp\htdocs\AlcarazOjedaLeandro-P1\system\View\View.php(210): include('C:\\xampp\\htdocs...')
#2 C:\xampp\htdocs\AlcarazOjedaLeandro-P1\system\View\View.php(213): CodeIgniter\View\View->CodeIgniter\View\{closure}()
#3 C:\xampp\htdocs\AlcarazOjedaLeandro-P1\system\Common.php(1089): CodeIgniter\View\View->render('back/usuario/us...', Array, true)
#4 C:\xampp\htdocs\AlcarazOjedaLeandro-P1\app\Controllers\Datatable_controller.php(16): view('back/usuario/us...', Array)
#5 C:\xampp\htdocs\AlcarazOjedaLeandro-P1\system\CodeIgniter.php(832): App\Controllers\Datatable_controller->index()
#6 C:\xampp\htdocs\AlcarazOjedaLeandro-P1\system\CodeIgniter.php(419): CodeIgniter\CodeIgniter->runController(Object(App\Controllers\Datatable_controller))
#7 C:\xampp\htdocs\AlcarazOjedaLeandro-P1\system\CodeIgniter.php(326): CodeIgniter\CodeIgniter->handleRequest(NULL, Object(Config\Cache), false)
#8 C:\xampp\htdocs\AlcarazOjedaLeandro-P1\index.php(37): CodeIgniter\CodeIgniter->run()
#9 {main}
CRITICAL - 2022-05-29 16:47:05 --> Unclosed '{' on line 15
#0 C:\xampp\htdocs\AlcarazOjedaLeandro-P1\system\View\View.php(213): CodeIgniter\View\View->CodeIgniter\View\{closure}()
#1 C:\xampp\htdocs\AlcarazOjedaLeandro-P1\system\Common.php(1089): CodeIgniter\View\View->render('back/usuario/us...', Array, true)
#2 C:\xampp\htdocs\AlcarazOjedaLeandro-P1\app\Controllers\Datatable_controller.php(16): view('back/usuario/us...', Array)
#3 C:\xampp\htdocs\AlcarazOjedaLeandro-P1\system\CodeIgniter.php(832): App\Controllers\Datatable_controller->index()
#4 C:\xampp\htdocs\AlcarazOjedaLeandro-P1\system\CodeIgniter.php(419): CodeIgniter\CodeIgniter->runController(Object(App\Controllers\Datatable_controller))
#5 C:\xampp\htdocs\AlcarazOjedaLeandro-P1\system\CodeIgniter.php(326): CodeIgniter\CodeIgniter->handleRequest(NULL, Object(Config\Cache), false)
#6 C:\xampp\htdocs\AlcarazOjedaLeandro-P1\index.php(37): CodeIgniter\CodeIgniter->run()
#7 {main}
CRITICAL - 2022-05-29 17:33:33 --> Call to undefined method CodeIgniter\Router\RouteCollection::resourse()
#0 C:\xampp\htdocs\AlcarazOjedaLeandro-P1\system\CodeIgniter.php(713): require()
#1 C:\xampp\htdocs\AlcarazOjedaLeandro-P1\system\CodeIgniter.php(368): CodeIgniter\CodeIgniter->tryToRouteIt(Object(CodeIgniter\Router\RouteCollection))
#2 C:\xampp\htdocs\AlcarazOjedaLeandro-P1\system\CodeIgniter.php(326): CodeIgniter\CodeIgniter->handleRequest(NULL, Object(Config\Cache), false)
#3 C:\xampp\htdocs\AlcarazOjedaLeandro-P1\index.php(37): CodeIgniter\CodeIgniter->run()
#4 {main}
CRITICAL - 2022-05-29 17:33:35 --> Call to undefined method CodeIgniter\Router\RouteCollection::resourse()
#0 C:\xampp\htdocs\AlcarazOjedaLeandro-P1\system\CodeIgniter.php(713): require()
#1 C:\xampp\htdocs\AlcarazOjedaLeandro-P1\system\CodeIgniter.php(368): CodeIgniter\CodeIgniter->tryToRouteIt(Object(CodeIgniter\Router\RouteCollection))
#2 C:\xampp\htdocs\AlcarazOjedaLeandro-P1\system\CodeIgniter.php(326): CodeIgniter\CodeIgniter->handleRequest(NULL, Object(Config\Cache), false)
#3 C:\xampp\htdocs\AlcarazOjedaLeandro-P1\index.php(37): CodeIgniter\CodeIgniter->run()
#4 {main}
CRITICAL - 2022-05-29 17:33:36 --> Call to undefined method CodeIgniter\Router\RouteCollection::resourse()
#0 C:\xampp\htdocs\AlcarazOjedaLeandro-P1\system\CodeIgniter.php(713): require()
#1 C:\xampp\htdocs\AlcarazOjedaLeandro-P1\system\CodeIgniter.php(368): CodeIgniter\CodeIgniter->tryToRouteIt(Object(CodeIgniter\Router\RouteCollection))
#2 C:\xampp\htdocs\AlcarazOjedaLeandro-P1\system\CodeIgniter.php(326): CodeIgniter\CodeIgniter->handleRequest(NULL, Object(Config\Cache), false)
#3 C:\xampp\htdocs\AlcarazOjedaLeandro-P1\index.php(37): CodeIgniter\CodeIgniter->run()
#4 {main}
