ERROR - 2024-11-01 08:02:10 --> Error connecting to the database: No se puede establecer una conexión ya que el equipo de destino denegó expresamente dicha conexión
CRITICAL - 2024-11-01 08:02:10 --> Unable to connect to the database.
Main connection [MySQLi]: No se puede establecer una conexión ya que el equipo de destino denegó expresamente dicha conexión
#0 C:\xampp\htdocs\MercaditoJyR\system\Database\BaseConnection.php(577): CodeIgniter\Database\BaseConnection->initialize()
#1 C:\xampp\htdocs\MercaditoJyR\system\Database\BaseBuilder.php(1455): CodeIgniter\Database\BaseConnection->query('SELECT *\nFROM `...', Array, false)
#2 C:\xampp\htdocs\MercaditoJyR\system\Model.php(210): CodeIgniter\Database\BaseBuilder->get()
#3 C:\xampp\htdocs\MercaditoJyR\system\BaseModel.php(622): CodeIgniter\Model->doFirst()
#4 C:\xampp\htdocs\MercaditoJyR\app\Controllers\Login_controller.php(26): CodeIgniter\BaseModel->first()
#5 C:\xampp\htdocs\MercaditoJyR\system\CodeIgniter.php(832): App\Controllers\Login_controller->auth()
#6 C:\xampp\htdocs\MercaditoJyR\system\CodeIgniter.php(419): CodeIgniter\CodeIgniter->runController(Object(App\Controllers\Login_controller))
#7 C:\xampp\htdocs\MercaditoJyR\system\CodeIgniter.php(326): CodeIgniter\CodeIgniter->handleRequest(NULL, Object(Config\Cache), false)
#8 C:\xampp\htdocs\MercaditoJyR\index.php(45): CodeIgniter\CodeIgniter->run()
#9 {main}
ERROR - 2024-11-01 08:03:11 --> Error connecting to the database: No se puede establecer una conexión ya que el equipo de destino denegó expresamente dicha conexión
CRITICAL - 2024-11-01 08:03:11 --> Unable to connect to the database.
Main connection [MySQLi]: No se puede establecer una conexión ya que el equipo de destino denegó expresamente dicha conexión
#0 C:\xampp\htdocs\MercaditoJyR\system\Database\BaseConnection.php(577): CodeIgniter\Database\BaseConnection->initialize()
#1 C:\xampp\htdocs\MercaditoJyR\system\Database\BaseBuilder.php(1455): CodeIgniter\Database\BaseConnection->query('SELECT *\nFROM `...', Array, false)
#2 C:\xampp\htdocs\MercaditoJyR\system\Model.php(210): CodeIgniter\Database\BaseBuilder->get()
#3 C:\xampp\htdocs\MercaditoJyR\system\BaseModel.php(622): CodeIgniter\Model->doFirst()
#4 C:\xampp\htdocs\MercaditoJyR\app\Controllers\Login_controller.php(26): CodeIgniter\BaseModel->first()
#5 C:\xampp\htdocs\MercaditoJyR\system\CodeIgniter.php(832): App\Controllers\Login_controller->auth()
#6 C:\xampp\htdocs\MercaditoJyR\system\CodeIgniter.php(419): CodeIgniter\CodeIgniter->runController(Object(App\Controllers\Login_controller))
#7 C:\xampp\htdocs\MercaditoJyR\system\CodeIgniter.php(326): CodeIgniter\CodeIgniter->handleRequest(NULL, Object(Config\Cache), false)
#8 C:\xampp\htdocs\MercaditoJyR\index.php(45): CodeIgniter\CodeIgniter->run()
#9 {main}
CRITICAL - 2024-11-01 08:39:14 --> Undefined array key "id"
#0 C:\xampp\htdocs\MercaditoJyR\app\Controllers\Carrito_controller.php(102): CodeIgniter\Debug\Exceptions->errorHandler(2, 'Undefined array...', 'C:\\xampp\\htdocs...', 102)
#1 C:\xampp\htdocs\MercaditoJyR\system\CodeIgniter.php(832): App\Controllers\Carrito_controller->add()
#2 C:\xampp\htdocs\MercaditoJyR\system\CodeIgniter.php(419): CodeIgniter\CodeIgniter->runController(Object(App\Controllers\Carrito_controller))
#3 C:\xampp\htdocs\MercaditoJyR\system\CodeIgniter.php(326): CodeIgniter\CodeIgniter->handleRequest(NULL, Object(Config\Cache), false)
#4 C:\xampp\htdocs\MercaditoJyR\index.php(45): CodeIgniter\CodeIgniter->run()
#5 {main}
CRITICAL - 2024-11-01 08:41:21 --> Undefined array key "precio_vta"
#0 C:\xampp\htdocs\MercaditoJyR\app\Controllers\Carrito_controller.php(104): CodeIgniter\Debug\Exceptions->errorHandler(2, 'Undefined array...', 'C:\\xampp\\htdocs...', 104)
#1 C:\xampp\htdocs\MercaditoJyR\system\CodeIgniter.php(832): App\Controllers\Carrito_controller->add()
#2 C:\xampp\htdocs\MercaditoJyR\system\CodeIgniter.php(419): CodeIgniter\CodeIgniter->runController(Object(App\Controllers\Carrito_controller))
#3 C:\xampp\htdocs\MercaditoJyR\system\CodeIgniter.php(326): CodeIgniter\CodeIgniter->handleRequest(NULL, Object(Config\Cache), false)
#4 C:\xampp\htdocs\MercaditoJyR\index.php(45): CodeIgniter\CodeIgniter->run()
#5 {main}
CRITICAL - 2024-11-01 08:50:15 --> Trying to access array offset on value of type null
#0 C:\xampp\htdocs\MercaditoJyR\app\Controllers\Carrito_controller.php(160): CodeIgniter\Debug\Exceptions->errorHandler(2, 'Trying to acces...', 'C:\\xampp\\htdocs...', 160)
#1 C:\xampp\htdocs\MercaditoJyR\system\CodeIgniter.php(832): App\Controllers\Carrito_controller->actualiza_carrito()
#2 C:\xampp\htdocs\MercaditoJyR\system\CodeIgniter.php(419): CodeIgniter\CodeIgniter->runController(Object(App\Controllers\Carrito_controller))
#3 C:\xampp\htdocs\MercaditoJyR\system\CodeIgniter.php(326): CodeIgniter\CodeIgniter->handleRequest(NULL, Object(Config\Cache), false)
#4 C:\xampp\htdocs\MercaditoJyR\index.php(45): CodeIgniter\CodeIgniter->run()
#5 {main}
CRITICAL - 2024-11-01 10:51:03 --> Trying to access array offset on value of type null
#0 C:\xampp\htdocs\MercaditoJyR\app\Controllers\Carrito_controller.php(239): CodeIgniter\Debug\Exceptions->errorHandler(2, 'Trying to acces...', 'C:\\xampp\\htdocs...', 239)
#1 C:\xampp\htdocs\MercaditoJyR\system\CodeIgniter.php(832): App\Controllers\Carrito_controller->guarda_compra()
#2 C:\xampp\htdocs\MercaditoJyR\system\CodeIgniter.php(419): CodeIgniter\CodeIgniter->runController(Object(App\Controllers\Carrito_controller))
#3 C:\xampp\htdocs\MercaditoJyR\system\CodeIgniter.php(326): CodeIgniter\CodeIgniter->handleRequest(NULL, Object(Config\Cache), false)
#4 C:\xampp\htdocs\MercaditoJyR\index.php(45): CodeIgniter\CodeIgniter->run()
#5 {main}
CRITICAL - 2024-11-01 08:53:35 --> Trying to access array offset on value of type null
#0 C:\xampp\htdocs\MercaditoJyR\app\Controllers\Carrito_controller.php(160): CodeIgniter\Debug\Exceptions->errorHandler(2, 'Trying to acces...', 'C:\\xampp\\htdocs...', 160)
#1 C:\xampp\htdocs\MercaditoJyR\system\CodeIgniter.php(832): App\Controllers\Carrito_controller->actualiza_carrito()
#2 C:\xampp\htdocs\MercaditoJyR\system\CodeIgniter.php(419): CodeIgniter\CodeIgniter->runController(Object(App\Controllers\Carrito_controller))
#3 C:\xampp\htdocs\MercaditoJyR\system\CodeIgniter.php(326): CodeIgniter\CodeIgniter->handleRequest(NULL, Object(Config\Cache), false)
#4 C:\xampp\htdocs\MercaditoJyR\index.php(45): CodeIgniter\CodeIgniter->run()
#5 {main}
CRITICAL - 2024-11-01 09:04:05 --> Trying to access array offset on value of type null
#0 C:\xampp\htdocs\MercaditoJyR\app\Controllers\Carrito_controller.php(161): CodeIgniter\Debug\Exceptions->errorHandler(2, 'Trying to acces...', 'C:\\xampp\\htdocs...', 161)
#1 C:\xampp\htdocs\MercaditoJyR\system\CodeIgniter.php(832): App\Controllers\Carrito_controller->actualiza_carrito()
#2 C:\xampp\htdocs\MercaditoJyR\system\CodeIgniter.php(419): CodeIgniter\CodeIgniter->runController(Object(App\Controllers\Carrito_controller))
#3 C:\xampp\htdocs\MercaditoJyR\system\CodeIgniter.php(326): CodeIgniter\CodeIgniter->handleRequest(NULL, Object(Config\Cache), false)
#4 C:\xampp\htdocs\MercaditoJyR\index.php(45): CodeIgniter\CodeIgniter->run()
#5 {main}
CRITICAL - 2024-11-01 09:05:53 --> Undefined variable $stock
#0 C:\xampp\htdocs\MercaditoJyR\app\Controllers\Carrito_controller.php(169): CodeIgniter\Debug\Exceptions->errorHandler(2, 'Undefined varia...', 'C:\\xampp\\htdocs...', 169)
#1 C:\xampp\htdocs\MercaditoJyR\system\CodeIgniter.php(832): App\Controllers\Carrito_controller->actualiza_carrito()
#2 C:\xampp\htdocs\MercaditoJyR\system\CodeIgniter.php(419): CodeIgniter\CodeIgniter->runController(Object(App\Controllers\Carrito_controller))
#3 C:\xampp\htdocs\MercaditoJyR\system\CodeIgniter.php(326): CodeIgniter\CodeIgniter->handleRequest(NULL, Object(Config\Cache), false)
#4 C:\xampp\htdocs\MercaditoJyR\index.php(45): CodeIgniter\CodeIgniter->run()
#5 {main}
CRITICAL - 2024-11-01 09:08:15 --> Trying to access array offset on value of type null
#0 C:\xampp\htdocs\MercaditoJyR\app\Controllers\Carrito_controller.php(162): CodeIgniter\Debug\Exceptions->errorHandler(2, 'Trying to acces...', 'C:\\xampp\\htdocs...', 162)
#1 C:\xampp\htdocs\MercaditoJyR\system\CodeIgniter.php(832): App\Controllers\Carrito_controller->actualiza_carrito()
#2 C:\xampp\htdocs\MercaditoJyR\system\CodeIgniter.php(419): CodeIgniter\CodeIgniter->runController(Object(App\Controllers\Carrito_controller))
#3 C:\xampp\htdocs\MercaditoJyR\system\CodeIgniter.php(326): CodeIgniter\CodeIgniter->handleRequest(NULL, Object(Config\Cache), false)
#4 C:\xampp\htdocs\MercaditoJyR\index.php(45): CodeIgniter\CodeIgniter->run()
#5 {main}
CRITICAL - 2024-11-01 11:12:22 --> Trying to access array offset on value of type null
#0 C:\xampp\htdocs\MercaditoJyR\app\Controllers\Carrito_controller.php(244): CodeIgniter\Debug\Exceptions->errorHandler(2, 'Trying to acces...', 'C:\\xampp\\htdocs...', 244)
#1 C:\xampp\htdocs\MercaditoJyR\system\CodeIgniter.php(832): App\Controllers\Carrito_controller->guarda_compra()
#2 C:\xampp\htdocs\MercaditoJyR\system\CodeIgniter.php(419): CodeIgniter\CodeIgniter->runController(Object(App\Controllers\Carrito_controller))
#3 C:\xampp\htdocs\MercaditoJyR\system\CodeIgniter.php(326): CodeIgniter\CodeIgniter->handleRequest(NULL, Object(Config\Cache), false)
#4 C:\xampp\htdocs\MercaditoJyR\index.php(45): CodeIgniter\CodeIgniter->run()
#5 {main}
CRITICAL - 2024-11-01 11:14:35 --> Undefined variable $carrito
#0 C:\xampp\htdocs\MercaditoJyR\app\Controllers\Carrito_controller.php(243): CodeIgniter\Debug\Exceptions->errorHandler(2, 'Undefined varia...', 'C:\\xampp\\htdocs...', 243)
#1 C:\xampp\htdocs\MercaditoJyR\system\CodeIgniter.php(832): App\Controllers\Carrito_controller->guarda_compra()
#2 C:\xampp\htdocs\MercaditoJyR\system\CodeIgniter.php(419): CodeIgniter\CodeIgniter->runController(Object(App\Controllers\Carrito_controller))
#3 C:\xampp\htdocs\MercaditoJyR\system\CodeIgniter.php(326): CodeIgniter\CodeIgniter->handleRequest(NULL, Object(Config\Cache), false)
#4 C:\xampp\htdocs\MercaditoJyR\index.php(45): CodeIgniter\CodeIgniter->run()
#5 {main}
CRITICAL - 2024-11-01 09:59:40 --> Undefined variable $VCtotal
#0 C:\xampp\htdocs\MercaditoJyR\app\Views\comprasXcliente\CompraDetalle_view.php(20): CodeIgniter\Debug\Exceptions->errorHandler(2, 'Undefined varia...', 'C:\\xampp\\htdocs...', 20)
#1 C:\xampp\htdocs\MercaditoJyR\system\View\View.php(210): include('C:\\xampp\\htdocs...')
#2 C:\xampp\htdocs\MercaditoJyR\system\View\View.php(213): CodeIgniter\View\View->CodeIgniter\View\{closure}()
#3 C:\xampp\htdocs\MercaditoJyR\system\Common.php(1089): CodeIgniter\View\View->render('comprasXcliente...', Array, true)
#4 C:\xampp\htdocs\MercaditoJyR\app\Controllers\Carrito_controller.php(88): view('comprasXcliente...', Array, Array)
#5 C:\xampp\htdocs\MercaditoJyR\system\CodeIgniter.php(832): App\Controllers\Carrito_controller->ListCompraDetalle('11')
#6 C:\xampp\htdocs\MercaditoJyR\system\CodeIgniter.php(419): CodeIgniter\CodeIgniter->runController(Object(App\Controllers\Carrito_controller))
#7 C:\xampp\htdocs\MercaditoJyR\system\CodeIgniter.php(326): CodeIgniter\CodeIgniter->handleRequest(NULL, Object(Config\Cache), false)
#8 C:\xampp\htdocs\MercaditoJyR\index.php(45): CodeIgniter\CodeIgniter->run()
#9 {main}
CRITICAL - 2024-11-01 09:59:56 --> Undefined variable $VCtotal
#0 C:\xampp\htdocs\MercaditoJyR\app\Views\comprasXcliente\CompraDetalle_view.php(20): CodeIgniter\Debug\Exceptions->errorHandler(2, 'Undefined varia...', 'C:\\xampp\\htdocs...', 20)
#1 C:\xampp\htdocs\MercaditoJyR\system\View\View.php(210): include('C:\\xampp\\htdocs...')
#2 C:\xampp\htdocs\MercaditoJyR\system\View\View.php(213): CodeIgniter\View\View->CodeIgniter\View\{closure}()
#3 C:\xampp\htdocs\MercaditoJyR\system\Common.php(1089): CodeIgniter\View\View->render('comprasXcliente...', Array, true)
#4 C:\xampp\htdocs\MercaditoJyR\app\Controllers\Carrito_controller.php(88): view('comprasXcliente...', Array, Array)
#5 C:\xampp\htdocs\MercaditoJyR\system\CodeIgniter.php(832): App\Controllers\Carrito_controller->ListCompraDetalle('11')
#6 C:\xampp\htdocs\MercaditoJyR\system\CodeIgniter.php(419): CodeIgniter\CodeIgniter->runController(Object(App\Controllers\Carrito_controller))
#7 C:\xampp\htdocs\MercaditoJyR\system\CodeIgniter.php(326): CodeIgniter\CodeIgniter->handleRequest(NULL, Object(Config\Cache), false)
#8 C:\xampp\htdocs\MercaditoJyR\index.php(45): CodeIgniter\CodeIgniter->run()
#9 {main}
CRITICAL - 2024-11-01 10:08:28 --> Undefined variable $VCtotal
#0 C:\xampp\htdocs\MercaditoJyR\app\Views\comprasXcliente\CompraDetalle_view.php(20): CodeIgniter\Debug\Exceptions->errorHandler(2, 'Undefined varia...', 'C:\\xampp\\htdocs...', 20)
#1 C:\xampp\htdocs\MercaditoJyR\system\View\View.php(210): include('C:\\xampp\\htdocs...')
#2 C:\xampp\htdocs\MercaditoJyR\system\View\View.php(213): CodeIgniter\View\View->CodeIgniter\View\{closure}()
#3 C:\xampp\htdocs\MercaditoJyR\system\Common.php(1089): CodeIgniter\View\View->render('comprasXcliente...', Array, true)
#4 C:\xampp\htdocs\MercaditoJyR\app\Controllers\Carrito_controller.php(90): view('comprasXcliente...', Array)
#5 C:\xampp\htdocs\MercaditoJyR\system\CodeIgniter.php(832): App\Controllers\Carrito_controller->ListCompraDetalle('11')
#6 C:\xampp\htdocs\MercaditoJyR\system\CodeIgniter.php(419): CodeIgniter\CodeIgniter->runController(Object(App\Controllers\Carrito_controller))
#7 C:\xampp\htdocs\MercaditoJyR\system\CodeIgniter.php(326): CodeIgniter\CodeIgniter->handleRequest(NULL, Object(Config\Cache), false)
#8 C:\xampp\htdocs\MercaditoJyR\index.php(45): CodeIgniter\CodeIgniter->run()
#9 {main}
CRITICAL - 2024-11-01 10:09:42 --> Undefined array key "total_venta"
#0 C:\xampp\htdocs\MercaditoJyR\app\Views\comprasXcliente\CompraDetalle_view.php(20): CodeIgniter\Debug\Exceptions->errorHandler(2, 'Undefined array...', 'C:\\xampp\\htdocs...', 20)
#1 C:\xampp\htdocs\MercaditoJyR\system\View\View.php(210): include('C:\\xampp\\htdocs...')
#2 C:\xampp\htdocs\MercaditoJyR\system\View\View.php(213): CodeIgniter\View\View->CodeIgniter\View\{closure}()
#3 C:\xampp\htdocs\MercaditoJyR\system\Common.php(1089): CodeIgniter\View\View->render('comprasXcliente...', Array, true)
#4 C:\xampp\htdocs\MercaditoJyR\app\Controllers\Carrito_controller.php(90): view('comprasXcliente...', Array)
#5 C:\xampp\htdocs\MercaditoJyR\system\CodeIgniter.php(832): App\Controllers\Carrito_controller->ListCompraDetalle('11')
#6 C:\xampp\htdocs\MercaditoJyR\system\CodeIgniter.php(419): CodeIgniter\CodeIgniter->runController(Object(App\Controllers\Carrito_controller))
#7 C:\xampp\htdocs\MercaditoJyR\system\CodeIgniter.php(326): CodeIgniter\CodeIgniter->handleRequest(NULL, Object(Config\Cache), false)
#8 C:\xampp\htdocs\MercaditoJyR\index.php(45): CodeIgniter\CodeIgniter->run()
#9 {main}
ERROR - 2024-11-01 10:10:34 --> Unknown column 'vc.total_vent' in 'field list'
CRITICAL - 2024-11-01 10:10:34 --> Unknown column 'vc.total_vent' in 'field list'
#0 C:\xampp\htdocs\MercaditoJyR\system\Database\MySQLi\Connection.php(292): mysqli->query('SELECT `vc`.`to...', 0)
#1 C:\xampp\htdocs\MercaditoJyR\system\Database\BaseConnection.php(670): CodeIgniter\Database\MySQLi\Connection->execute('SELECT `vc`.`to...')
#2 C:\xampp\htdocs\MercaditoJyR\system\Database\BaseConnection.php(598): CodeIgniter\Database\BaseConnection->simpleQuery('SELECT `vc`.`to...')
#3 C:\xampp\htdocs\MercaditoJyR\system\Database\BaseBuilder.php(1455): CodeIgniter\Database\BaseConnection->query('SELECT `vc`.`to...', Array, false)
#4 C:\xampp\htdocs\MercaditoJyR\app\Controllers\Carrito_controller.php(73): CodeIgniter\Database\BaseBuilder->get()
#5 C:\xampp\htdocs\MercaditoJyR\system\CodeIgniter.php(832): App\Controllers\Carrito_controller->ListCompraDetalle('11')
#6 C:\xampp\htdocs\MercaditoJyR\system\CodeIgniter.php(419): CodeIgniter\CodeIgniter->runController(Object(App\Controllers\Carrito_controller))
#7 C:\xampp\htdocs\MercaditoJyR\system\CodeIgniter.php(326): CodeIgniter\CodeIgniter->handleRequest(NULL, Object(Config\Cache), false)
#8 C:\xampp\htdocs\MercaditoJyR\index.php(45): CodeIgniter\CodeIgniter->run()
#9 {main}
CRITICAL - 2024-11-01 10:10:49 --> Undefined array key "total_venta"
#0 C:\xampp\htdocs\MercaditoJyR\app\Views\comprasXcliente\CompraDetalle_view.php(20): CodeIgniter\Debug\Exceptions->errorHandler(2, 'Undefined array...', 'C:\\xampp\\htdocs...', 20)
#1 C:\xampp\htdocs\MercaditoJyR\system\View\View.php(210): include('C:\\xampp\\htdocs...')
#2 C:\xampp\htdocs\MercaditoJyR\system\View\View.php(213): CodeIgniter\View\View->CodeIgniter\View\{closure}()
#3 C:\xampp\htdocs\MercaditoJyR\system\Common.php(1089): CodeIgniter\View\View->render('comprasXcliente...', Array, true)
#4 C:\xampp\htdocs\MercaditoJyR\app\Controllers\Carrito_controller.php(90): view('comprasXcliente...', Array)
#5 C:\xampp\htdocs\MercaditoJyR\system\CodeIgniter.php(832): App\Controllers\Carrito_controller->ListCompraDetalle('11')
#6 C:\xampp\htdocs\MercaditoJyR\system\CodeIgniter.php(419): CodeIgniter\CodeIgniter->runController(Object(App\Controllers\Carrito_controller))
#7 C:\xampp\htdocs\MercaditoJyR\system\CodeIgniter.php(326): CodeIgniter\CodeIgniter->handleRequest(NULL, Object(Config\Cache), false)
#8 C:\xampp\htdocs\MercaditoJyR\index.php(45): CodeIgniter\CodeIgniter->run()
#9 {main}
ERROR - 2024-11-01 10:11:05 --> Unknown column 'vc.total_vent' in 'field list'
CRITICAL - 2024-11-01 10:11:05 --> Unknown column 'vc.total_vent' in 'field list'
#0 C:\xampp\htdocs\MercaditoJyR\system\Database\MySQLi\Connection.php(292): mysqli->query('SELECT `vc`.`to...', 0)
#1 C:\xampp\htdocs\MercaditoJyR\system\Database\BaseConnection.php(670): CodeIgniter\Database\MySQLi\Connection->execute('SELECT `vc`.`to...')
#2 C:\xampp\htdocs\MercaditoJyR\system\Database\BaseConnection.php(598): CodeIgniter\Database\BaseConnection->simpleQuery('SELECT `vc`.`to...')
#3 C:\xampp\htdocs\MercaditoJyR\system\Database\BaseBuilder.php(1455): CodeIgniter\Database\BaseConnection->query('SELECT `vc`.`to...', Array, false)
#4 C:\xampp\htdocs\MercaditoJyR\app\Controllers\Carrito_controller.php(73): CodeIgniter\Database\BaseBuilder->get()
#5 C:\xampp\htdocs\MercaditoJyR\system\CodeIgniter.php(832): App\Controllers\Carrito_controller->ListCompraDetalle('11')
#6 C:\xampp\htdocs\MercaditoJyR\system\CodeIgniter.php(419): CodeIgniter\CodeIgniter->runController(Object(App\Controllers\Carrito_controller))
#7 C:\xampp\htdocs\MercaditoJyR\system\CodeIgniter.php(326): CodeIgniter\CodeIgniter->handleRequest(NULL, Object(Config\Cache), false)
#8 C:\xampp\htdocs\MercaditoJyR\index.php(45): CodeIgniter\CodeIgniter->run()
#9 {main}
ERROR - 2024-11-01 10:11:11 --> Unknown column 'vc.total_vent' in 'field list'
CRITICAL - 2024-11-01 10:11:11 --> Unknown column 'vc.total_vent' in 'field list'
#0 C:\xampp\htdocs\MercaditoJyR\system\Database\MySQLi\Connection.php(292): mysqli->query('SELECT `vc`.`to...', 0)
#1 C:\xampp\htdocs\MercaditoJyR\system\Database\BaseConnection.php(670): CodeIgniter\Database\MySQLi\Connection->execute('SELECT `vc`.`to...')
#2 C:\xampp\htdocs\MercaditoJyR\system\Database\BaseConnection.php(598): CodeIgniter\Database\BaseConnection->simpleQuery('SELECT `vc`.`to...')
#3 C:\xampp\htdocs\MercaditoJyR\system\Database\BaseBuilder.php(1455): CodeIgniter\Database\BaseConnection->query('SELECT `vc`.`to...', Array, false)
#4 C:\xampp\htdocs\MercaditoJyR\app\Controllers\Carrito_controller.php(73): CodeIgniter\Database\BaseBuilder->get()
#5 C:\xampp\htdocs\MercaditoJyR\system\CodeIgniter.php(832): App\Controllers\Carrito_controller->ListCompraDetalle('11')
#6 C:\xampp\htdocs\MercaditoJyR\system\CodeIgniter.php(419): CodeIgniter\CodeIgniter->runController(Object(App\Controllers\Carrito_controller))
#7 C:\xampp\htdocs\MercaditoJyR\system\CodeIgniter.php(326): CodeIgniter\CodeIgniter->handleRequest(NULL, Object(Config\Cache), false)
#8 C:\xampp\htdocs\MercaditoJyR\index.php(45): CodeIgniter\CodeIgniter->run()
#9 {main}
CRITICAL - 2024-11-01 10:11:24 --> Undefined array key "total_venta"
#0 C:\xampp\htdocs\MercaditoJyR\app\Views\comprasXcliente\CompraDetalle_view.php(20): CodeIgniter\Debug\Exceptions->errorHandler(2, 'Undefined array...', 'C:\\xampp\\htdocs...', 20)
#1 C:\xampp\htdocs\MercaditoJyR\system\View\View.php(210): include('C:\\xampp\\htdocs...')
#2 C:\xampp\htdocs\MercaditoJyR\system\View\View.php(213): CodeIgniter\View\View->CodeIgniter\View\{closure}()
#3 C:\xampp\htdocs\MercaditoJyR\system\Common.php(1089): CodeIgniter\View\View->render('comprasXcliente...', Array, true)
#4 C:\xampp\htdocs\MercaditoJyR\app\Controllers\Carrito_controller.php(90): view('comprasXcliente...', Array)
#5 C:\xampp\htdocs\MercaditoJyR\system\CodeIgniter.php(832): App\Controllers\Carrito_controller->ListCompraDetalle('11')
#6 C:\xampp\htdocs\MercaditoJyR\system\CodeIgniter.php(419): CodeIgniter\CodeIgniter->runController(Object(App\Controllers\Carrito_controller))
#7 C:\xampp\htdocs\MercaditoJyR\system\CodeIgniter.php(326): CodeIgniter\CodeIgniter->handleRequest(NULL, Object(Config\Cache), false)
#8 C:\xampp\htdocs\MercaditoJyR\index.php(45): CodeIgniter\CodeIgniter->run()
#9 {main}
CRITICAL - 2024-11-01 10:13:51 --> Undefined array key "id"
#0 C:\xampp\htdocs\MercaditoJyR\app\Views\comprasXcliente\CompraDetalle_view.php(40): CodeIgniter\Debug\Exceptions->errorHandler(2, 'Undefined array...', 'C:\\xampp\\htdocs...', 40)
#1 C:\xampp\htdocs\MercaditoJyR\system\View\View.php(210): include('C:\\xampp\\htdocs...')
#2 C:\xampp\htdocs\MercaditoJyR\system\View\View.php(213): CodeIgniter\View\View->CodeIgniter\View\{closure}()
#3 C:\xampp\htdocs\MercaditoJyR\system\Common.php(1089): CodeIgniter\View\View->render('comprasXcliente...', Array, true)
#4 C:\xampp\htdocs\MercaditoJyR\app\Controllers\Carrito_controller.php(90): view('comprasXcliente...', Array)
#5 C:\xampp\htdocs\MercaditoJyR\system\CodeIgniter.php(832): App\Controllers\Carrito_controller->ListCompraDetalle('11')
#6 C:\xampp\htdocs\MercaditoJyR\system\CodeIgniter.php(419): CodeIgniter\CodeIgniter->runController(Object(App\Controllers\Carrito_controller))
#7 C:\xampp\htdocs\MercaditoJyR\system\CodeIgniter.php(326): CodeIgniter\CodeIgniter->handleRequest(NULL, Object(Config\Cache), false)
#8 C:\xampp\htdocs\MercaditoJyR\index.php(45): CodeIgniter\CodeIgniter->run()
#9 {main}
CRITICAL - 2024-11-01 10:15:25 --> Undefined array key "nombre"
#0 C:\xampp\htdocs\MercaditoJyR\app\Views\comprasXcliente\CompraDetalle_view.php(41): CodeIgniter\Debug\Exceptions->errorHandler(2, 'Undefined array...', 'C:\\xampp\\htdocs...', 41)
#1 C:\xampp\htdocs\MercaditoJyR\system\View\View.php(210): include('C:\\xampp\\htdocs...')
#2 C:\xampp\htdocs\MercaditoJyR\system\View\View.php(213): CodeIgniter\View\View->CodeIgniter\View\{closure}()
#3 C:\xampp\htdocs\MercaditoJyR\system\Common.php(1089): CodeIgniter\View\View->render('comprasXcliente...', Array, true)
#4 C:\xampp\htdocs\MercaditoJyR\app\Controllers\Carrito_controller.php(90): view('comprasXcliente...', Array)
#5 C:\xampp\htdocs\MercaditoJyR\system\CodeIgniter.php(832): App\Controllers\Carrito_controller->ListCompraDetalle('11')
#6 C:\xampp\htdocs\MercaditoJyR\system\CodeIgniter.php(419): CodeIgniter\CodeIgniter->runController(Object(App\Controllers\Carrito_controller))
#7 C:\xampp\htdocs\MercaditoJyR\system\CodeIgniter.php(326): CodeIgniter\CodeIgniter->handleRequest(NULL, Object(Config\Cache), false)
#8 C:\xampp\htdocs\MercaditoJyR\index.php(45): CodeIgniter\CodeIgniter->run()
#9 {main}
CRITICAL - 2024-11-01 10:15:48 --> Undefined array key "id"
#0 C:\xampp\htdocs\MercaditoJyR\app\Views\comprasXcliente\CompraDetalle_view.php(39): CodeIgniter\Debug\Exceptions->errorHandler(2, 'Undefined array...', 'C:\\xampp\\htdocs...', 39)
#1 C:\xampp\htdocs\MercaditoJyR\system\View\View.php(210): include('C:\\xampp\\htdocs...')
#2 C:\xampp\htdocs\MercaditoJyR\system\View\View.php(213): CodeIgniter\View\View->CodeIgniter\View\{closure}()
#3 C:\xampp\htdocs\MercaditoJyR\system\Common.php(1089): CodeIgniter\View\View->render('comprasXcliente...', Array, true)
#4 C:\xampp\htdocs\MercaditoJyR\app\Controllers\Carrito_controller.php(90): view('comprasXcliente...', Array)
#5 C:\xampp\htdocs\MercaditoJyR\system\CodeIgniter.php(832): App\Controllers\Carrito_controller->ListCompraDetalle('11')
#6 C:\xampp\htdocs\MercaditoJyR\system\CodeIgniter.php(419): CodeIgniter\CodeIgniter->runController(Object(App\Controllers\Carrito_controller))
#7 C:\xampp\htdocs\MercaditoJyR\system\CodeIgniter.php(326): CodeIgniter\CodeIgniter->handleRequest(NULL, Object(Config\Cache), false)
#8 C:\xampp\htdocs\MercaditoJyR\index.php(45): CodeIgniter\CodeIgniter->run()
#9 {main}
CRITICAL - 2024-11-01 10:15:50 --> Undefined array key "id"
#0 C:\xampp\htdocs\MercaditoJyR\app\Views\comprasXcliente\CompraDetalle_view.php(39): CodeIgniter\Debug\Exceptions->errorHandler(2, 'Undefined array...', 'C:\\xampp\\htdocs...', 39)
#1 C:\xampp\htdocs\MercaditoJyR\system\View\View.php(210): include('C:\\xampp\\htdocs...')
#2 C:\xampp\htdocs\MercaditoJyR\system\View\View.php(213): CodeIgniter\View\View->CodeIgniter\View\{closure}()
#3 C:\xampp\htdocs\MercaditoJyR\system\Common.php(1089): CodeIgniter\View\View->render('comprasXcliente...', Array, true)
#4 C:\xampp\htdocs\MercaditoJyR\app\Controllers\Carrito_controller.php(90): view('comprasXcliente...', Array)
#5 C:\xampp\htdocs\MercaditoJyR\system\CodeIgniter.php(832): App\Controllers\Carrito_controller->ListCompraDetalle('11')
#6 C:\xampp\htdocs\MercaditoJyR\system\CodeIgniter.php(419): CodeIgniter\CodeIgniter->runController(Object(App\Controllers\Carrito_controller))
#7 C:\xampp\htdocs\MercaditoJyR\system\CodeIgniter.php(326): CodeIgniter\CodeIgniter->handleRequest(NULL, Object(Config\Cache), false)
#8 C:\xampp\htdocs\MercaditoJyR\index.php(45): CodeIgniter\CodeIgniter->run()
#9 {main}
CRITICAL - 2024-11-01 10:19:41 --> Undefined array key "total_venta"
#0 C:\xampp\htdocs\MercaditoJyR\app\Views\comprasXcliente\CompraDetalle_view.php(20): CodeIgniter\Debug\Exceptions->errorHandler(2, 'Undefined array...', 'C:\\xampp\\htdocs...', 20)
#1 C:\xampp\htdocs\MercaditoJyR\system\View\View.php(210): include('C:\\xampp\\htdocs...')
#2 C:\xampp\htdocs\MercaditoJyR\system\View\View.php(213): CodeIgniter\View\View->CodeIgniter\View\{closure}()
#3 C:\xampp\htdocs\MercaditoJyR\system\Common.php(1089): CodeIgniter\View\View->render('comprasXcliente...', Array, true)
#4 C:\xampp\htdocs\MercaditoJyR\app\Controllers\Carrito_controller.php(89): view('comprasXcliente...', Array)
#5 C:\xampp\htdocs\MercaditoJyR\system\CodeIgniter.php(832): App\Controllers\Carrito_controller->ListCompraDetalle('11')
#6 C:\xampp\htdocs\MercaditoJyR\system\CodeIgniter.php(419): CodeIgniter\CodeIgniter->runController(Object(App\Controllers\Carrito_controller))
#7 C:\xampp\htdocs\MercaditoJyR\system\CodeIgniter.php(326): CodeIgniter\CodeIgniter->handleRequest(NULL, Object(Config\Cache), false)
#8 C:\xampp\htdocs\MercaditoJyR\index.php(45): CodeIgniter\CodeIgniter->run()
#9 {main}
CRITICAL - 2024-11-01 10:19:43 --> Undefined array key "total_venta"
#0 C:\xampp\htdocs\MercaditoJyR\app\Views\comprasXcliente\CompraDetalle_view.php(20): CodeIgniter\Debug\Exceptions->errorHandler(2, 'Undefined array...', 'C:\\xampp\\htdocs...', 20)
#1 C:\xampp\htdocs\MercaditoJyR\system\View\View.php(210): include('C:\\xampp\\htdocs...')
#2 C:\xampp\htdocs\MercaditoJyR\system\View\View.php(213): CodeIgniter\View\View->CodeIgniter\View\{closure}()
#3 C:\xampp\htdocs\MercaditoJyR\system\Common.php(1089): CodeIgniter\View\View->render('comprasXcliente...', Array, true)
#4 C:\xampp\htdocs\MercaditoJyR\app\Controllers\Carrito_controller.php(89): view('comprasXcliente...', Array)
#5 C:\xampp\htdocs\MercaditoJyR\system\CodeIgniter.php(832): App\Controllers\Carrito_controller->ListCompraDetalle('11')
#6 C:\xampp\htdocs\MercaditoJyR\system\CodeIgniter.php(419): CodeIgniter\CodeIgniter->runController(Object(App\Controllers\Carrito_controller))
#7 C:\xampp\htdocs\MercaditoJyR\system\CodeIgniter.php(326): CodeIgniter\CodeIgniter->handleRequest(NULL, Object(Config\Cache), false)
#8 C:\xampp\htdocs\MercaditoJyR\index.php(45): CodeIgniter\CodeIgniter->run()
#9 {main}
CRITICAL - 2024-11-01 10:43:50 --> syntax error, unexpected token ";"
#0 C:\xampp\htdocs\MercaditoJyR\system\View\View.php(213): CodeIgniter\View\View->CodeIgniter\View\{closure}()
#1 C:\xampp\htdocs\MercaditoJyR\system\Common.php(1089): CodeIgniter\View\View->render('comprasXcliente...', Array, true)
#2 C:\xampp\htdocs\MercaditoJyR\app\Controllers\Carrito_controller.php(89): view('comprasXcliente...', Array)
#3 C:\xampp\htdocs\MercaditoJyR\system\CodeIgniter.php(832): App\Controllers\Carrito_controller->ListCompraDetalle('11')
#4 C:\xampp\htdocs\MercaditoJyR\system\CodeIgniter.php(419): CodeIgniter\CodeIgniter->runController(Object(App\Controllers\Carrito_controller))
#5 C:\xampp\htdocs\MercaditoJyR\system\CodeIgniter.php(326): CodeIgniter\CodeIgniter->handleRequest(NULL, Object(Config\Cache), false)
#6 C:\xampp\htdocs\MercaditoJyR\index.php(45): CodeIgniter\CodeIgniter->run()
#7 {main}
CRITICAL - 2024-11-01 10:44:19 --> syntax error, unexpected token ";"
#0 C:\xampp\htdocs\MercaditoJyR\system\View\View.php(213): CodeIgniter\View\View->CodeIgniter\View\{closure}()
#1 C:\xampp\htdocs\MercaditoJyR\system\Common.php(1089): CodeIgniter\View\View->render('comprasXcliente...', Array, true)
#2 C:\xampp\htdocs\MercaditoJyR\app\Controllers\Carrito_controller.php(89): view('comprasXcliente...', Array)
#3 C:\xampp\htdocs\MercaditoJyR\system\CodeIgniter.php(832): App\Controllers\Carrito_controller->ListCompraDetalle('11')
#4 C:\xampp\htdocs\MercaditoJyR\system\CodeIgniter.php(419): CodeIgniter\CodeIgniter->runController(Object(App\Controllers\Carrito_controller))
#5 C:\xampp\htdocs\MercaditoJyR\system\CodeIgniter.php(326): CodeIgniter\CodeIgniter->handleRequest(NULL, Object(Config\Cache), false)
#6 C:\xampp\htdocs\MercaditoJyR\index.php(45): CodeIgniter\CodeIgniter->run()
#7 {main}
CRITICAL - 2024-11-01 13:04:03 --> Undefined variable $stock
#0 C:\xampp\htdocs\MercaditoJyR\app\Controllers\Carrito_controller.php(254): CodeIgniter\Debug\Exceptions->errorHandler(2, 'Undefined varia...', 'C:\\xampp\\htdocs...', 254)
#1 C:\xampp\htdocs\MercaditoJyR\system\CodeIgniter.php(832): App\Controllers\Carrito_controller->guarda_compra()
#2 C:\xampp\htdocs\MercaditoJyR\system\CodeIgniter.php(419): CodeIgniter\CodeIgniter->runController(Object(App\Controllers\Carrito_controller))
#3 C:\xampp\htdocs\MercaditoJyR\system\CodeIgniter.php(326): CodeIgniter\CodeIgniter->handleRequest(NULL, Object(Config\Cache), false)
#4 C:\xampp\htdocs\MercaditoJyR\index.php(45): CodeIgniter\CodeIgniter->run()
#5 {main}
CRITICAL - 2024-11-01 13:05:05 --> Undefined variable $datos
#0 C:\xampp\htdocs\MercaditoJyR\app\Controllers\Carrito_controller.php(259): CodeIgniter\Debug\Exceptions->errorHandler(2, 'Undefined varia...', 'C:\\xampp\\htdocs...', 259)
#1 C:\xampp\htdocs\MercaditoJyR\system\CodeIgniter.php(832): App\Controllers\Carrito_controller->guarda_compra()
#2 C:\xampp\htdocs\MercaditoJyR\system\CodeIgniter.php(419): CodeIgniter\CodeIgniter->runController(Object(App\Controllers\Carrito_controller))
#3 C:\xampp\htdocs\MercaditoJyR\system\CodeIgniter.php(326): CodeIgniter\CodeIgniter->handleRequest(NULL, Object(Config\Cache), false)
#4 C:\xampp\htdocs\MercaditoJyR\index.php(45): CodeIgniter\CodeIgniter->run()
#5 {main}
CRITICAL - 2024-11-01 17:10:55 --> number_format(): Argument #1 ($num) must be of type float, string given
#0 C:\xampp\htdocs\MercaditoJyR\app\Views\carrito\ProductosEnCarrito.php(91): number_format('cart[prod_67255...', 1.0)
#1 C:\xampp\htdocs\MercaditoJyR\system\View\View.php(210): include('C:\\xampp\\htdocs...')
#2 C:\xampp\htdocs\MercaditoJyR\system\View\View.php(213): CodeIgniter\View\View->CodeIgniter\View\{closure}()
#3 C:\xampp\htdocs\MercaditoJyR\system\Common.php(1089): CodeIgniter\View\View->render('carrito/Product...', Array, true)
#4 C:\xampp\htdocs\MercaditoJyR\app\Controllers\Carrito_controller.php(99): view('carrito/Product...', Array)
#5 C:\xampp\htdocs\MercaditoJyR\system\CodeIgniter.php(832): App\Controllers\Carrito_controller->productosAgregados()
#6 C:\xampp\htdocs\MercaditoJyR\system\CodeIgniter.php(419): CodeIgniter\CodeIgniter->runController(Object(App\Controllers\Carrito_controller))
#7 C:\xampp\htdocs\MercaditoJyR\system\CodeIgniter.php(326): CodeIgniter\CodeIgniter->handleRequest(NULL, Object(Config\Cache), false)
#8 C:\xampp\htdocs\MercaditoJyR\index.php(45): CodeIgniter\CodeIgniter->run()
#9 {main}
CRITICAL - 2024-11-01 18:24:04 --> syntax error, unexpected token "echo", expecting variable or "{" or "$"
#0 C:\xampp\htdocs\MercaditoJyR\system\View\View.php(213): CodeIgniter\View\View->CodeIgniter\View\{closure}()
#1 C:\xampp\htdocs\MercaditoJyR\system\Common.php(1089): CodeIgniter\View\View->render('carrito/Product...', Array, true)
#2 C:\xampp\htdocs\MercaditoJyR\app\Controllers\Carrito_controller.php(99): view('carrito/Product...', Array)
#3 C:\xampp\htdocs\MercaditoJyR\system\CodeIgniter.php(832): App\Controllers\Carrito_controller->productosAgregados()
#4 C:\xampp\htdocs\MercaditoJyR\system\CodeIgniter.php(419): CodeIgniter\CodeIgniter->runController(Object(App\Controllers\Carrito_controller))
#5 C:\xampp\htdocs\MercaditoJyR\system\CodeIgniter.php(326): CodeIgniter\CodeIgniter->handleRequest(NULL, Object(Config\Cache), false)
#6 C:\xampp\htdocs\MercaditoJyR\index.php(45): CodeIgniter\CodeIgniter->run()
#7 {main}
CRITICAL - 2024-11-01 18:24:10 --> syntax error, unexpected token "echo", expecting variable or "{" or "$"
#0 C:\xampp\htdocs\MercaditoJyR\system\View\View.php(213): CodeIgniter\View\View->CodeIgniter\View\{closure}()
#1 C:\xampp\htdocs\MercaditoJyR\system\Common.php(1089): CodeIgniter\View\View->render('carrito/Product...', Array, true)
#2 C:\xampp\htdocs\MercaditoJyR\app\Controllers\Carrito_controller.php(99): view('carrito/Product...', Array)
#3 C:\xampp\htdocs\MercaditoJyR\system\CodeIgniter.php(832): App\Controllers\Carrito_controller->productosAgregados()
#4 C:\xampp\htdocs\MercaditoJyR\system\CodeIgniter.php(419): CodeIgniter\CodeIgniter->runController(Object(App\Controllers\Carrito_controller))
#5 C:\xampp\htdocs\MercaditoJyR\system\CodeIgniter.php(326): CodeIgniter\CodeIgniter->handleRequest(NULL, Object(Config\Cache), false)
#6 C:\xampp\htdocs\MercaditoJyR\index.php(45): CodeIgniter\CodeIgniter->run()
#7 {main}
CRITICAL - 2024-11-01 20:41:52 --> Undefined variable $vta
#0 C:\xampp\htdocs\MercaditoJyR\app\Views\comprasXcliente\CompraDetalle_view.php(29): CodeIgniter\Debug\Exceptions->errorHandler(2, 'Undefined varia...', 'C:\\xampp\\htdocs...', 29)
#1 C:\xampp\htdocs\MercaditoJyR\system\View\View.php(210): include('C:\\xampp\\htdocs...')
#2 C:\xampp\htdocs\MercaditoJyR\system\View\View.php(213): CodeIgniter\View\View->CodeIgniter\View\{closure}()
#3 C:\xampp\htdocs\MercaditoJyR\system\Common.php(1089): CodeIgniter\View\View->render('comprasXcliente...', Array, true)
#4 C:\xampp\htdocs\MercaditoJyR\app\Controllers\Carrito_controller.php(89): view('comprasXcliente...', Array)
#5 C:\xampp\htdocs\MercaditoJyR\system\CodeIgniter.php(832): App\Controllers\Carrito_controller->ListCompraDetalle('19')
#6 C:\xampp\htdocs\MercaditoJyR\system\CodeIgniter.php(419): CodeIgniter\CodeIgniter->runController(Object(App\Controllers\Carrito_controller))
#7 C:\xampp\htdocs\MercaditoJyR\system\CodeIgniter.php(326): CodeIgniter\CodeIgniter->handleRequest(NULL, Object(Config\Cache), false)
#8 C:\xampp\htdocs\MercaditoJyR\index.php(45): CodeIgniter\CodeIgniter->run()
#9 {main}
CRITICAL - 2024-11-01 20:45:05 --> Undefined variable $gran_total
#0 C:\xampp\htdocs\MercaditoJyR\app\Views\carrito\ProductosEnCarrito.php(156): CodeIgniter\Debug\Exceptions->errorHandler(2, 'Undefined varia...', 'C:\\xampp\\htdocs...', 156)
#1 C:\xampp\htdocs\MercaditoJyR\system\View\View.php(210): include('C:\\xampp\\htdocs...')
#2 C:\xampp\htdocs\MercaditoJyR\system\View\View.php(213): CodeIgniter\View\View->CodeIgniter\View\{closure}()
#3 C:\xampp\htdocs\MercaditoJyR\system\Common.php(1089): CodeIgniter\View\View->render('carrito/Product...', Array, true)
#4 C:\xampp\htdocs\MercaditoJyR\app\Controllers\Carrito_controller.php(99): view('carrito/Product...', Array)
#5 C:\xampp\htdocs\MercaditoJyR\system\CodeIgniter.php(832): App\Controllers\Carrito_controller->productosAgregados()
#6 C:\xampp\htdocs\MercaditoJyR\system\CodeIgniter.php(419): CodeIgniter\CodeIgniter->runController(Object(App\Controllers\Carrito_controller))
#7 C:\xampp\htdocs\MercaditoJyR\system\CodeIgniter.php(326): CodeIgniter\CodeIgniter->handleRequest(NULL, Object(Config\Cache), false)
#8 C:\xampp\htdocs\MercaditoJyR\index.php(45): CodeIgniter\CodeIgniter->run()
#9 {main}
CRITICAL - 2024-11-01 20:45:11 --> Undefined variable $gran_total
#0 C:\xampp\htdocs\MercaditoJyR\app\Views\carrito\ProductosEnCarrito.php(156): CodeIgniter\Debug\Exceptions->errorHandler(2, 'Undefined varia...', 'C:\\xampp\\htdocs...', 156)
#1 C:\xampp\htdocs\MercaditoJyR\system\View\View.php(210): include('C:\\xampp\\htdocs...')
#2 C:\xampp\htdocs\MercaditoJyR\system\View\View.php(213): CodeIgniter\View\View->CodeIgniter\View\{closure}()
#3 C:\xampp\htdocs\MercaditoJyR\system\Common.php(1089): CodeIgniter\View\View->render('carrito/Product...', Array, true)
#4 C:\xampp\htdocs\MercaditoJyR\app\Controllers\Carrito_controller.php(99): view('carrito/Product...', Array)
#5 C:\xampp\htdocs\MercaditoJyR\system\CodeIgniter.php(832): App\Controllers\Carrito_controller->productosAgregados()
#6 C:\xampp\htdocs\MercaditoJyR\system\CodeIgniter.php(419): CodeIgniter\CodeIgniter->runController(Object(App\Controllers\Carrito_controller))
#7 C:\xampp\htdocs\MercaditoJyR\system\CodeIgniter.php(326): CodeIgniter\CodeIgniter->handleRequest(NULL, Object(Config\Cache), false)
#8 C:\xampp\htdocs\MercaditoJyR\index.php(45): CodeIgniter\CodeIgniter->run()
#9 {main}
CRITICAL - 2024-11-01 20:45:16 --> Undefined variable $gran_total
#0 C:\xampp\htdocs\MercaditoJyR\app\Views\carrito\ProductosEnCarrito.php(156): CodeIgniter\Debug\Exceptions->errorHandler(2, 'Undefined varia...', 'C:\\xampp\\htdocs...', 156)
#1 C:\xampp\htdocs\MercaditoJyR\system\View\View.php(210): include('C:\\xampp\\htdocs...')
#2 C:\xampp\htdocs\MercaditoJyR\system\View\View.php(213): CodeIgniter\View\View->CodeIgniter\View\{closure}()
#3 C:\xampp\htdocs\MercaditoJyR\system\Common.php(1089): CodeIgniter\View\View->render('carrito/Product...', Array, true)
#4 C:\xampp\htdocs\MercaditoJyR\app\Controllers\Carrito_controller.php(99): view('carrito/Product...', Array)
#5 C:\xampp\htdocs\MercaditoJyR\system\CodeIgniter.php(832): App\Controllers\Carrito_controller->productosAgregados()
#6 C:\xampp\htdocs\MercaditoJyR\system\CodeIgniter.php(419): CodeIgniter\CodeIgniter->runController(Object(App\Controllers\Carrito_controller))
#7 C:\xampp\htdocs\MercaditoJyR\system\CodeIgniter.php(326): CodeIgniter\CodeIgniter->handleRequest(NULL, Object(Config\Cache), false)
#8 C:\xampp\htdocs\MercaditoJyR\index.php(45): CodeIgniter\CodeIgniter->run()
#9 {main}
CRITICAL - 2024-11-01 20:45:53 --> Undefined variable $gran_total
#0 C:\xampp\htdocs\MercaditoJyR\app\Views\carrito\ProductosEnCarrito.php(156): CodeIgniter\Debug\Exceptions->errorHandler(2, 'Undefined varia...', 'C:\\xampp\\htdocs...', 156)
#1 C:\xampp\htdocs\MercaditoJyR\system\View\View.php(210): include('C:\\xampp\\htdocs...')
#2 C:\xampp\htdocs\MercaditoJyR\system\View\View.php(213): CodeIgniter\View\View->CodeIgniter\View\{closure}()
#3 C:\xampp\htdocs\MercaditoJyR\system\Common.php(1089): CodeIgniter\View\View->render('carrito/Product...', Array, true)
#4 C:\xampp\htdocs\MercaditoJyR\app\Controllers\Carrito_controller.php(99): view('carrito/Product...', Array)
#5 C:\xampp\htdocs\MercaditoJyR\system\CodeIgniter.php(832): App\Controllers\Carrito_controller->productosAgregados()
#6 C:\xampp\htdocs\MercaditoJyR\system\CodeIgniter.php(419): CodeIgniter\CodeIgniter->runController(Object(App\Controllers\Carrito_controller))
#7 C:\xampp\htdocs\MercaditoJyR\system\CodeIgniter.php(326): CodeIgniter\CodeIgniter->handleRequest(NULL, Object(Config\Cache), false)
#8 C:\xampp\htdocs\MercaditoJyR\index.php(45): CodeIgniter\CodeIgniter->run()
#9 {main}
CRITICAL - 2024-11-01 20:48:00 --> Undefined variable $gran_total
#0 C:\xampp\htdocs\MercaditoJyR\app\Views\carrito\ProductosEnCarrito.php(157): CodeIgniter\Debug\Exceptions->errorHandler(2, 'Undefined varia...', 'C:\\xampp\\htdocs...', 157)
#1 C:\xampp\htdocs\MercaditoJyR\system\View\View.php(210): include('C:\\xampp\\htdocs...')
#2 C:\xampp\htdocs\MercaditoJyR\system\View\View.php(213): CodeIgniter\View\View->CodeIgniter\View\{closure}()
#3 C:\xampp\htdocs\MercaditoJyR\system\Common.php(1089): CodeIgniter\View\View->render('carrito/Product...', Array, true)
#4 C:\xampp\htdocs\MercaditoJyR\app\Controllers\Carrito_controller.php(99): view('carrito/Product...', Array)
#5 C:\xampp\htdocs\MercaditoJyR\system\CodeIgniter.php(832): App\Controllers\Carrito_controller->productosAgregados()
#6 C:\xampp\htdocs\MercaditoJyR\system\CodeIgniter.php(419): CodeIgniter\CodeIgniter->runController(Object(App\Controllers\Carrito_controller))
#7 C:\xampp\htdocs\MercaditoJyR\system\CodeIgniter.php(326): CodeIgniter\CodeIgniter->handleRequest(NULL, Object(Config\Cache), false)
#8 C:\xampp\htdocs\MercaditoJyR\index.php(45): CodeIgniter\CodeIgniter->run()
#9 {main}
CRITICAL - 2024-11-01 20:48:05 --> Undefined variable $gran_total
#0 C:\xampp\htdocs\MercaditoJyR\app\Views\carrito\ProductosEnCarrito.php(157): CodeIgniter\Debug\Exceptions->errorHandler(2, 'Undefined varia...', 'C:\\xampp\\htdocs...', 157)
#1 C:\xampp\htdocs\MercaditoJyR\system\View\View.php(210): include('C:\\xampp\\htdocs...')
#2 C:\xampp\htdocs\MercaditoJyR\system\View\View.php(213): CodeIgniter\View\View->CodeIgniter\View\{closure}()
#3 C:\xampp\htdocs\MercaditoJyR\system\Common.php(1089): CodeIgniter\View\View->render('carrito/Product...', Array, true)
#4 C:\xampp\htdocs\MercaditoJyR\app\Controllers\Carrito_controller.php(99): view('carrito/Product...', Array)
#5 C:\xampp\htdocs\MercaditoJyR\system\CodeIgniter.php(832): App\Controllers\Carrito_controller->productosAgregados()
#6 C:\xampp\htdocs\MercaditoJyR\system\CodeIgniter.php(419): CodeIgniter\CodeIgniter->runController(Object(App\Controllers\Carrito_controller))
#7 C:\xampp\htdocs\MercaditoJyR\system\CodeIgniter.php(326): CodeIgniter\CodeIgniter->handleRequest(NULL, Object(Config\Cache), false)
#8 C:\xampp\htdocs\MercaditoJyR\index.php(45): CodeIgniter\CodeIgniter->run()
#9 {main}
CRITICAL - 2024-11-01 20:49:56 --> Undefined variable $gran_total
#0 C:\xampp\htdocs\MercaditoJyR\app\Views\carrito\ProductosEnCarrito.php(157): CodeIgniter\Debug\Exceptions->errorHandler(2, 'Undefined varia...', 'C:\\xampp\\htdocs...', 157)
#1 C:\xampp\htdocs\MercaditoJyR\system\View\View.php(210): include('C:\\xampp\\htdocs...')
#2 C:\xampp\htdocs\MercaditoJyR\system\View\View.php(213): CodeIgniter\View\View->CodeIgniter\View\{closure}()
#3 C:\xampp\htdocs\MercaditoJyR\system\Common.php(1089): CodeIgniter\View\View->render('carrito/Product...', Array, true)
#4 C:\xampp\htdocs\MercaditoJyR\app\Controllers\Carrito_controller.php(99): view('carrito/Product...', Array)
#5 C:\xampp\htdocs\MercaditoJyR\system\CodeIgniter.php(832): App\Controllers\Carrito_controller->productosAgregados()
#6 C:\xampp\htdocs\MercaditoJyR\system\CodeIgniter.php(419): CodeIgniter\CodeIgniter->runController(Object(App\Controllers\Carrito_controller))
#7 C:\xampp\htdocs\MercaditoJyR\system\CodeIgniter.php(326): CodeIgniter\CodeIgniter->handleRequest(NULL, Object(Config\Cache), false)
#8 C:\xampp\htdocs\MercaditoJyR\index.php(45): CodeIgniter\CodeIgniter->run()
#9 {main}
