CRITICAL - 2024-10-31 17:06:01 --> Undefined variable $id
#0 C:\xampp\htdocs\MercaditoJyR\app\Views\comprasXcliente\ListaCompras_view.php(11): CodeIgniter\Debug\Exceptions->errorHandler(2, 'Undefined varia...', 'C:\\xampp\\htdocs...', 11)
#1 C:\xampp\htdocs\MercaditoJyR\system\View\View.php(210): include('C:\\xampp\\htdocs...')
#2 C:\xampp\htdocs\MercaditoJyR\system\View\View.php(213): CodeIgniter\View\View->CodeIgniter\View\{closure}()
#3 C:\xampp\htdocs\MercaditoJyR\system\Common.php(1089): CodeIgniter\View\View->render('comprasXcliente...', Array, true)
#4 C:\xampp\htdocs\MercaditoJyR\app\Controllers\Carrito_controller.php(63): view('comprasXcliente...', Array)
#5 C:\xampp\htdocs\MercaditoJyR\system\CodeIgniter.php(832): App\Controllers\Carrito_controller->ListComprasCabeceraCliente('2')
#6 C:\xampp\htdocs\MercaditoJyR\system\CodeIgniter.php(419): CodeIgniter\CodeIgniter->runController(Object(App\Controllers\Carrito_controller))
#7 C:\xampp\htdocs\MercaditoJyR\system\CodeIgniter.php(326): CodeIgniter\CodeIgniter->handleRequest(NULL, Object(Config\Cache), false)
#8 C:\xampp\htdocs\MercaditoJyR\index.php(45): CodeIgniter\CodeIgniter->run()
#9 {main}
CRITICAL - 2024-10-31 17:21:06 --> Undefined array key "imagen"
#0 C:\xampp\htdocs\MercaditoJyR\app\Views\carrito\ProductosEnCarrito.php(65): CodeIgniter\Debug\Exceptions->errorHandler(2, 'Undefined array...', 'C:\\xampp\\htdocs...', 65)
#1 C:\xampp\htdocs\MercaditoJyR\system\View\View.php(210): include('C:\\xampp\\htdocs...')
#2 C:\xampp\htdocs\MercaditoJyR\system\View\View.php(213): CodeIgniter\View\View->CodeIgniter\View\{closure}()
#3 C:\xampp\htdocs\MercaditoJyR\system\Common.php(1089): CodeIgniter\View\View->render('carrito/Product...', Array, true)
#4 C:\xampp\htdocs\MercaditoJyR\app\Controllers\Carrito_controller.php(92): view('carrito/Product...', Array)
#5 C:\xampp\htdocs\MercaditoJyR\system\CodeIgniter.php(832): App\Controllers\Carrito_controller->productosAgregados()
#6 C:\xampp\htdocs\MercaditoJyR\system\CodeIgniter.php(419): CodeIgniter\CodeIgniter->runController(Object(App\Controllers\Carrito_controller))
#7 C:\xampp\htdocs\MercaditoJyR\system\CodeIgniter.php(326): CodeIgniter\CodeIgniter->handleRequest(NULL, Object(Config\Cache), false)
#8 C:\xampp\htdocs\MercaditoJyR\index.php(45): CodeIgniter\CodeIgniter->run()
#9 {main}
CRITICAL - 2024-10-31 17:22:32 --> syntax error, unexpected single-quoted string "qty", expecting ")"
#0 C:\xampp\htdocs\MercaditoJyR\system\Autoloader\Autoloader.php(241): CodeIgniter\Autoloader\Autoloader->includeFile('C:\\xampp\\htdocs...')
#1 C:\xampp\htdocs\MercaditoJyR\system\Autoloader\Autoloader.php(219): CodeIgniter\Autoloader\Autoloader->loadInNamespace('App\\Controllers...')
#2 [internal function]: CodeIgniter\Autoloader\Autoloader->loadClass('App\\Controllers...')
#3 C:\xampp\htdocs\MercaditoJyR\system\CodeIgniter.php(797): class_exists('\\App\\Controller...', true)
#4 C:\xampp\htdocs\MercaditoJyR\system\CodeIgniter.php(406): CodeIgniter\CodeIgniter->startController()
#5 C:\xampp\htdocs\MercaditoJyR\system\CodeIgniter.php(326): CodeIgniter\CodeIgniter->handleRequest(NULL, Object(Config\Cache), false)
#6 C:\xampp\htdocs\MercaditoJyR\index.php(45): CodeIgniter\CodeIgniter->run()
#7 {main}
CRITICAL - 2024-10-31 17:28:14 --> Undefined array key 0
#0 C:\xampp\htdocs\MercaditoJyR\app\Controllers\Login_controller.php(47): CodeIgniter\Debug\Exceptions->errorHandler(2, 'Undefined array...', 'C:\\xampp\\htdocs...', 47)
#1 C:\xampp\htdocs\MercaditoJyR\system\CodeIgniter.php(832): App\Controllers\Login_controller->auth()
#2 C:\xampp\htdocs\MercaditoJyR\system\CodeIgniter.php(419): CodeIgniter\CodeIgniter->runController(Object(App\Controllers\Login_controller))
#3 C:\xampp\htdocs\MercaditoJyR\system\CodeIgniter.php(326): CodeIgniter\CodeIgniter->handleRequest(NULL, Object(Config\Cache), false)
#4 C:\xampp\htdocs\MercaditoJyR\index.php(45): CodeIgniter\CodeIgniter->run()
#5 {main}
CRITICAL - 2024-10-31 17:28:59 --> Cannot use object of type CodeIgniter\Session\Session as array
#0 C:\xampp\htdocs\MercaditoJyR\system\CodeIgniter.php(832): App\Controllers\Login_controller->auth()
#1 C:\xampp\htdocs\MercaditoJyR\system\CodeIgniter.php(419): CodeIgniter\CodeIgniter->runController(Object(App\Controllers\Login_controller))
#2 C:\xampp\htdocs\MercaditoJyR\system\CodeIgniter.php(326): CodeIgniter\CodeIgniter->handleRequest(NULL, Object(Config\Cache), false)
#3 C:\xampp\htdocs\MercaditoJyR\index.php(45): CodeIgniter\CodeIgniter->run()
#4 {main}
CRITICAL - 2024-10-31 17:29:27 --> Cannot use object of type CodeIgniter\Session\Session as array
#0 C:\xampp\htdocs\MercaditoJyR\system\CodeIgniter.php(832): App\Controllers\Login_controller->auth()
#1 C:\xampp\htdocs\MercaditoJyR\system\CodeIgniter.php(419): CodeIgniter\CodeIgniter->runController(Object(App\Controllers\Login_controller))
#2 C:\xampp\htdocs\MercaditoJyR\system\CodeIgniter.php(326): CodeIgniter\CodeIgniter->handleRequest(NULL, Object(Config\Cache), false)
#3 C:\xampp\htdocs\MercaditoJyR\index.php(45): CodeIgniter\CodeIgniter->run()
#4 {main}
CRITICAL - 2024-10-31 17:42:02 --> syntax error, unexpected single-quoted string "qty", expecting ")"
#0 C:\xampp\htdocs\MercaditoJyR\system\Autoloader\Autoloader.php(241): CodeIgniter\Autoloader\Autoloader->includeFile('C:\\xampp\\htdocs...')
#1 C:\xampp\htdocs\MercaditoJyR\system\Autoloader\Autoloader.php(219): CodeIgniter\Autoloader\Autoloader->loadInNamespace('App\\Controllers...')
#2 [internal function]: CodeIgniter\Autoloader\Autoloader->loadClass('App\\Controllers...')
#3 C:\xampp\htdocs\MercaditoJyR\system\CodeIgniter.php(797): class_exists('\\App\\Controller...', true)
#4 C:\xampp\htdocs\MercaditoJyR\system\CodeIgniter.php(406): CodeIgniter\CodeIgniter->startController()
#5 C:\xampp\htdocs\MercaditoJyR\system\CodeIgniter.php(326): CodeIgniter\CodeIgniter->handleRequest(NULL, Object(Config\Cache), false)
#6 C:\xampp\htdocs\MercaditoJyR\index.php(45): CodeIgniter\CodeIgniter->run()
#7 {main}
CRITICAL - 2024-10-31 17:42:54 --> Undefined array key "imagen"
#0 C:\xampp\htdocs\MercaditoJyR\app\Controllers\Carrito_controller.php(103): CodeIgniter\Debug\Exceptions->errorHandler(2, 'Undefined array...', 'C:\\xampp\\htdocs...', 103)
#1 C:\xampp\htdocs\MercaditoJyR\system\CodeIgniter.php(832): App\Controllers\Carrito_controller->add()
#2 C:\xampp\htdocs\MercaditoJyR\system\CodeIgniter.php(419): CodeIgniter\CodeIgniter->runController(Object(App\Controllers\Carrito_controller))
#3 C:\xampp\htdocs\MercaditoJyR\system\CodeIgniter.php(326): CodeIgniter\CodeIgniter->handleRequest(NULL, Object(Config\Cache), false)
#4 C:\xampp\htdocs\MercaditoJyR\index.php(45): CodeIgniter\CodeIgniter->run()
#5 {main}
