CRITICAL - 2022-05-16 07:53:38 --> Unmatched '}'
#0 C:\xampp\htdocs\AlcarazOjedaLeandro-P1\system\Autoloader\Autoloader.php(241): CodeIgniter\Autoloader\Autoloader->includeFile('C:\\xampp\\htdocs...')
#1 C:\xampp\htdocs\AlcarazOjedaLeandro-P1\system\Autoloader\Autoloader.php(219): CodeIgniter\Autoloader\Autoloader->loadInNamespace('App\\Controllers...')
#2 [internal function]: CodeIgniter\Autoloader\Autoloader->loadClass('App\\Controllers...')
#3 C:\xampp\htdocs\AlcarazOjedaLeandro-P1\system\CodeIgniter.php(797): class_exists('\\App\\Controller...', true)
#4 C:\xampp\htdocs\AlcarazOjedaLeandro-P1\system\CodeIgniter.php(406): CodeIgniter\CodeIgniter->startController()
#5 C:\xampp\htdocs\AlcarazOjedaLeandro-P1\system\CodeIgniter.php(326): CodeIgniter\CodeIgniter->handleRequest(NULL, Object(Config\Cache), false)
#6 C:\xampp\htdocs\AlcarazOjedaLeandro-P1\index.php(37): CodeIgniter\CodeIgniter->run()
#7 {main}
CRITICAL - 2022-05-16 07:53:39 --> Unmatched '}'
#0 C:\xampp\htdocs\AlcarazOjedaLeandro-P1\system\Autoloader\Autoloader.php(241): CodeIgniter\Autoloader\Autoloader->includeFile('C:\\xampp\\htdocs...')
#1 C:\xampp\htdocs\AlcarazOjedaLeandro-P1\system\Autoloader\Autoloader.php(219): CodeIgniter\Autoloader\Autoloader->loadInNamespace('App\\Controllers...')
#2 [internal function]: CodeIgniter\Autoloader\Autoloader->loadClass('App\\Controllers...')
#3 C:\xampp\htdocs\AlcarazOjedaLeandro-P1\system\CodeIgniter.php(797): class_exists('\\App\\Controller...', true)
#4 C:\xampp\htdocs\AlcarazOjedaLeandro-P1\system\CodeIgniter.php(406): CodeIgniter\CodeIgniter->startController()
#5 C:\xampp\htdocs\AlcarazOjedaLeandro-P1\system\CodeIgniter.php(326): CodeIgniter\CodeIgniter->handleRequest(NULL, Object(Config\Cache), false)
#6 C:\xampp\htdocs\AlcarazOjedaLeandro-P1\index.php(37): CodeIgniter\CodeIgniter->run()
#7 {main}
CRITICAL - 2022-05-16 07:53:44 --> Unmatched '}'
#0 C:\xampp\htdocs\AlcarazOjedaLeandro-P1\system\Autoloader\Autoloader.php(241): CodeIgniter\Autoloader\Autoloader->includeFile('C:\\xampp\\htdocs...')
#1 C:\xampp\htdocs\AlcarazOjedaLeandro-P1\system\Autoloader\Autoloader.php(219): CodeIgniter\Autoloader\Autoloader->loadInNamespace('App\\Controllers...')
#2 [internal function]: CodeIgniter\Autoloader\Autoloader->loadClass('App\\Controllers...')
#3 C:\xampp\htdocs\AlcarazOjedaLeandro-P1\system\CodeIgniter.php(797): class_exists('\\App\\Controller...', true)
#4 C:\xampp\htdocs\AlcarazOjedaLeandro-P1\system\CodeIgniter.php(406): CodeIgniter\CodeIgniter->startController()
#5 C:\xampp\htdocs\AlcarazOjedaLeandro-P1\system\CodeIgniter.php(326): CodeIgniter\CodeIgniter->handleRequest(NULL, Object(Config\Cache), false)
#6 C:\xampp\htdocs\AlcarazOjedaLeandro-P1\index.php(37): CodeIgniter\CodeIgniter->run()
#7 {main}
ERROR - 2022-05-16 07:55:45 --> Column 'nombre' cannot be null
ERROR - 2022-05-16 07:56:09 --> Column 'nombre' cannot be null
CRITICAL - 2022-05-16 10:47:10 --> Undefined variable $titulo
#0 C:\xampp\htdocs\AlcarazOjedaLeandro-P1\app\Views\header.php(5): CodeIgniter\Debug\Exceptions->errorHandler(2, 'Undefined varia...', 'C:\\xampp\\htdocs...', 5)
#1 C:\xampp\htdocs\AlcarazOjedaLeandro-P1\system\View\View.php(210): include('C:\\xampp\\htdocs...')
#2 C:\xampp\htdocs\AlcarazOjedaLeandro-P1\system\View\View.php(213): CodeIgniter\View\View->CodeIgniter\View\{closure}()
#3 C:\xampp\htdocs\AlcarazOjedaLeandro-P1\system\Common.php(1089): CodeIgniter\View\View->render('header', Array, true)
#4 C:\xampp\htdocs\AlcarazOjedaLeandro-P1\app\Controllers\Home.php(29): view('header')
#5 C:\xampp\htdocs\AlcarazOjedaLeandro-P1\system\CodeIgniter.php(832): App\Controllers\Home->quienes_somos()
#6 C:\xampp\htdocs\AlcarazOjedaLeandro-P1\system\CodeIgniter.php(419): CodeIgniter\CodeIgniter->runController(Object(App\Controllers\Home))
#7 C:\xampp\htdocs\AlcarazOjedaLeandro-P1\system\CodeIgniter.php(326): CodeIgniter\CodeIgniter->handleRequest(NULL, Object(Config\Cache), false)
#8 C:\xampp\htdocs\AlcarazOjedaLeandro-P1\index.php(37): CodeIgniter\CodeIgniter->run()
#9 {main}
CRITICAL - 2022-05-16 10:47:20 --> Undefined variable $titulo
#0 C:\xampp\htdocs\AlcarazOjedaLeandro-P1\app\Views\header.php(5): CodeIgniter\Debug\Exceptions->errorHandler(2, 'Undefined varia...', 'C:\\xampp\\htdocs...', 5)
#1 C:\xampp\htdocs\AlcarazOjedaLeandro-P1\system\View\View.php(210): include('C:\\xampp\\htdocs...')
#2 C:\xampp\htdocs\AlcarazOjedaLeandro-P1\system\View\View.php(213): CodeIgniter\View\View->CodeIgniter\View\{closure}()
#3 C:\xampp\htdocs\AlcarazOjedaLeandro-P1\system\Common.php(1089): CodeIgniter\View\View->render('header', Array, true)
#4 C:\xampp\htdocs\AlcarazOjedaLeandro-P1\app\Controllers\Home.php(74): view('header')
#5 C:\xampp\htdocs\AlcarazOjedaLeandro-P1\system\CodeIgniter.php(832): App\Controllers\Home->terminos_usos()
#6 C:\xampp\htdocs\AlcarazOjedaLeandro-P1\system\CodeIgniter.php(419): CodeIgniter\CodeIgniter->runController(Object(App\Controllers\Home))
#7 C:\xampp\htdocs\AlcarazOjedaLeandro-P1\system\CodeIgniter.php(326): CodeIgniter\CodeIgniter->handleRequest(NULL, Object(Config\Cache), false)
#8 C:\xampp\htdocs\AlcarazOjedaLeandro-P1\index.php(37): CodeIgniter\CodeIgniter->run()
#9 {main}
CRITICAL - 2022-05-16 10:47:52 --> Undefined variable $titulo
#0 C:\xampp\htdocs\AlcarazOjedaLeandro-P1\app\Views\header.php(5): CodeIgniter\Debug\Exceptions->errorHandler(2, 'Undefined varia...', 'C:\\xampp\\htdocs...', 5)
#1 C:\xampp\htdocs\AlcarazOjedaLeandro-P1\system\View\View.php(210): include('C:\\xampp\\htdocs...')
#2 C:\xampp\htdocs\AlcarazOjedaLeandro-P1\system\View\View.php(213): CodeIgniter\View\View->CodeIgniter\View\{closure}()
#3 C:\xampp\htdocs\AlcarazOjedaLeandro-P1\system\Common.php(1089): CodeIgniter\View\View->render('header', Array, true)
#4 C:\xampp\htdocs\AlcarazOjedaLeandro-P1\app\Controllers\Home.php(57): view('header')
#5 C:\xampp\htdocs\AlcarazOjedaLeandro-P1\system\CodeIgniter.php(832): App\Controllers\Home->contacto()
#6 C:\xampp\htdocs\AlcarazOjedaLeandro-P1\system\CodeIgniter.php(419): CodeIgniter\CodeIgniter->runController(Object(App\Controllers\Home))
#7 C:\xampp\htdocs\AlcarazOjedaLeandro-P1\system\CodeIgniter.php(326): CodeIgniter\CodeIgniter->handleRequest(NULL, Object(Config\Cache), false)
#8 C:\xampp\htdocs\AlcarazOjedaLeandro-P1\index.php(37): CodeIgniter\CodeIgniter->run()
#9 {main}
CRITICAL - 2022-05-16 11:00:50 --> Call to a member function withRequest() on bool
#0 C:\xampp\htdocs\AlcarazOjedaLeandro-P1\system\CodeIgniter.php(832): App\Controllers\Usuario_controller->formValidation()
#1 C:\xampp\htdocs\AlcarazOjedaLeandro-P1\system\CodeIgniter.php(419): CodeIgniter\CodeIgniter->runController(Object(App\Controllers\Usuario_controller))
#2 C:\xampp\htdocs\AlcarazOjedaLeandro-P1\system\CodeIgniter.php(326): CodeIgniter\CodeIgniter->handleRequest(NULL, Object(Config\Cache), false)
#3 C:\xampp\htdocs\AlcarazOjedaLeandro-P1\index.php(37): CodeIgniter\CodeIgniter->run()
#4 {main}
ERROR - 2022-05-16 14:00:25 --> Column 'nombre' cannot be null
ERROR - 2022-05-16 14:01:07 --> Column 'nombre' cannot be null
ERROR - 2022-05-16 14:13:02 --> Column 'nombre' cannot be null
CRITICAL - 2022-05-16 14:17:57 --> Undefined variable $validation
#0 C:\xampp\htdocs\AlcarazOjedaLeandro-P1\app\Controllers\Usuario_controller.php(24): CodeIgniter\Debug\Exceptions->errorHandler(2, 'Undefined varia...', 'C:\\xampp\\htdocs...', 24)
#1 C:\xampp\htdocs\AlcarazOjedaLeandro-P1\system\CodeIgniter.php(832): App\Controllers\Usuario_controller->formValidation()
#2 C:\xampp\htdocs\AlcarazOjedaLeandro-P1\system\CodeIgniter.php(419): CodeIgniter\CodeIgniter->runController(Object(App\Controllers\Usuario_controller))
#3 C:\xampp\htdocs\AlcarazOjedaLeandro-P1\system\CodeIgniter.php(326): CodeIgniter\CodeIgniter->handleRequest(NULL, Object(Config\Cache), false)
#4 C:\xampp\htdocs\AlcarazOjedaLeandro-P1\index.php(37): CodeIgniter\CodeIgniter->run()
#5 {main}
CRITICAL - 2022-05-16 14:17:58 --> Undefined variable $validation
#0 C:\xampp\htdocs\AlcarazOjedaLeandro-P1\app\Controllers\Usuario_controller.php(24): CodeIgniter\Debug\Exceptions->errorHandler(2, 'Undefined varia...', 'C:\\xampp\\htdocs...', 24)
#1 C:\xampp\htdocs\AlcarazOjedaLeandro-P1\system\CodeIgniter.php(832): App\Controllers\Usuario_controller->formValidation()
#2 C:\xampp\htdocs\AlcarazOjedaLeandro-P1\system\CodeIgniter.php(419): CodeIgniter\CodeIgniter->runController(Object(App\Controllers\Usuario_controller))
#3 C:\xampp\htdocs\AlcarazOjedaLeandro-P1\system\CodeIgniter.php(326): CodeIgniter\CodeIgniter->handleRequest(NULL, Object(Config\Cache), false)
#4 C:\xampp\htdocs\AlcarazOjedaLeandro-P1\index.php(37): CodeIgniter\CodeIgniter->run()
#5 {main}
CRITICAL - 2022-05-16 14:17:58 --> Undefined variable $validation
#0 C:\xampp\htdocs\AlcarazOjedaLeandro-P1\app\Controllers\Usuario_controller.php(24): CodeIgniter\Debug\Exceptions->errorHandler(2, 'Undefined varia...', 'C:\\xampp\\htdocs...', 24)
#1 C:\xampp\htdocs\AlcarazOjedaLeandro-P1\system\CodeIgniter.php(832): App\Controllers\Usuario_controller->formValidation()
#2 C:\xampp\htdocs\AlcarazOjedaLeandro-P1\system\CodeIgniter.php(419): CodeIgniter\CodeIgniter->runController(Object(App\Controllers\Usuario_controller))
#3 C:\xampp\htdocs\AlcarazOjedaLeandro-P1\system\CodeIgniter.php(326): CodeIgniter\CodeIgniter->handleRequest(NULL, Object(Config\Cache), false)
#4 C:\xampp\htdocs\AlcarazOjedaLeandro-P1\index.php(37): CodeIgniter\CodeIgniter->run()
#5 {main}
CRITICAL - 2022-05-16 14:22:16 --> Call to undefined function validation_errors()
#0 C:\xampp\htdocs\AlcarazOjedaLeandro-P1\system\View\View.php(210): include()
#1 C:\xampp\htdocs\AlcarazOjedaLeandro-P1\system\View\View.php(213): CodeIgniter\View\View->CodeIgniter\View\{closure}()
#2 C:\xampp\htdocs\AlcarazOjedaLeandro-P1\system\Common.php(1089): CodeIgniter\View\View->render('Usuario/registr...', Array, true)
#3 C:\xampp\htdocs\AlcarazOjedaLeandro-P1\app\Controllers\Usuario_controller.php(16): view('Usuario/registr...')
#4 C:\xampp\htdocs\AlcarazOjedaLeandro-P1\system\CodeIgniter.php(832): App\Controllers\Usuario_controller->create()
#5 C:\xampp\htdocs\AlcarazOjedaLeandro-P1\system\CodeIgniter.php(419): CodeIgniter\CodeIgniter->runController(Object(App\Controllers\Usuario_controller))
#6 C:\xampp\htdocs\AlcarazOjedaLeandro-P1\system\CodeIgniter.php(326): CodeIgniter\CodeIgniter->handleRequest(NULL, Object(Config\Cache), false)
#7 C:\xampp\htdocs\AlcarazOjedaLeandro-P1\index.php(37): CodeIgniter\CodeIgniter->run()
#8 {main}
CRITICAL - 2022-05-16 14:22:18 --> Call to undefined function validation_errors()
#0 C:\xampp\htdocs\AlcarazOjedaLeandro-P1\system\View\View.php(210): include()
#1 C:\xampp\htdocs\AlcarazOjedaLeandro-P1\system\View\View.php(213): CodeIgniter\View\View->CodeIgniter\View\{closure}()
#2 C:\xampp\htdocs\AlcarazOjedaLeandro-P1\system\Common.php(1089): CodeIgniter\View\View->render('Usuario/registr...', Array, true)
#3 C:\xampp\htdocs\AlcarazOjedaLeandro-P1\app\Controllers\Usuario_controller.php(16): view('Usuario/registr...')
#4 C:\xampp\htdocs\AlcarazOjedaLeandro-P1\system\CodeIgniter.php(832): App\Controllers\Usuario_controller->create()
#5 C:\xampp\htdocs\AlcarazOjedaLeandro-P1\system\CodeIgniter.php(419): CodeIgniter\CodeIgniter->runController(Object(App\Controllers\Usuario_controller))
#6 C:\xampp\htdocs\AlcarazOjedaLeandro-P1\system\CodeIgniter.php(326): CodeIgniter\CodeIgniter->handleRequest(NULL, Object(Config\Cache), false)
#7 C:\xampp\htdocs\AlcarazOjedaLeandro-P1\index.php(37): CodeIgniter\CodeIgniter->run()
#8 {main}
CRITICAL - 2022-05-16 14:22:18 --> Call to undefined function validation_errors()
#0 C:\xampp\htdocs\AlcarazOjedaLeandro-P1\system\View\View.php(210): include()
#1 C:\xampp\htdocs\AlcarazOjedaLeandro-P1\system\View\View.php(213): CodeIgniter\View\View->CodeIgniter\View\{closure}()
#2 C:\xampp\htdocs\AlcarazOjedaLeandro-P1\system\Common.php(1089): CodeIgniter\View\View->render('Usuario/registr...', Array, true)
#3 C:\xampp\htdocs\AlcarazOjedaLeandro-P1\app\Controllers\Usuario_controller.php(16): view('Usuario/registr...')
#4 C:\xampp\htdocs\AlcarazOjedaLeandro-P1\system\CodeIgniter.php(832): App\Controllers\Usuario_controller->create()
#5 C:\xampp\htdocs\AlcarazOjedaLeandro-P1\system\CodeIgniter.php(419): CodeIgniter\CodeIgniter->runController(Object(App\Controllers\Usuario_controller))
#6 C:\xampp\htdocs\AlcarazOjedaLeandro-P1\system\CodeIgniter.php(326): CodeIgniter\CodeIgniter->handleRequest(NULL, Object(Config\Cache), false)
#7 C:\xampp\htdocs\AlcarazOjedaLeandro-P1\index.php(37): CodeIgniter\CodeIgniter->run()
#8 {main}
CRITICAL - 2022-05-16 14:23:19 --> Call to undefined function validation_errors()
#0 C:\xampp\htdocs\AlcarazOjedaLeandro-P1\system\View\View.php(210): include()
#1 C:\xampp\htdocs\AlcarazOjedaLeandro-P1\system\View\View.php(213): CodeIgniter\View\View->CodeIgniter\View\{closure}()
#2 C:\xampp\htdocs\AlcarazOjedaLeandro-P1\system\Common.php(1089): CodeIgniter\View\View->render('Usuario/registr...', Array, true)
#3 C:\xampp\htdocs\AlcarazOjedaLeandro-P1\app\Controllers\Usuario_controller.php(16): view('Usuario/registr...')
#4 C:\xampp\htdocs\AlcarazOjedaLeandro-P1\system\CodeIgniter.php(832): App\Controllers\Usuario_controller->create()
#5 C:\xampp\htdocs\AlcarazOjedaLeandro-P1\system\CodeIgniter.php(419): CodeIgniter\CodeIgniter->runController(Object(App\Controllers\Usuario_controller))
#6 C:\xampp\htdocs\AlcarazOjedaLeandro-P1\system\CodeIgniter.php(326): CodeIgniter\CodeIgniter->handleRequest(NULL, Object(Config\Cache), false)
#7 C:\xampp\htdocs\AlcarazOjedaLeandro-P1\index.php(37): CodeIgniter\CodeIgniter->run()
#8 {main}
CRITICAL - 2022-05-16 14:23:19 --> Call to undefined function validation_errors()
#0 C:\xampp\htdocs\AlcarazOjedaLeandro-P1\system\View\View.php(210): include()
#1 C:\xampp\htdocs\AlcarazOjedaLeandro-P1\system\View\View.php(213): CodeIgniter\View\View->CodeIgniter\View\{closure}()
#2 C:\xampp\htdocs\AlcarazOjedaLeandro-P1\system\Common.php(1089): CodeIgniter\View\View->render('Usuario/registr...', Array, true)
#3 C:\xampp\htdocs\AlcarazOjedaLeandro-P1\app\Controllers\Usuario_controller.php(16): view('Usuario/registr...')
#4 C:\xampp\htdocs\AlcarazOjedaLeandro-P1\system\CodeIgniter.php(832): App\Controllers\Usuario_controller->create()
#5 C:\xampp\htdocs\AlcarazOjedaLeandro-P1\system\CodeIgniter.php(419): CodeIgniter\CodeIgniter->runController(Object(App\Controllers\Usuario_controller))
#6 C:\xampp\htdocs\AlcarazOjedaLeandro-P1\system\CodeIgniter.php(326): CodeIgniter\CodeIgniter->handleRequest(NULL, Object(Config\Cache), false)
#7 C:\xampp\htdocs\AlcarazOjedaLeandro-P1\index.php(37): CodeIgniter\CodeIgniter->run()
#8 {main}
CRITICAL - 2022-05-16 14:23:21 --> Call to undefined function validation_errors()
#0 C:\xampp\htdocs\AlcarazOjedaLeandro-P1\system\View\View.php(210): include()
#1 C:\xampp\htdocs\AlcarazOjedaLeandro-P1\system\View\View.php(213): CodeIgniter\View\View->CodeIgniter\View\{closure}()
#2 C:\xampp\htdocs\AlcarazOjedaLeandro-P1\system\Common.php(1089): CodeIgniter\View\View->render('Usuario/registr...', Array, true)
#3 C:\xampp\htdocs\AlcarazOjedaLeandro-P1\app\Controllers\Usuario_controller.php(16): view('Usuario/registr...')
#4 C:\xampp\htdocs\AlcarazOjedaLeandro-P1\system\CodeIgniter.php(832): App\Controllers\Usuario_controller->create()
#5 C:\xampp\htdocs\AlcarazOjedaLeandro-P1\system\CodeIgniter.php(419): CodeIgniter\CodeIgniter->runController(Object(App\Controllers\Usuario_controller))
#6 C:\xampp\htdocs\AlcarazOjedaLeandro-P1\system\CodeIgniter.php(326): CodeIgniter\CodeIgniter->handleRequest(NULL, Object(Config\Cache), false)
#7 C:\xampp\htdocs\AlcarazOjedaLeandro-P1\index.php(37): CodeIgniter\CodeIgniter->run()
#8 {main}
CRITICAL - 2022-05-16 14:23:23 --> Call to undefined function validation_errors()
#0 C:\xampp\htdocs\AlcarazOjedaLeandro-P1\system\View\View.php(210): include()
#1 C:\xampp\htdocs\AlcarazOjedaLeandro-P1\system\View\View.php(213): CodeIgniter\View\View->CodeIgniter\View\{closure}()
#2 C:\xampp\htdocs\AlcarazOjedaLeandro-P1\system\Common.php(1089): CodeIgniter\View\View->render('Usuario/registr...', Array, true)
#3 C:\xampp\htdocs\AlcarazOjedaLeandro-P1\app\Controllers\Usuario_controller.php(16): view('Usuario/registr...')
#4 C:\xampp\htdocs\AlcarazOjedaLeandro-P1\system\CodeIgniter.php(832): App\Controllers\Usuario_controller->create()
#5 C:\xampp\htdocs\AlcarazOjedaLeandro-P1\system\CodeIgniter.php(419): CodeIgniter\CodeIgniter->runController(Object(App\Controllers\Usuario_controller))
#6 C:\xampp\htdocs\AlcarazOjedaLeandro-P1\system\CodeIgniter.php(326): CodeIgniter\CodeIgniter->handleRequest(NULL, Object(Config\Cache), false)
#7 C:\xampp\htdocs\AlcarazOjedaLeandro-P1\index.php(37): CodeIgniter\CodeIgniter->run()
#8 {main}
CRITICAL - 2022-05-16 14:23:59 --> Call to undefined function validation_errors()
#0 C:\xampp\htdocs\AlcarazOjedaLeandro-P1\system\View\View.php(210): include()
#1 C:\xampp\htdocs\AlcarazOjedaLeandro-P1\system\View\View.php(213): CodeIgniter\View\View->CodeIgniter\View\{closure}()
#2 C:\xampp\htdocs\AlcarazOjedaLeandro-P1\system\Common.php(1089): CodeIgniter\View\View->render('Usuario/registr...', Array, true)
#3 C:\xampp\htdocs\AlcarazOjedaLeandro-P1\app\Controllers\Usuario_controller.php(16): view('Usuario/registr...')
#4 C:\xampp\htdocs\AlcarazOjedaLeandro-P1\system\CodeIgniter.php(832): App\Controllers\Usuario_controller->create()
#5 C:\xampp\htdocs\AlcarazOjedaLeandro-P1\system\CodeIgniter.php(419): CodeIgniter\CodeIgniter->runController(Object(App\Controllers\Usuario_controller))
#6 C:\xampp\htdocs\AlcarazOjedaLeandro-P1\system\CodeIgniter.php(326): CodeIgniter\CodeIgniter->handleRequest(NULL, Object(Config\Cache), false)
#7 C:\xampp\htdocs\AlcarazOjedaLeandro-P1\index.php(37): CodeIgniter\CodeIgniter->run()
#8 {main}
CRITICAL - 2022-05-16 14:23:59 --> Call to undefined function validation_errors()
#0 C:\xampp\htdocs\AlcarazOjedaLeandro-P1\system\View\View.php(210): include()
#1 C:\xampp\htdocs\AlcarazOjedaLeandro-P1\system\View\View.php(213): CodeIgniter\View\View->CodeIgniter\View\{closure}()
#2 C:\xampp\htdocs\AlcarazOjedaLeandro-P1\system\Common.php(1089): CodeIgniter\View\View->render('Usuario/registr...', Array, true)
#3 C:\xampp\htdocs\AlcarazOjedaLeandro-P1\app\Controllers\Usuario_controller.php(16): view('Usuario/registr...')
#4 C:\xampp\htdocs\AlcarazOjedaLeandro-P1\system\CodeIgniter.php(832): App\Controllers\Usuario_controller->create()
#5 C:\xampp\htdocs\AlcarazOjedaLeandro-P1\system\CodeIgniter.php(419): CodeIgniter\CodeIgniter->runController(Object(App\Controllers\Usuario_controller))
#6 C:\xampp\htdocs\AlcarazOjedaLeandro-P1\system\CodeIgniter.php(326): CodeIgniter\CodeIgniter->handleRequest(NULL, Object(Config\Cache), false)
#7 C:\xampp\htdocs\AlcarazOjedaLeandro-P1\index.php(37): CodeIgniter\CodeIgniter->run()
#8 {main}
CRITICAL - 2022-05-16 14:24:00 --> Call to undefined function validation_errors()
#0 C:\xampp\htdocs\AlcarazOjedaLeandro-P1\system\View\View.php(210): include()
#1 C:\xampp\htdocs\AlcarazOjedaLeandro-P1\system\View\View.php(213): CodeIgniter\View\View->CodeIgniter\View\{closure}()
#2 C:\xampp\htdocs\AlcarazOjedaLeandro-P1\system\Common.php(1089): CodeIgniter\View\View->render('Usuario/registr...', Array, true)
#3 C:\xampp\htdocs\AlcarazOjedaLeandro-P1\app\Controllers\Usuario_controller.php(16): view('Usuario/registr...')
#4 C:\xampp\htdocs\AlcarazOjedaLeandro-P1\system\CodeIgniter.php(832): App\Controllers\Usuario_controller->create()
#5 C:\xampp\htdocs\AlcarazOjedaLeandro-P1\system\CodeIgniter.php(419): CodeIgniter\CodeIgniter->runController(Object(App\Controllers\Usuario_controller))
#6 C:\xampp\htdocs\AlcarazOjedaLeandro-P1\system\CodeIgniter.php(326): CodeIgniter\CodeIgniter->handleRequest(NULL, Object(Config\Cache), false)
#7 C:\xampp\htdocs\AlcarazOjedaLeandro-P1\index.php(37): CodeIgniter\CodeIgniter->run()
#8 {main}
CRITICAL - 2022-05-16 14:24:02 --> Call to undefined function validation_errors()
#0 C:\xampp\htdocs\AlcarazOjedaLeandro-P1\system\View\View.php(210): include()
#1 C:\xampp\htdocs\AlcarazOjedaLeandro-P1\system\View\View.php(213): CodeIgniter\View\View->CodeIgniter\View\{closure}()
#2 C:\xampp\htdocs\AlcarazOjedaLeandro-P1\system\Common.php(1089): CodeIgniter\View\View->render('Usuario/registr...', Array, true)
#3 C:\xampp\htdocs\AlcarazOjedaLeandro-P1\app\Controllers\Usuario_controller.php(16): view('Usuario/registr...')
#4 C:\xampp\htdocs\AlcarazOjedaLeandro-P1\system\CodeIgniter.php(832): App\Controllers\Usuario_controller->create()
#5 C:\xampp\htdocs\AlcarazOjedaLeandro-P1\system\CodeIgniter.php(419): CodeIgniter\CodeIgniter->runController(Object(App\Controllers\Usuario_controller))
#6 C:\xampp\htdocs\AlcarazOjedaLeandro-P1\system\CodeIgniter.php(326): CodeIgniter\CodeIgniter->handleRequest(NULL, Object(Config\Cache), false)
#7 C:\xampp\htdocs\AlcarazOjedaLeandro-P1\index.php(37): CodeIgniter\CodeIgniter->run()
#8 {main}
ERROR - 2022-05-16 17:36:13 --> Cannot add or update a child row: a foreign key constraint fails (`luna_m`.`usuarios`, CONSTRAINT `usuarios_ibfk_1` FOREIGN KEY (`perfil_id`) REFERENCES `perfiles` (`id`))
ERROR - 2022-05-16 17:37:11 --> Cannot add or update a child row: a foreign key constraint fails (`luna_m`.`usuarios`, CONSTRAINT `usuarios_ibfk_1` FOREIGN KEY (`perfil_id`) REFERENCES `perfiles` (`id`))
ERROR - 2022-05-16 17:49:24 --> Cannot add or update a child row: a foreign key constraint fails (`luna_m`.`usuarios`, CONSTRAINT `usuarios_ibfk_1` FOREIGN KEY (`perfil_id`) REFERENCES `perfiles` (`id`))
ERROR - 2022-05-16 17:58:53 --> Cannot add or update a child row: a foreign key constraint fails (`luna_m`.`usuarios`, CONSTRAINT `usuarios_ibfk_1` FOREIGN KEY (`perfil_id`) REFERENCES `perfiles` (`id`))
ERROR - 2022-05-16 18:05:14 --> Cannot add or update a child row: a foreign key constraint fails (`luna_m`.`usuarios`, CONSTRAINT `usuarios_ibfk_1` FOREIGN KEY (`perfil_id`) REFERENCES `perfiles` (`id`))
CRITICAL - 2022-05-16 18:28:46 --> auth filter must have a matching alias defined.
#0 C:\xampp\htdocs\AlcarazOjedaLeandro-P1\system\Filters\Filters.php(340): CodeIgniter\Filters\Exceptions\FilterException::forNoAlias('auth')
#1 C:\xampp\htdocs\AlcarazOjedaLeandro-P1\system\CodeIgniter.php(384): CodeIgniter\Filters\Filters->enableFilter('auth', 'before')
#2 C:\xampp\htdocs\AlcarazOjedaLeandro-P1\system\CodeIgniter.php(326): CodeIgniter\CodeIgniter->handleRequest(NULL, Object(Config\Cache), false)
#3 C:\xampp\htdocs\AlcarazOjedaLeandro-P1\index.php(37): CodeIgniter\CodeIgniter->run()
#4 {main}
CRITICAL - 2022-05-16 18:31:04 --> auth filter must have a matching alias defined.
#0 C:\xampp\htdocs\AlcarazOjedaLeandro-P1\system\Filters\Filters.php(340): CodeIgniter\Filters\Exceptions\FilterException::forNoAlias('auth')
#1 C:\xampp\htdocs\AlcarazOjedaLeandro-P1\system\CodeIgniter.php(384): CodeIgniter\Filters\Filters->enableFilter('auth', 'before')
#2 C:\xampp\htdocs\AlcarazOjedaLeandro-P1\system\CodeIgniter.php(326): CodeIgniter\CodeIgniter->handleRequest(NULL, Object(Config\Cache), false)
#3 C:\xampp\htdocs\AlcarazOjedaLeandro-P1\index.php(37): CodeIgniter\CodeIgniter->run()
#4 {main}
CRITICAL - 2022-05-16 18:31:05 --> auth filter must have a matching alias defined.
#0 C:\xampp\htdocs\AlcarazOjedaLeandro-P1\system\Filters\Filters.php(340): CodeIgniter\Filters\Exceptions\FilterException::forNoAlias('auth')
#1 C:\xampp\htdocs\AlcarazOjedaLeandro-P1\system\CodeIgniter.php(384): CodeIgniter\Filters\Filters->enableFilter('auth', 'before')
#2 C:\xampp\htdocs\AlcarazOjedaLeandro-P1\system\CodeIgniter.php(326): CodeIgniter\CodeIgniter->handleRequest(NULL, Object(Config\Cache), false)
#3 C:\xampp\htdocs\AlcarazOjedaLeandro-P1\index.php(37): CodeIgniter\CodeIgniter->run()
#4 {main}
CRITICAL - 2022-05-16 18:31:06 --> auth filter must have a matching alias defined.
#0 C:\xampp\htdocs\AlcarazOjedaLeandro-P1\system\Filters\Filters.php(340): CodeIgniter\Filters\Exceptions\FilterException::forNoAlias('auth')
#1 C:\xampp\htdocs\AlcarazOjedaLeandro-P1\system\CodeIgniter.php(384): CodeIgniter\Filters\Filters->enableFilter('auth', 'before')
#2 C:\xampp\htdocs\AlcarazOjedaLeandro-P1\system\CodeIgniter.php(326): CodeIgniter\CodeIgniter->handleRequest(NULL, Object(Config\Cache), false)
#3 C:\xampp\htdocs\AlcarazOjedaLeandro-P1\index.php(37): CodeIgniter\CodeIgniter->run()
#4 {main}
CRITICAL - 2022-05-16 18:32:04 --> auth filter must have a matching alias defined.
#0 C:\xampp\htdocs\AlcarazOjedaLeandro-P1\system\Filters\Filters.php(340): CodeIgniter\Filters\Exceptions\FilterException::forNoAlias('auth')
#1 C:\xampp\htdocs\AlcarazOjedaLeandro-P1\system\CodeIgniter.php(384): CodeIgniter\Filters\Filters->enableFilter('auth', 'before')
#2 C:\xampp\htdocs\AlcarazOjedaLeandro-P1\system\CodeIgniter.php(326): CodeIgniter\CodeIgniter->handleRequest(NULL, Object(Config\Cache), false)
#3 C:\xampp\htdocs\AlcarazOjedaLeandro-P1\index.php(37): CodeIgniter\CodeIgniter->run()
#4 {main}
CRITICAL - 2022-05-16 18:32:05 --> auth filter must have a matching alias defined.
#0 C:\xampp\htdocs\AlcarazOjedaLeandro-P1\system\Filters\Filters.php(340): CodeIgniter\Filters\Exceptions\FilterException::forNoAlias('auth')
#1 C:\xampp\htdocs\AlcarazOjedaLeandro-P1\system\CodeIgniter.php(384): CodeIgniter\Filters\Filters->enableFilter('auth', 'before')
#2 C:\xampp\htdocs\AlcarazOjedaLeandro-P1\system\CodeIgniter.php(326): CodeIgniter\CodeIgniter->handleRequest(NULL, Object(Config\Cache), false)
#3 C:\xampp\htdocs\AlcarazOjedaLeandro-P1\index.php(37): CodeIgniter\CodeIgniter->run()
#4 {main}
CRITICAL - 2022-05-16 18:32:06 --> auth filter must have a matching alias defined.
#0 C:\xampp\htdocs\AlcarazOjedaLeandro-P1\system\Filters\Filters.php(340): CodeIgniter\Filters\Exceptions\FilterException::forNoAlias('auth')
#1 C:\xampp\htdocs\AlcarazOjedaLeandro-P1\system\CodeIgniter.php(384): CodeIgniter\Filters\Filters->enableFilter('auth', 'before')
#2 C:\xampp\htdocs\AlcarazOjedaLeandro-P1\system\CodeIgniter.php(326): CodeIgniter\CodeIgniter->handleRequest(NULL, Object(Config\Cache), false)
#3 C:\xampp\htdocs\AlcarazOjedaLeandro-P1\index.php(37): CodeIgniter\CodeIgniter->run()
#4 {main}
CRITICAL - 2022-05-16 18:32:40 --> auth filter must have a matching alias defined.
#0 C:\xampp\htdocs\AlcarazOjedaLeandro-P1\system\Filters\Filters.php(340): CodeIgniter\Filters\Exceptions\FilterException::forNoAlias('auth')
#1 C:\xampp\htdocs\AlcarazOjedaLeandro-P1\system\CodeIgniter.php(384): CodeIgniter\Filters\Filters->enableFilter('auth', 'before')
#2 C:\xampp\htdocs\AlcarazOjedaLeandro-P1\system\CodeIgniter.php(326): CodeIgniter\CodeIgniter->handleRequest(NULL, Object(Config\Cache), false)
#3 C:\xampp\htdocs\AlcarazOjedaLeandro-P1\index.php(37): CodeIgniter\CodeIgniter->run()
#4 {main}
CRITICAL - 2022-05-16 18:35:34 --> auth filter must have a matching alias defined.
#0 C:\xampp\htdocs\AlcarazOjedaLeandro-P1\system\Filters\Filters.php(340): CodeIgniter\Filters\Exceptions\FilterException::forNoAlias('auth')
#1 C:\xampp\htdocs\AlcarazOjedaLeandro-P1\system\CodeIgniter.php(384): CodeIgniter\Filters\Filters->enableFilter('auth', 'before')
#2 C:\xampp\htdocs\AlcarazOjedaLeandro-P1\system\CodeIgniter.php(326): CodeIgniter\CodeIgniter->handleRequest(NULL, Object(Config\Cache), false)
#3 C:\xampp\htdocs\AlcarazOjedaLeandro-P1\index.php(37): CodeIgniter\CodeIgniter->run()
#4 {main}
CRITICAL - 2022-05-16 18:35:35 --> auth filter must have a matching alias defined.
#0 C:\xampp\htdocs\AlcarazOjedaLeandro-P1\system\Filters\Filters.php(340): CodeIgniter\Filters\Exceptions\FilterException::forNoAlias('auth')
#1 C:\xampp\htdocs\AlcarazOjedaLeandro-P1\system\CodeIgniter.php(384): CodeIgniter\Filters\Filters->enableFilter('auth', 'before')
#2 C:\xampp\htdocs\AlcarazOjedaLeandro-P1\system\CodeIgniter.php(326): CodeIgniter\CodeIgniter->handleRequest(NULL, Object(Config\Cache), false)
#3 C:\xampp\htdocs\AlcarazOjedaLeandro-P1\index.php(37): CodeIgniter\CodeIgniter->run()
#4 {main}
CRITICAL - 2022-05-16 18:35:36 --> auth filter must have a matching alias defined.
#0 C:\xampp\htdocs\AlcarazOjedaLeandro-P1\system\Filters\Filters.php(340): CodeIgniter\Filters\Exceptions\FilterException::forNoAlias('auth')
#1 C:\xampp\htdocs\AlcarazOjedaLeandro-P1\system\CodeIgniter.php(384): CodeIgniter\Filters\Filters->enableFilter('auth', 'before')
#2 C:\xampp\htdocs\AlcarazOjedaLeandro-P1\system\CodeIgniter.php(326): CodeIgniter\CodeIgniter->handleRequest(NULL, Object(Config\Cache), false)
#3 C:\xampp\htdocs\AlcarazOjedaLeandro-P1\index.php(37): CodeIgniter\CodeIgniter->run()
#4 {main}
CRITICAL - 2022-05-16 18:38:16 --> auth filter must have a matching alias defined.
#0 C:\xampp\htdocs\AlcarazOjedaLeandro-P1\system\Filters\Filters.php(340): CodeIgniter\Filters\Exceptions\FilterException::forNoAlias('auth')
#1 C:\xampp\htdocs\AlcarazOjedaLeandro-P1\system\CodeIgniter.php(384): CodeIgniter\Filters\Filters->enableFilter('auth', 'before')
#2 C:\xampp\htdocs\AlcarazOjedaLeandro-P1\system\CodeIgniter.php(326): CodeIgniter\CodeIgniter->handleRequest(NULL, Object(Config\Cache), false)
#3 C:\xampp\htdocs\AlcarazOjedaLeandro-P1\index.php(37): CodeIgniter\CodeIgniter->run()
#4 {main}
CRITICAL - 2022-05-16 18:38:17 --> auth filter must have a matching alias defined.
#0 C:\xampp\htdocs\AlcarazOjedaLeandro-P1\system\Filters\Filters.php(340): CodeIgniter\Filters\Exceptions\FilterException::forNoAlias('auth')
#1 C:\xampp\htdocs\AlcarazOjedaLeandro-P1\system\CodeIgniter.php(384): CodeIgniter\Filters\Filters->enableFilter('auth', 'before')
#2 C:\xampp\htdocs\AlcarazOjedaLeandro-P1\system\CodeIgniter.php(326): CodeIgniter\CodeIgniter->handleRequest(NULL, Object(Config\Cache), false)
#3 C:\xampp\htdocs\AlcarazOjedaLeandro-P1\index.php(37): CodeIgniter\CodeIgniter->run()
#4 {main}
CRITICAL - 2022-05-16 18:38:18 --> auth filter must have a matching alias defined.
#0 C:\xampp\htdocs\AlcarazOjedaLeandro-P1\system\Filters\Filters.php(340): CodeIgniter\Filters\Exceptions\FilterException::forNoAlias('auth')
#1 C:\xampp\htdocs\AlcarazOjedaLeandro-P1\system\CodeIgniter.php(384): CodeIgniter\Filters\Filters->enableFilter('auth', 'before')
#2 C:\xampp\htdocs\AlcarazOjedaLeandro-P1\system\CodeIgniter.php(326): CodeIgniter\CodeIgniter->handleRequest(NULL, Object(Config\Cache), false)
#3 C:\xampp\htdocs\AlcarazOjedaLeandro-P1\index.php(37): CodeIgniter\CodeIgniter->run()
#4 {main}
CRITICAL - 2022-05-16 18:39:29 --> auth filter must have a matching alias defined.
#0 C:\xampp\htdocs\AlcarazOjedaLeandro-P1\system\Filters\Filters.php(340): CodeIgniter\Filters\Exceptions\FilterException::forNoAlias('auth')
#1 C:\xampp\htdocs\AlcarazOjedaLeandro-P1\system\CodeIgniter.php(384): CodeIgniter\Filters\Filters->enableFilter('auth', 'before')
#2 C:\xampp\htdocs\AlcarazOjedaLeandro-P1\system\CodeIgniter.php(326): CodeIgniter\CodeIgniter->handleRequest(NULL, Object(Config\Cache), false)
#3 C:\xampp\htdocs\AlcarazOjedaLeandro-P1\index.php(37): CodeIgniter\CodeIgniter->run()
#4 {main}
CRITICAL - 2022-05-16 18:40:32 --> auth filter must have a matching alias defined.
#0 C:\xampp\htdocs\AlcarazOjedaLeandro-P1\system\Filters\Filters.php(340): CodeIgniter\Filters\Exceptions\FilterException::forNoAlias('auth')
#1 C:\xampp\htdocs\AlcarazOjedaLeandro-P1\system\CodeIgniter.php(384): CodeIgniter\Filters\Filters->enableFilter('auth', 'before')
#2 C:\xampp\htdocs\AlcarazOjedaLeandro-P1\system\CodeIgniter.php(326): CodeIgniter\CodeIgniter->handleRequest(NULL, Object(Config\Cache), false)
#3 C:\xampp\htdocs\AlcarazOjedaLeandro-P1\index.php(37): CodeIgniter\CodeIgniter->run()
#4 {main}
CRITICAL - 2022-05-16 18:40:37 --> auth filter must have a matching alias defined.
#0 C:\xampp\htdocs\AlcarazOjedaLeandro-P1\system\Filters\Filters.php(340): CodeIgniter\Filters\Exceptions\FilterException::forNoAlias('auth')
#1 C:\xampp\htdocs\AlcarazOjedaLeandro-P1\system\CodeIgniter.php(384): CodeIgniter\Filters\Filters->enableFilter('auth', 'before')
#2 C:\xampp\htdocs\AlcarazOjedaLeandro-P1\system\CodeIgniter.php(326): CodeIgniter\CodeIgniter->handleRequest(NULL, Object(Config\Cache), false)
#3 C:\xampp\htdocs\AlcarazOjedaLeandro-P1\index.php(37): CodeIgniter\CodeIgniter->run()
#4 {main}
CRITICAL - 2022-05-16 18:42:25 --> auth filter must have a matching alias defined.
#0 C:\xampp\htdocs\AlcarazOjedaLeandro-P1\system\Filters\Filters.php(340): CodeIgniter\Filters\Exceptions\FilterException::forNoAlias('auth')
#1 C:\xampp\htdocs\AlcarazOjedaLeandro-P1\system\CodeIgniter.php(384): CodeIgniter\Filters\Filters->enableFilter('auth', 'before')
#2 C:\xampp\htdocs\AlcarazOjedaLeandro-P1\system\CodeIgniter.php(326): CodeIgniter\CodeIgniter->handleRequest(NULL, Object(Config\Cache), false)
#3 C:\xampp\htdocs\AlcarazOjedaLeandro-P1\index.php(37): CodeIgniter\CodeIgniter->run()
#4 {main}
CRITICAL - 2022-05-16 18:52:56 --> Undefined array key ""
#0 C:\xampp\htdocs\AlcarazOjedaLeandro-P1\app\Controllers\Conect_controller.php(49): CodeIgniter\Debug\Exceptions->errorHandler(2, 'Undefined array...', 'C:\\xampp\\htdocs...', 49)
#1 C:\xampp\htdocs\AlcarazOjedaLeandro-P1\system\CodeIgniter.php(832): App\Controllers\Conect_controller->loginAuth()
#2 C:\xampp\htdocs\AlcarazOjedaLeandro-P1\system\CodeIgniter.php(419): CodeIgniter\CodeIgniter->runController(Object(App\Controllers\Conect_controller))
#3 C:\xampp\htdocs\AlcarazOjedaLeandro-P1\system\CodeIgniter.php(326): CodeIgniter\CodeIgniter->handleRequest(NULL, Object(Config\Cache), false)
#4 C:\xampp\htdocs\AlcarazOjedaLeandro-P1\index.php(37): CodeIgniter\CodeIgniter->run()
#5 {main}
CRITICAL - 2022-05-16 18:53:24 --> auth filter must have a matching alias defined.
#0 C:\xampp\htdocs\AlcarazOjedaLeandro-P1\system\Filters\Filters.php(340): CodeIgniter\Filters\Exceptions\FilterException::forNoAlias('auth')
#1 C:\xampp\htdocs\AlcarazOjedaLeandro-P1\system\CodeIgniter.php(384): CodeIgniter\Filters\Filters->enableFilter('auth', 'before')
#2 C:\xampp\htdocs\AlcarazOjedaLeandro-P1\system\CodeIgniter.php(326): CodeIgniter\CodeIgniter->handleRequest(NULL, Object(Config\Cache), false)
#3 C:\xampp\htdocs\AlcarazOjedaLeandro-P1\index.php(37): CodeIgniter\CodeIgniter->run()
#4 {main}
CRITICAL - 2022-05-16 18:57:24 --> auth filter must have a matching alias defined.
#0 C:\xampp\htdocs\AlcarazOjedaLeandro-P1\system\Filters\Filters.php(340): CodeIgniter\Filters\Exceptions\FilterException::forNoAlias('auth')
#1 C:\xampp\htdocs\AlcarazOjedaLeandro-P1\system\CodeIgniter.php(384): CodeIgniter\Filters\Filters->enableFilter('auth', 'before')
#2 C:\xampp\htdocs\AlcarazOjedaLeandro-P1\system\CodeIgniter.php(326): CodeIgniter\CodeIgniter->handleRequest(NULL, Object(Config\Cache), false)
#3 C:\xampp\htdocs\AlcarazOjedaLeandro-P1\index.php(37): CodeIgniter\CodeIgniter->run()
#4 {main}
CRITICAL - 2022-05-16 19:02:54 --> auth filter must have a matching alias defined.
#0 C:\xampp\htdocs\AlcarazOjedaLeandro-P1\system\Filters\Filters.php(340): CodeIgniter\Filters\Exceptions\FilterException::forNoAlias('auth')
#1 C:\xampp\htdocs\AlcarazOjedaLeandro-P1\system\CodeIgniter.php(384): CodeIgniter\Filters\Filters->enableFilter('auth', 'before')
#2 C:\xampp\htdocs\AlcarazOjedaLeandro-P1\system\CodeIgniter.php(326): CodeIgniter\CodeIgniter->handleRequest(NULL, Object(Config\Cache), false)
#3 C:\xampp\htdocs\AlcarazOjedaLeandro-P1\index.php(37): CodeIgniter\CodeIgniter->run()
#4 {main}
CRITICAL - 2022-05-16 19:02:55 --> auth filter must have a matching alias defined.
#0 C:\xampp\htdocs\AlcarazOjedaLeandro-P1\system\Filters\Filters.php(340): CodeIgniter\Filters\Exceptions\FilterException::forNoAlias('auth')
#1 C:\xampp\htdocs\AlcarazOjedaLeandro-P1\system\CodeIgniter.php(384): CodeIgniter\Filters\Filters->enableFilter('auth', 'before')
#2 C:\xampp\htdocs\AlcarazOjedaLeandro-P1\system\CodeIgniter.php(326): CodeIgniter\CodeIgniter->handleRequest(NULL, Object(Config\Cache), false)
#3 C:\xampp\htdocs\AlcarazOjedaLeandro-P1\index.php(37): CodeIgniter\CodeIgniter->run()
#4 {main}
CRITICAL - 2022-05-16 19:05:55 --> auth filter must have a matching alias defined.
#0 C:\xampp\htdocs\AlcarazOjedaLeandro-P1\system\Filters\Filters.php(340): CodeIgniter\Filters\Exceptions\FilterException::forNoAlias('auth')
#1 C:\xampp\htdocs\AlcarazOjedaLeandro-P1\system\CodeIgniter.php(384): CodeIgniter\Filters\Filters->enableFilter('auth', 'before')
#2 C:\xampp\htdocs\AlcarazOjedaLeandro-P1\system\CodeIgniter.php(326): CodeIgniter\CodeIgniter->handleRequest(NULL, Object(Config\Cache), false)
#3 C:\xampp\htdocs\AlcarazOjedaLeandro-P1\index.php(37): CodeIgniter\CodeIgniter->run()
#4 {main}
CRITICAL - 2022-05-16 19:07:26 --> auth filter must have a matching alias defined.
#0 C:\xampp\htdocs\AlcarazOjedaLeandro-P1\system\Filters\Filters.php(340): CodeIgniter\Filters\Exceptions\FilterException::forNoAlias('auth')
#1 C:\xampp\htdocs\AlcarazOjedaLeandro-P1\system\CodeIgniter.php(384): CodeIgniter\Filters\Filters->enableFilter('auth', 'before')
#2 C:\xampp\htdocs\AlcarazOjedaLeandro-P1\system\CodeIgniter.php(326): CodeIgniter\CodeIgniter->handleRequest(NULL, Object(Config\Cache), false)
#3 C:\xampp\htdocs\AlcarazOjedaLeandro-P1\index.php(37): CodeIgniter\CodeIgniter->run()
#4 {main}
CRITICAL - 2022-05-16 19:13:33 --> auth filter must have a matching alias defined.
#0 C:\xampp\htdocs\AlcarazOjedaLeandro-P1\system\Filters\Filters.php(340): CodeIgniter\Filters\Exceptions\FilterException::forNoAlias('auth')
#1 C:\xampp\htdocs\AlcarazOjedaLeandro-P1\system\CodeIgniter.php(384): CodeIgniter\Filters\Filters->enableFilter('auth', 'before')
#2 C:\xampp\htdocs\AlcarazOjedaLeandro-P1\system\CodeIgniter.php(326): CodeIgniter\CodeIgniter->handleRequest(NULL, Object(Config\Cache), false)
#3 C:\xampp\htdocs\AlcarazOjedaLeandro-P1\index.php(37): CodeIgniter\CodeIgniter->run()
#4 {main}
CRITICAL - 2022-05-16 19:20:36 --> auth filter must have a matching alias defined.
#0 C:\xampp\htdocs\AlcarazOjedaLeandro-P1\system\Filters\Filters.php(340): CodeIgniter\Filters\Exceptions\FilterException::forNoAlias('auth')
#1 C:\xampp\htdocs\AlcarazOjedaLeandro-P1\system\CodeIgniter.php(384): CodeIgniter\Filters\Filters->enableFilter('auth', 'before')
#2 C:\xampp\htdocs\AlcarazOjedaLeandro-P1\system\CodeIgniter.php(326): CodeIgniter\CodeIgniter->handleRequest(NULL, Object(Config\Cache), false)
#3 C:\xampp\htdocs\AlcarazOjedaLeandro-P1\index.php(37): CodeIgniter\CodeIgniter->run()
#4 {main}
CRITICAL - 2022-05-16 19:23:05 --> auth filter must have a matching alias defined.
#0 C:\xampp\htdocs\AlcarazOjedaLeandro-P1\system\Filters\Filters.php(340): CodeIgniter\Filters\Exceptions\FilterException::forNoAlias('auth')
#1 C:\xampp\htdocs\AlcarazOjedaLeandro-P1\system\CodeIgniter.php(384): CodeIgniter\Filters\Filters->enableFilter('auth', 'before')
#2 C:\xampp\htdocs\AlcarazOjedaLeandro-P1\system\CodeIgniter.php(326): CodeIgniter\CodeIgniter->handleRequest(NULL, Object(Config\Cache), false)
#3 C:\xampp\htdocs\AlcarazOjedaLeandro-P1\index.php(37): CodeIgniter\CodeIgniter->run()
#4 {main}
