CRITICAL - 2024-06-12 14:25:22 --> Invalid file: header/heaver.php
#0 C:\xampp\htdocs\proyecto_huici_raul\system\View\View.php(198): CodeIgniter\Exceptions\FrameworkException::forInvalidFile('header/heaver.p...')
#1 C:\xampp\htdocs\proyecto_huici_raul\system\Common.php(1089): CodeIgniter\View\View->render('header/heaver', Array, true)
#2 C:\xampp\htdocs\proyecto_huici_raul\app\Controllers\Usuario_controller.php(61): view('header/heaver', Array)
#3 C:\xampp\htdocs\proyecto_huici_raul\system\CodeIgniter.php(832): App\Controllers\Usuario_controller->nuevoUsuario()
#4 C:\xampp\htdocs\proyecto_huici_raul\system\CodeIgniter.php(419): CodeIgniter\CodeIgniter->runController(Object(App\Controllers\Usuario_controller))
#5 C:\xampp\htdocs\proyecto_huici_raul\system\CodeIgniter.php(326): CodeIgniter\CodeIgniter->handleRequest(NULL, Object(Config\Cache), false)
#6 C:\xampp\htdocs\proyecto_huici_raul\index.php(45): CodeIgniter\CodeIgniter->run()
#7 {main}
CRITICAL - 2024-06-12 14:51:35 --> Invalid file: admin/editarUsuarios_view.php
#0 C:\xampp\htdocs\proyecto_huici_raul\system\View\View.php(198): CodeIgniter\Exceptions\FrameworkException::forInvalidFile('admin/editarUsu...')
#1 C:\xampp\htdocs\proyecto_huici_raul\system\Common.php(1089): CodeIgniter\View\View->render('admin/editarUsu...', Array, true)
#2 C:\xampp\htdocs\proyecto_huici_raul\app\Controllers\Datatable_controller.php(28): view('admin/editarUsu...', Array)
#3 C:\xampp\htdocs\proyecto_huici_raul\system\CodeIgniter.php(832): App\Controllers\Datatable_controller->editar('55')
#4 C:\xampp\htdocs\proyecto_huici_raul\system\CodeIgniter.php(419): CodeIgniter\CodeIgniter->runController(Object(App\Controllers\Datatable_controller))
#5 C:\xampp\htdocs\proyecto_huici_raul\system\CodeIgniter.php(326): CodeIgniter\CodeIgniter->handleRequest(NULL, Object(Config\Cache), false)
#6 C:\xampp\htdocs\proyecto_huici_raul\index.php(45): CodeIgniter\CodeIgniter->run()
#7 {main}
CRITICAL - 2024-06-12 15:38:37 --> Invalid file: carrito/ProductosCart_view.php
#0 C:\xampp\htdocs\proyecto_huici_raul\system\View\View.php(198): CodeIgniter\Exceptions\FrameworkException::forInvalidFile('carrito/Product...')
#1 C:\xampp\htdocs\proyecto_huici_raul\system\Common.php(1089): CodeIgniter\View\View->render('carrito/Product...', Array, true)
#2 C:\xampp\htdocs\proyecto_huici_raul\app\Controllers\Producto_controller.php(112): view('carrito/Product...', Array)
#3 C:\xampp\htdocs\proyecto_huici_raul\system\CodeIgniter.php(832): App\Controllers\Producto_controller->Calzado()
#4 C:\xampp\htdocs\proyecto_huici_raul\system\CodeIgniter.php(419): CodeIgniter\CodeIgniter->runController(Object(App\Controllers\Producto_controller))
#5 C:\xampp\htdocs\proyecto_huici_raul\system\CodeIgniter.php(326): CodeIgniter\CodeIgniter->handleRequest(NULL, Object(Config\Cache), false)
#6 C:\xampp\htdocs\proyecto_huici_raul\index.php(45): CodeIgniter\CodeIgniter->run()
#7 {main}
CRITICAL - 2024-06-12 15:39:09 --> Invalid file: carrito/listar.php
#0 C:\xampp\htdocs\proyecto_huici_raul\system\View\View.php(198): CodeIgniter\Exceptions\FrameworkException::forInvalidFile('carrito/listar....')
#1 C:\xampp\htdocs\proyecto_huici_raul\system\Common.php(1089): CodeIgniter\View\View->render('carrito/listar', Array, true)
#2 C:\xampp\htdocs\proyecto_huici_raul\app\Controllers\Producto_controller.php(112): view('carrito/listar', Array)
#3 C:\xampp\htdocs\proyecto_huici_raul\system\CodeIgniter.php(832): App\Controllers\Producto_controller->Calzado()
#4 C:\xampp\htdocs\proyecto_huici_raul\system\CodeIgniter.php(419): CodeIgniter\CodeIgniter->runController(Object(App\Controllers\Producto_controller))
#5 C:\xampp\htdocs\proyecto_huici_raul\system\CodeIgniter.php(326): CodeIgniter\CodeIgniter->handleRequest(NULL, Object(Config\Cache), false)
#6 C:\xampp\htdocs\proyecto_huici_raul\index.php(45): CodeIgniter\CodeIgniter->run()
#7 {main}
CRITICAL - 2024-06-12 15:45:06 --> Invalid file: header.php
#0 C:\xampp\htdocs\proyecto_huici_raul\system\View\View.php(198): CodeIgniter\Exceptions\FrameworkException::forInvalidFile('header.php')
#1 C:\xampp\htdocs\proyecto_huici_raul\system\Common.php(1089): CodeIgniter\View\View->render('header', Array, true)
#2 C:\xampp\htdocs\proyecto_huici_raul\app\Controllers\Producto_controller.php(141): view('header', Array)
#3 C:\xampp\htdocs\proyecto_huici_raul\system\CodeIgniter.php(832): App\Controllers\Producto_controller->ProductoDetalle('40')
#4 C:\xampp\htdocs\proyecto_huici_raul\system\CodeIgniter.php(419): CodeIgniter\CodeIgniter->runController(Object(App\Controllers\Producto_controller))
#5 C:\xampp\htdocs\proyecto_huici_raul\system\CodeIgniter.php(326): CodeIgniter\CodeIgniter->handleRequest(NULL, Object(Config\Cache), false)
#6 C:\xampp\htdocs\proyecto_huici_raul\index.php(45): CodeIgniter\CodeIgniter->run()
#7 {main}
