CRITICAL - 2022-09-07 06:56:52 --> Undefined variable $totalTime
#0 C:\xampp\htdocs\AlcarazOjedaLeandro-P1\system\Debug\Toolbar\Views\toolbar.tpl.php(40): CodeIgniter\Debug\Exceptions->errorHandler(2, 'Undefined varia...', 'C:\\xampp\\htdocs...', 40)
#1 C:\xampp\htdocs\AlcarazOjedaLeandro-P1\system\Debug\Toolbar.php(501): include('C:\\xampp\\htdocs...')
#2 C:\xampp\htdocs\AlcarazOjedaLeandro-P1\system\Debug\Toolbar.php(464): CodeIgniter\Debug\Toolbar->format(Array, 'html')
#3 C:\xampp\htdocs\AlcarazOjedaLeandro-P1\app\Config\Events.php(48): CodeIgniter\Debug\Toolbar->respond()
#4 C:\xampp\htdocs\AlcarazOjedaLeandro-P1\system\Events\Events.php(149): CodeIgniter\Events\Events::Config\{closure}()
#5 C:\xampp\htdocs\AlcarazOjedaLeandro-P1\system\CodeIgniter.php(308): CodeIgniter\Events\Events::trigger('pre_system')
#6 C:\xampp\htdocs\AlcarazOjedaLeandro-P1\index.php(37): CodeIgniter\CodeIgniter->run()
#7 {main}
CRITICAL - 2022-09-07 08:01:43 --> Undefined variable $categoria
#0 C:\xampp\htdocs\AlcarazOjedaLeandro-P1\app\Views\back\carrito\ProductosCart_view.php(27): CodeIgniter\Debug\Exceptions->errorHandler(2, 'Undefined varia...', 'C:\\xampp\\htdocs...', 27)
#1 C:\xampp\htdocs\AlcarazOjedaLeandro-P1\system\View\View.php(210): include('C:\\xampp\\htdocs...')
#2 C:\xampp\htdocs\AlcarazOjedaLeandro-P1\system\View\View.php(213): CodeIgniter\View\View->CodeIgniter\View\{closure}()
#3 C:\xampp\htdocs\AlcarazOjedaLeandro-P1\system\Common.php(1089): CodeIgniter\View\View->render('back/carrito/Pr...', Array, true)
#4 C:\xampp\htdocs\AlcarazOjedaLeandro-P1\app\Controllers\Producto_controller.php(88): view('back/carrito/Pr...', Array)
#5 C:\xampp\htdocs\AlcarazOjedaLeandro-P1\system\CodeIgniter.php(832): App\Controllers\Producto_controller->ProductosDisp()
#6 C:\xampp\htdocs\AlcarazOjedaLeandro-P1\system\CodeIgniter.php(419): CodeIgniter\CodeIgniter->runController(Object(App\Controllers\Producto_controller))
#7 C:\xampp\htdocs\AlcarazOjedaLeandro-P1\system\CodeIgniter.php(326): CodeIgniter\CodeIgniter->handleRequest(NULL, Object(Config\Cache), false)
#8 C:\xampp\htdocs\AlcarazOjedaLeandro-P1\index.php(37): CodeIgniter\CodeIgniter->run()
#9 {main}
CRITICAL - 2022-09-07 08:06:01 --> Trying to access array offset on value of type null
#0 C:\xampp\htdocs\AlcarazOjedaLeandro-P1\app\Views\back\usuario\editoMisDatos_view.php(20): CodeIgniter\Debug\Exceptions->errorHandler(2, 'Trying to acces...', 'C:\\xampp\\htdocs...', 20)
#1 C:\xampp\htdocs\AlcarazOjedaLeandro-P1\system\View\View.php(210): include('C:\\xampp\\htdocs...')
#2 C:\xampp\htdocs\AlcarazOjedaLeandro-P1\system\View\View.php(213): CodeIgniter\View\View->CodeIgniter\View\{closure}()
#3 C:\xampp\htdocs\AlcarazOjedaLeandro-P1\system\Common.php(1089): CodeIgniter\View\View->render('back/usuario/ed...', Array, true)
#4 C:\xampp\htdocs\AlcarazOjedaLeandro-P1\app\Controllers\Datatable_controller.php(41): view('back/usuario/ed...', Array)
#5 C:\xampp\htdocs\AlcarazOjedaLeandro-P1\system\CodeIgniter.php(832): App\Controllers\Datatable_controller->editoMisDatos('assets', 'js', 'bootstrap.bundl...')
#6 C:\xampp\htdocs\AlcarazOjedaLeandro-P1\system\CodeIgniter.php(419): CodeIgniter\CodeIgniter->runController(Object(App\Controllers\Datatable_controller))
#7 C:\xampp\htdocs\AlcarazOjedaLeandro-P1\system\CodeIgniter.php(326): CodeIgniter\CodeIgniter->handleRequest(NULL, Object(Config\Cache), false)
#8 C:\xampp\htdocs\AlcarazOjedaLeandro-P1\index.php(37): CodeIgniter\CodeIgniter->run()
#9 {main}
