CRITICAL - 2024-05-20 23:44:27 --> Call to undefined function CodeIgniter\locale_set_default()
#0 C:\xampp\htdocs\Taller1Completo\system\bootstrap.php(146): CodeIgniter\CodeIgniter->initialize()
#1 C:\xampp\htdocs\Taller1Completo\index.php(28): require('C:\\xampp\\htdocs...')
#2 {main}
CRITICAL - 2024-05-20 23:45:48 --> Call to undefined function CodeIgniter\locale_set_default()
#0 C:\xampp\htdocs\Taller1Completo\system\bootstrap.php(146): CodeIgniter\CodeIgniter->initialize()
#1 C:\xampp\htdocs\Taller1Completo\index.php(28): require('C:\\xampp\\htdocs...')
#2 {main}
CRITICAL - 2024-05-20 23:45:49 --> Call to undefined function CodeIgniter\locale_set_default()
#0 C:\xampp\htdocs\Taller1Completo\system\bootstrap.php(146): CodeIgniter\CodeIgniter->initialize()
#1 C:\xampp\htdocs\Taller1Completo\index.php(28): require('C:\\xampp\\htdocs...')
#2 {main}
CRITICAL - 2024-05-20 23:45:50 --> Call to undefined function CodeIgniter\locale_set_default()
#0 C:\xampp\htdocs\Taller1Completo\system\bootstrap.php(146): CodeIgniter\CodeIgniter->initialize()
#1 C:\xampp\htdocs\Taller1Completo\index.php(28): require('C:\\xampp\\htdocs...')
#2 {main}
CRITICAL - 2024-05-20 23:45:50 --> Call to undefined function CodeIgniter\locale_set_default()
#0 C:\xampp\htdocs\Taller1Completo\system\bootstrap.php(146): CodeIgniter\CodeIgniter->initialize()
#1 C:\xampp\htdocs\Taller1Completo\index.php(28): require('C:\\xampp\\htdocs...')
#2 {main}
CRITICAL - 2024-05-20 23:45:51 --> Call to undefined function CodeIgniter\locale_set_default()
#0 C:\xampp\htdocs\Taller1Completo\system\bootstrap.php(146): CodeIgniter\CodeIgniter->initialize()
#1 C:\xampp\htdocs\Taller1Completo\index.php(28): require('C:\\xampp\\htdocs...')
#2 {main}
CRITICAL - 2024-05-20 23:48:28 --> Call to undefined function CodeIgniter\locale_set_default()
#0 C:\xampp\htdocs\AlcarazOjedaLeandro-P1\system\bootstrap.php(146): CodeIgniter\CodeIgniter->initialize()
#1 C:\xampp\htdocs\AlcarazOjedaLeandro-P1\index.php(28): require('C:\\xampp\\htdocs...')
#2 {main}
CRITICAL - 2024-05-20 23:48:29 --> Call to undefined function CodeIgniter\locale_set_default()
#0 C:\xampp\htdocs\AlcarazOjedaLeandro-P1\system\bootstrap.php(146): CodeIgniter\CodeIgniter->initialize()
#1 C:\xampp\htdocs\AlcarazOjedaLeandro-P1\index.php(28): require('C:\\xampp\\htdocs...')
#2 {main}
ERROR - 2024-05-20 18:40:23 --> Error connecting to the database: Unknown database 'alcaraz_l'
CRITICAL - 2024-05-20 18:40:23 --> Unable to connect to the database.
Main connection [MySQLi]: Unknown database 'alcaraz_l'
#0 C:\xampp\htdocs\Taller1Completo\system\Database\BaseConnection.php(577): CodeIgniter\Database\BaseConnection->initialize()
#1 C:\xampp\htdocs\Taller1Completo\system\Database\BaseBuilder.php(1455): CodeIgniter\Database\BaseConnection->query('SELECT *\nFROM `...', Array, false)
#2 C:\xampp\htdocs\Taller1Completo\system\Model.php(210): CodeIgniter\Database\BaseBuilder->get()
#3 C:\xampp\htdocs\Taller1Completo\system\BaseModel.php(622): CodeIgniter\Model->doFirst()
#4 C:\xampp\htdocs\Taller1Completo\app\Controllers\Login_controller.php(25): CodeIgniter\BaseModel->first()
#5 C:\xampp\htdocs\Taller1Completo\system\CodeIgniter.php(832): App\Controllers\Login_controller->auth()
#6 C:\xampp\htdocs\Taller1Completo\system\CodeIgniter.php(419): CodeIgniter\CodeIgniter->runController(Object(App\Controllers\Login_controller))
#7 C:\xampp\htdocs\Taller1Completo\system\CodeIgniter.php(326): CodeIgniter\CodeIgniter->handleRequest(NULL, Object(Config\Cache), false)
#8 C:\xampp\htdocs\Taller1Completo\index.php(45): CodeIgniter\CodeIgniter->run()
#9 {main}
ERROR - 2024-05-20 18:43:25 --> Error connecting to the database: Unknown database 'alcaraz_l'
CRITICAL - 2024-05-20 18:43:25 --> Unable to connect to the database.
Main connection [MySQLi]: Unknown database 'alcaraz_l'
#0 C:\xampp\htdocs\Taller1Completo\system\Database\BaseConnection.php(577): CodeIgniter\Database\BaseConnection->initialize()
#1 C:\xampp\htdocs\Taller1Completo\system\Database\BaseBuilder.php(1455): CodeIgniter\Database\BaseConnection->query('SELECT *\nFROM `...', Array, false)
#2 C:\xampp\htdocs\Taller1Completo\system\Model.php(210): CodeIgniter\Database\BaseBuilder->get()
#3 C:\xampp\htdocs\Taller1Completo\system\BaseModel.php(622): CodeIgniter\Model->doFirst()
#4 C:\xampp\htdocs\Taller1Completo\app\Controllers\Login_controller.php(25): CodeIgniter\BaseModel->first()
#5 C:\xampp\htdocs\Taller1Completo\system\CodeIgniter.php(832): App\Controllers\Login_controller->auth()
#6 C:\xampp\htdocs\Taller1Completo\system\CodeIgniter.php(419): CodeIgniter\CodeIgniter->runController(Object(App\Controllers\Login_controller))
#7 C:\xampp\htdocs\Taller1Completo\system\CodeIgniter.php(326): CodeIgniter\CodeIgniter->handleRequest(NULL, Object(Config\Cache), false)
#8 C:\xampp\htdocs\Taller1Completo\index.php(45): CodeIgniter\CodeIgniter->run()
#9 {main}
CRITICAL - 2024-05-20 18:46:02 --> Undefined array key "telefono"
#0 C:\xampp\htdocs\Taller1Completo\app\Controllers\Login_controller.php(40): CodeIgniter\Debug\Exceptions->errorHandler(2, 'Undefined array...', 'C:\\xampp\\htdocs...', 40)
#1 C:\xampp\htdocs\Taller1Completo\system\CodeIgniter.php(832): App\Controllers\Login_controller->auth()
#2 C:\xampp\htdocs\Taller1Completo\system\CodeIgniter.php(419): CodeIgniter\CodeIgniter->runController(Object(App\Controllers\Login_controller))
#3 C:\xampp\htdocs\Taller1Completo\system\CodeIgniter.php(326): CodeIgniter\CodeIgniter->handleRequest(NULL, Object(Config\Cache), false)
#4 C:\xampp\htdocs\Taller1Completo\index.php(45): CodeIgniter\CodeIgniter->run()
#5 {main}
ERROR - 2024-05-20 18:47:04 --> Table 'maxi_luna.productos' doesn't exist
CRITICAL - 2024-05-20 18:47:04 --> Table 'maxi_luna.productos' doesn't exist
#0 C:\xampp\htdocs\Taller1Completo\system\Database\MySQLi\Connection.php(292): mysqli->query('SELECT *\nFROM `...', 0)
#1 C:\xampp\htdocs\Taller1Completo\system\Database\BaseConnection.php(670): CodeIgniter\Database\MySQLi\Connection->execute('SELECT *\nFROM `...')
#2 C:\xampp\htdocs\Taller1Completo\system\Database\BaseConnection.php(598): CodeIgniter\Database\BaseConnection->simpleQuery('SELECT *\nFROM `...')
#3 C:\xampp\htdocs\Taller1Completo\system\Database\BaseBuilder.php(1455): CodeIgniter\Database\BaseConnection->query('SELECT *\nFROM `...', Array, false)
#4 C:\xampp\htdocs\Taller1Completo\system\Model.php(183): CodeIgniter\Database\BaseBuilder->get()
#5 C:\xampp\htdocs\Taller1Completo\system\BaseModel.php(584): CodeIgniter\Model->doFindAll(0, 0)
#6 C:\xampp\htdocs\Taller1Completo\app\Models\Productos_model.php(12): CodeIgniter\BaseModel->findAll()
#7 C:\xampp\htdocs\Taller1Completo\app\Controllers\Producto_controller.php(83): App\Models\Productos_model->getProdBaja('NO')
#8 C:\xampp\htdocs\Taller1Completo\system\CodeIgniter.php(832): App\Controllers\Producto_controller->ProductosDisp()
#9 C:\xampp\htdocs\Taller1Completo\system\CodeIgniter.php(419): CodeIgniter\CodeIgniter->runController(Object(App\Controllers\Producto_controller))
#10 C:\xampp\htdocs\Taller1Completo\system\CodeIgniter.php(326): CodeIgniter\CodeIgniter->handleRequest(NULL, Object(Config\Cache), false)
#11 C:\xampp\htdocs\Taller1Completo\index.php(45): CodeIgniter\CodeIgniter->run()
#12 {main}
ERROR - 2024-05-20 18:48:05 --> Table 'maxi_luna.productos' doesn't exist
CRITICAL - 2024-05-20 18:48:05 --> Table 'maxi_luna.productos' doesn't exist
#0 C:\xampp\htdocs\Taller1Completo\system\Database\MySQLi\Connection.php(292): mysqli->query('SELECT *\nFROM `...', 0)
#1 C:\xampp\htdocs\Taller1Completo\system\Database\BaseConnection.php(670): CodeIgniter\Database\MySQLi\Connection->execute('SELECT *\nFROM `...')
#2 C:\xampp\htdocs\Taller1Completo\system\Database\BaseConnection.php(598): CodeIgniter\Database\BaseConnection->simpleQuery('SELECT *\nFROM `...')
#3 C:\xampp\htdocs\Taller1Completo\system\Database\BaseBuilder.php(1455): CodeIgniter\Database\BaseConnection->query('SELECT *\nFROM `...', Array, false)
#4 C:\xampp\htdocs\Taller1Completo\system\Model.php(183): CodeIgniter\Database\BaseBuilder->get()
#5 C:\xampp\htdocs\Taller1Completo\system\BaseModel.php(584): CodeIgniter\Model->doFindAll(0, 0)
#6 C:\xampp\htdocs\Taller1Completo\app\Models\Productos_model.php(12): CodeIgniter\BaseModel->findAll()
#7 C:\xampp\htdocs\Taller1Completo\app\Controllers\Producto_controller.php(83): App\Models\Productos_model->getProdBaja('NO')
#8 C:\xampp\htdocs\Taller1Completo\system\CodeIgniter.php(832): App\Controllers\Producto_controller->ProductosDisp()
#9 C:\xampp\htdocs\Taller1Completo\system\CodeIgniter.php(419): CodeIgniter\CodeIgniter->runController(Object(App\Controllers\Producto_controller))
#10 C:\xampp\htdocs\Taller1Completo\system\CodeIgniter.php(326): CodeIgniter\CodeIgniter->handleRequest(NULL, Object(Config\Cache), false)
#11 C:\xampp\htdocs\Taller1Completo\index.php(45): CodeIgniter\CodeIgniter->run()
#12 {main}
ERROR - 2024-05-20 18:50:04 --> Table 'maxi_luna.productos' doesn't exist
CRITICAL - 2024-05-20 18:50:04 --> Table 'maxi_luna.productos' doesn't exist
#0 C:\xampp\htdocs\Taller1Completo\system\Database\MySQLi\Connection.php(292): mysqli->query('SELECT *\nFROM `...', 0)
#1 C:\xampp\htdocs\Taller1Completo\system\Database\BaseConnection.php(670): CodeIgniter\Database\MySQLi\Connection->execute('SELECT *\nFROM `...')
#2 C:\xampp\htdocs\Taller1Completo\system\Database\BaseConnection.php(598): CodeIgniter\Database\BaseConnection->simpleQuery('SELECT *\nFROM `...')
#3 C:\xampp\htdocs\Taller1Completo\system\Database\BaseBuilder.php(1455): CodeIgniter\Database\BaseConnection->query('SELECT *\nFROM `...', Array, false)
#4 C:\xampp\htdocs\Taller1Completo\system\Model.php(183): CodeIgniter\Database\BaseBuilder->get()
#5 C:\xampp\htdocs\Taller1Completo\system\BaseModel.php(584): CodeIgniter\Model->doFindAll(0, 0)
#6 C:\xampp\htdocs\Taller1Completo\app\Models\Productos_model.php(12): CodeIgniter\BaseModel->findAll()
#7 C:\xampp\htdocs\Taller1Completo\app\Controllers\Producto_controller.php(83): App\Models\Productos_model->getProdBaja('NO')
#8 C:\xampp\htdocs\Taller1Completo\system\CodeIgniter.php(832): App\Controllers\Producto_controller->ProductosDisp()
#9 C:\xampp\htdocs\Taller1Completo\system\CodeIgniter.php(419): CodeIgniter\CodeIgniter->runController(Object(App\Controllers\Producto_controller))
#10 C:\xampp\htdocs\Taller1Completo\system\CodeIgniter.php(326): CodeIgniter\CodeIgniter->handleRequest(NULL, Object(Config\Cache), false)
#11 C:\xampp\htdocs\Taller1Completo\index.php(45): CodeIgniter\CodeIgniter->run()
#12 {main}
CRITICAL - 2024-05-20 18:51:48 --> Undefined array key "telefono"
#0 C:\xampp\htdocs\Taller1Completo\app\Controllers\Login_controller.php(40): CodeIgniter\Debug\Exceptions->errorHandler(2, 'Undefined array...', 'C:\\xampp\\htdocs...', 40)
#1 C:\xampp\htdocs\Taller1Completo\system\CodeIgniter.php(832): App\Controllers\Login_controller->auth()
#2 C:\xampp\htdocs\Taller1Completo\system\CodeIgniter.php(419): CodeIgniter\CodeIgniter->runController(Object(App\Controllers\Login_controller))
#3 C:\xampp\htdocs\Taller1Completo\system\CodeIgniter.php(326): CodeIgniter\CodeIgniter->handleRequest(NULL, Object(Config\Cache), false)
#4 C:\xampp\htdocs\Taller1Completo\index.php(45): CodeIgniter\CodeIgniter->run()
#5 {main}
CRITICAL - 2024-05-20 18:54:13 --> Undefined array key "direccion"
#0 C:\xampp\htdocs\Taller1Completo\app\Controllers\Login_controller.php(41): CodeIgniter\Debug\Exceptions->errorHandler(2, 'Undefined array...', 'C:\\xampp\\htdocs...', 41)
#1 C:\xampp\htdocs\Taller1Completo\system\CodeIgniter.php(832): App\Controllers\Login_controller->auth()
#2 C:\xampp\htdocs\Taller1Completo\system\CodeIgniter.php(419): CodeIgniter\CodeIgniter->runController(Object(App\Controllers\Login_controller))
#3 C:\xampp\htdocs\Taller1Completo\system\CodeIgniter.php(326): CodeIgniter\CodeIgniter->handleRequest(NULL, Object(Config\Cache), false)
#4 C:\xampp\htdocs\Taller1Completo\index.php(45): CodeIgniter\CodeIgniter->run()
#5 {main}
ERROR - 2024-05-20 18:54:50 --> Unknown column 'estado' in 'where clause'
CRITICAL - 2024-05-20 18:54:50 --> Unknown column 'estado' in 'where clause'
#0 C:\xampp\htdocs\Taller1Completo\system\Database\MySQLi\Connection.php(292): mysqli->query('SELECT *\nFROM `...', 0)
#1 C:\xampp\htdocs\Taller1Completo\system\Database\BaseConnection.php(670): CodeIgniter\Database\MySQLi\Connection->execute('SELECT *\nFROM `...')
#2 C:\xampp\htdocs\Taller1Completo\system\Database\BaseConnection.php(598): CodeIgniter\Database\BaseConnection->simpleQuery('SELECT *\nFROM `...')
#3 C:\xampp\htdocs\Taller1Completo\system\Database\BaseBuilder.php(1455): CodeIgniter\Database\BaseConnection->query('SELECT *\nFROM `...', Array, false)
#4 C:\xampp\htdocs\Taller1Completo\system\Model.php(183): CodeIgniter\Database\BaseBuilder->get()
#5 C:\xampp\htdocs\Taller1Completo\system\BaseModel.php(584): CodeIgniter\Model->doFindAll(0, 0)
#6 C:\xampp\htdocs\Taller1Completo\app\Models\FormModel.php(23): CodeIgniter\BaseModel->findAll()
#7 C:\xampp\htdocs\Taller1Completo\app\Controllers\Contactocontroller.php(22): App\Models\FormModel->getConsultas('Pendiente')
#8 C:\xampp\htdocs\Taller1Completo\system\CodeIgniter.php(832): App\Controllers\Contactocontroller->Datos_consultas()
#9 C:\xampp\htdocs\Taller1Completo\system\CodeIgniter.php(419): CodeIgniter\CodeIgniter->runController(Object(App\Controllers\Contactocontroller))
#10 C:\xampp\htdocs\Taller1Completo\system\CodeIgniter.php(326): CodeIgniter\CodeIgniter->handleRequest(NULL, Object(Config\Cache), false)
#11 C:\xampp\htdocs\Taller1Completo\index.php(45): CodeIgniter\CodeIgniter->run()
#12 {main}
ERROR - 2024-05-20 18:54:54 --> Table 'maxi_luna.ventas_cabecera' doesn't exist
CRITICAL - 2024-05-20 18:54:54 --> Table 'maxi_luna.ventas_cabecera' doesn't exist
#0 C:\xampp\htdocs\Taller1Completo\system\Database\MySQLi\Connection.php(292): mysqli->query('SELECT `u`.`id`...', 0)
#1 C:\xampp\htdocs\Taller1Completo\system\Database\BaseConnection.php(670): CodeIgniter\Database\MySQLi\Connection->execute('SELECT `u`.`id`...')
#2 C:\xampp\htdocs\Taller1Completo\system\Database\BaseConnection.php(598): CodeIgniter\Database\BaseConnection->simpleQuery('SELECT `u`.`id`...')
#3 C:\xampp\htdocs\Taller1Completo\system\Database\BaseBuilder.php(1455): CodeIgniter\Database\BaseConnection->query('SELECT `u`.`id`...', Array, false)
#4 C:\xampp\htdocs\Taller1Completo\app\Controllers\Carrito_controller.php(26): CodeIgniter\Database\BaseBuilder->get()
#5 C:\xampp\htdocs\Taller1Completo\system\CodeIgniter.php(832): App\Controllers\Carrito_controller->ListComprasCabecera()
#6 C:\xampp\htdocs\Taller1Completo\system\CodeIgniter.php(419): CodeIgniter\CodeIgniter->runController(Object(App\Controllers\Carrito_controller))
#7 C:\xampp\htdocs\Taller1Completo\system\CodeIgniter.php(326): CodeIgniter\CodeIgniter->handleRequest(NULL, Object(Config\Cache), false)
#8 C:\xampp\htdocs\Taller1Completo\index.php(45): CodeIgniter\CodeIgniter->run()
#9 {main}
