CRITICAL - 2024-10-27 05:43:06 --> Undefined variable $session
#0 C:\xampp\htdocs\DespensaJyR\app\Views\productos\listar.php(59): CodeIgniter\Debug\Exceptions->errorHandler(2, 'Undefined varia...', 'C:\\xampp\\htdocs...', 59)
#1 C:\xampp\htdocs\DespensaJyR\system\View\View.php(210): include('C:\\xampp\\htdocs...')
#2 C:\xampp\htdocs\DespensaJyR\system\View\View.php(213): CodeIgniter\View\View->CodeIgniter\View\{closure}()
#3 C:\xampp\htdocs\DespensaJyR\system\Common.php(1089): CodeIgniter\View\View->render('productos/lista...', Array, true)
#4 C:\xampp\htdocs\DespensaJyR\app\Controllers\Producto_controller.php(86): view('productos/lista...', Array)
#5 C:\xampp\htdocs\DespensaJyR\system\CodeIgniter.php(832): App\Controllers\Producto_controller->ProductosDisp()
#6 C:\xampp\htdocs\DespensaJyR\system\CodeIgniter.php(419): CodeIgniter\CodeIgniter->runController(Object(App\Controllers\Producto_controller))
#7 C:\xampp\htdocs\DespensaJyR\system\CodeIgniter.php(326): CodeIgniter\CodeIgniter->handleRequest(NULL, Object(Config\Cache), false)
#8 C:\xampp\htdocs\DespensaJyR\index.php(45): CodeIgniter\CodeIgniter->run()
#9 {main}
CRITICAL - 2024-10-27 05:44:45 --> Undefined variable $session
#0 C:\xampp\htdocs\DespensaJyR\app\Views\productos\listar.php(59): CodeIgniter\Debug\Exceptions->errorHandler(2, 'Undefined varia...', 'C:\\xampp\\htdocs...', 59)
#1 C:\xampp\htdocs\DespensaJyR\system\View\View.php(210): include('C:\\xampp\\htdocs...')
#2 C:\xampp\htdocs\DespensaJyR\system\View\View.php(213): CodeIgniter\View\View->CodeIgniter\View\{closure}()
#3 C:\xampp\htdocs\DespensaJyR\system\Common.php(1089): CodeIgniter\View\View->render('productos/lista...', Array, true)
#4 C:\xampp\htdocs\DespensaJyR\app\Controllers\Producto_controller.php(86): view('productos/lista...', Array)
#5 C:\xampp\htdocs\DespensaJyR\system\CodeIgniter.php(832): App\Controllers\Producto_controller->ProductosDisp()
#6 C:\xampp\htdocs\DespensaJyR\system\CodeIgniter.php(419): CodeIgniter\CodeIgniter->runController(Object(App\Controllers\Producto_controller))
#7 C:\xampp\htdocs\DespensaJyR\system\CodeIgniter.php(326): CodeIgniter\CodeIgniter->handleRequest(NULL, Object(Config\Cache), false)
#8 C:\xampp\htdocs\DespensaJyR\index.php(45): CodeIgniter\CodeIgniter->run()
#9 {main}
CRITICAL - 2024-10-27 05:45:15 --> Undefined variable $session
#0 C:\xampp\htdocs\DespensaJyR\app\Views\productos\listar.php(59): CodeIgniter\Debug\Exceptions->errorHandler(2, 'Undefined varia...', 'C:\\xampp\\htdocs...', 59)
#1 C:\xampp\htdocs\DespensaJyR\system\View\View.php(210): include('C:\\xampp\\htdocs...')
#2 C:\xampp\htdocs\DespensaJyR\system\View\View.php(213): CodeIgniter\View\View->CodeIgniter\View\{closure}()
#3 C:\xampp\htdocs\DespensaJyR\system\Common.php(1089): CodeIgniter\View\View->render('productos/lista...', Array, true)
#4 C:\xampp\htdocs\DespensaJyR\app\Controllers\Producto_controller.php(86): view('productos/lista...', Array)
#5 C:\xampp\htdocs\DespensaJyR\system\CodeIgniter.php(832): App\Controllers\Producto_controller->ProductosDisp()
#6 C:\xampp\htdocs\DespensaJyR\system\CodeIgniter.php(419): CodeIgniter\CodeIgniter->runController(Object(App\Controllers\Producto_controller))
#7 C:\xampp\htdocs\DespensaJyR\system\CodeIgniter.php(326): CodeIgniter\CodeIgniter->handleRequest(NULL, Object(Config\Cache), false)
#8 C:\xampp\htdocs\DespensaJyR\index.php(45): CodeIgniter\CodeIgniter->run()
#9 {main}
CRITICAL - 2024-10-27 05:45:17 --> Undefined variable $session
#0 C:\xampp\htdocs\DespensaJyR\app\Views\productos\listar.php(59): CodeIgniter\Debug\Exceptions->errorHandler(2, 'Undefined varia...', 'C:\\xampp\\htdocs...', 59)
#1 C:\xampp\htdocs\DespensaJyR\system\View\View.php(210): include('C:\\xampp\\htdocs...')
#2 C:\xampp\htdocs\DespensaJyR\system\View\View.php(213): CodeIgniter\View\View->CodeIgniter\View\{closure}()
#3 C:\xampp\htdocs\DespensaJyR\system\Common.php(1089): CodeIgniter\View\View->render('productos/lista...', Array, true)
#4 C:\xampp\htdocs\DespensaJyR\app\Controllers\Producto_controller.php(86): view('productos/lista...', Array)
#5 C:\xampp\htdocs\DespensaJyR\system\CodeIgniter.php(832): App\Controllers\Producto_controller->ProductosDisp()
#6 C:\xampp\htdocs\DespensaJyR\system\CodeIgniter.php(419): CodeIgniter\CodeIgniter->runController(Object(App\Controllers\Producto_controller))
#7 C:\xampp\htdocs\DespensaJyR\system\CodeIgniter.php(326): CodeIgniter\CodeIgniter->handleRequest(NULL, Object(Config\Cache), false)
#8 C:\xampp\htdocs\DespensaJyR\index.php(45): CodeIgniter\CodeIgniter->run()
#9 {main}
CRITICAL - 2024-10-27 07:13:01 --> A non-numeric value encountered
#0 C:\xampp\htdocs\DespensaJyR\app\Controllers\Carrito_controller.php(143): CodeIgniter\Debug\Exceptions->errorHandler(2, 'A non-numeric v...', 'C:\\xampp\\htdocs...', 143)
#1 C:\xampp\htdocs\DespensaJyR\system\CodeIgniter.php(832): App\Controllers\Carrito_controller->actualiza_carrito()
#2 C:\xampp\htdocs\DespensaJyR\system\CodeIgniter.php(419): CodeIgniter\CodeIgniter->runController(Object(App\Controllers\Carrito_controller))
#3 C:\xampp\htdocs\DespensaJyR\system\CodeIgniter.php(326): CodeIgniter\CodeIgniter->handleRequest(NULL, Object(Config\Cache), false)
#4 C:\xampp\htdocs\DespensaJyR\index.php(45): CodeIgniter\CodeIgniter->run()
#5 {main}
CRITICAL - 2024-10-27 08:57:24 --> Invalid file: navbar/listar.php
#0 C:\xampp\htdocs\DespensaJyR\system\View\View.php(198): CodeIgniter\Exceptions\FrameworkException::forInvalidFile('navbar/listar.p...')
#1 C:\xampp\htdocs\DespensaJyR\system\Common.php(1089): CodeIgniter\View\View->render('navbar/listar.p...', Array, true)
#2 C:\xampp\htdocs\DespensaJyR\app\Controllers\Home.php(15): view('navbar/listar.p...')
#3 C:\xampp\htdocs\DespensaJyR\system\CodeIgniter.php(832): App\Controllers\Home->index()
#4 C:\xampp\htdocs\DespensaJyR\system\CodeIgniter.php(419): CodeIgniter\CodeIgniter->runController(Object(App\Controllers\Home))
#5 C:\xampp\htdocs\DespensaJyR\system\CodeIgniter.php(326): CodeIgniter\CodeIgniter->handleRequest(NULL, Object(Config\Cache), false)
#6 C:\xampp\htdocs\DespensaJyR\index.php(45): CodeIgniter\CodeIgniter->run()
#7 {main}
CRITICAL - 2024-10-27 08:57:44 --> Undefined variable $productos
#0 C:\xampp\htdocs\DespensaJyR\app\Views\productos\listar.php(31): CodeIgniter\Debug\Exceptions->errorHandler(2, 'Undefined varia...', 'C:\\xampp\\htdocs...', 31)
#1 C:\xampp\htdocs\DespensaJyR\system\View\View.php(210): include('C:\\xampp\\htdocs...')
#2 C:\xampp\htdocs\DespensaJyR\system\View\View.php(213): CodeIgniter\View\View->CodeIgniter\View\{closure}()
#3 C:\xampp\htdocs\DespensaJyR\system\Common.php(1089): CodeIgniter\View\View->render('productos/lista...', Array, true)
#4 C:\xampp\htdocs\DespensaJyR\app\Controllers\Home.php(15): view('productos/lista...')
#5 C:\xampp\htdocs\DespensaJyR\system\CodeIgniter.php(832): App\Controllers\Home->index()
#6 C:\xampp\htdocs\DespensaJyR\system\CodeIgniter.php(419): CodeIgniter\CodeIgniter->runController(Object(App\Controllers\Home))
#7 C:\xampp\htdocs\DespensaJyR\system\CodeIgniter.php(326): CodeIgniter\CodeIgniter->handleRequest(NULL, Object(Config\Cache), false)
#8 C:\xampp\htdocs\DespensaJyR\index.php(45): CodeIgniter\CodeIgniter->run()
#9 {main}
CRITICAL - 2024-10-27 08:58:15 --> Undefined variable $listar
#0 C:\xampp\htdocs\DespensaJyR\app\Controllers\Home.php(24): CodeIgniter\Debug\Exceptions->errorHandler(2, 'Undefined varia...', 'C:\\xampp\\htdocs...', 24)
#1 C:\xampp\htdocs\DespensaJyR\system\CodeIgniter.php(832): App\Controllers\Home->index()
#2 C:\xampp\htdocs\DespensaJyR\system\CodeIgniter.php(419): CodeIgniter\CodeIgniter->runController(Object(App\Controllers\Home))
#3 C:\xampp\htdocs\DespensaJyR\system\CodeIgniter.php(326): CodeIgniter\CodeIgniter->handleRequest(NULL, Object(Config\Cache), false)
#4 C:\xampp\htdocs\DespensaJyR\index.php(45): CodeIgniter\CodeIgniter->run()
#5 {main}
CRITICAL - 2024-10-27 08:58:17 --> Undefined variable $listar
#0 C:\xampp\htdocs\DespensaJyR\app\Controllers\Home.php(24): CodeIgniter\Debug\Exceptions->errorHandler(2, 'Undefined varia...', 'C:\\xampp\\htdocs...', 24)
#1 C:\xampp\htdocs\DespensaJyR\system\CodeIgniter.php(832): App\Controllers\Home->index()
#2 C:\xampp\htdocs\DespensaJyR\system\CodeIgniter.php(419): CodeIgniter\CodeIgniter->runController(Object(App\Controllers\Home))
#3 C:\xampp\htdocs\DespensaJyR\system\CodeIgniter.php(326): CodeIgniter\CodeIgniter->handleRequest(NULL, Object(Config\Cache), false)
#4 C:\xampp\htdocs\DespensaJyR\index.php(45): CodeIgniter\CodeIgniter->run()
#5 {main}
