CRITICAL - 2024-11-03 11:24:19 --> Undefined array key "id"
#0 C:\xampp\htdocs\MercaditoJyR\app\Controllers\Carrito_controller.php(148): CodeIgniter\Debug\Exceptions->errorHandler(2, 'Undefined array...', 'C:\\xampp\\htdocs...', 148)
#1 C:\xampp\htdocs\MercaditoJyR\system\CodeIgniter.php(832): App\Controllers\Carrito_controller->add()
#2 C:\xampp\htdocs\MercaditoJyR\system\CodeIgniter.php(419): CodeIgniter\CodeIgniter->runController(Object(App\Controllers\Carrito_controller))
#3 C:\xampp\htdocs\MercaditoJyR\system\CodeIgniter.php(326): CodeIgniter\CodeIgniter->handleRequest(NULL, Object(Config\Cache), false)
#4 C:\xampp\htdocs\MercaditoJyR\index.php(45): CodeIgniter\CodeIgniter->run()
#5 {main}
CRITICAL - 2024-11-03 14:05:06 --> syntax error, unexpected token "endif"
#0 C:\xampp\htdocs\MercaditoJyR\system\View\View.php(213): CodeIgniter\View\View->CodeIgniter\View\{closure}()
#1 C:\xampp\htdocs\MercaditoJyR\system\Common.php(1089): CodeIgniter\View\View->render('productos/lista...', Array, true)
#2 C:\xampp\htdocs\MercaditoJyR\app\Controllers\Producto_controller.php(88): view('productos/lista...', Array)
#3 C:\xampp\htdocs\MercaditoJyR\system\CodeIgniter.php(832): App\Controllers\Producto_controller->ProductosDisp()
#4 C:\xampp\htdocs\MercaditoJyR\system\CodeIgniter.php(419): CodeIgniter\CodeIgniter->runController(Object(App\Controllers\Producto_controller))
#5 C:\xampp\htdocs\MercaditoJyR\system\CodeIgniter.php(326): CodeIgniter\CodeIgniter->handleRequest(NULL, Object(Config\Cache), false)
#6 C:\xampp\htdocs\MercaditoJyR\index.php(45): CodeIgniter\CodeIgniter->run()
#7 {main}
CRITICAL - 2024-11-03 16:22:12 --> syntax error, unexpected token "*", expecting end of file
#0 C:\xampp\htdocs\MercaditoJyR\system\CodeIgniter.php(368): CodeIgniter\CodeIgniter->tryToRouteIt(NULL)
#1 C:\xampp\htdocs\MercaditoJyR\system\CodeIgniter.php(326): CodeIgniter\CodeIgniter->handleRequest(NULL, Object(Config\Cache), false)
#2 C:\xampp\htdocs\MercaditoJyR\index.php(45): CodeIgniter\CodeIgniter->run()
#3 {main}
