CRITICAL - 2022-05-24 07:56:24 --> Invalid file: Usuario/usuarios_view.php
#0 C:\xampp\htdocs\AlcarazOjedaLeandro-P1\system\View\View.php(198): CodeIgniter\Exceptions\FrameworkException::forInvalidFile('Usuario/usuario...')
#1 C:\xampp\htdocs\AlcarazOjedaLeandro-P1\system\Common.php(1089): CodeIgniter\View\View->render('Usuario/usuario...', Array, true)
#2 C:\xampp\htdocs\AlcarazOjedaLeandro-P1\app\Controllers\Datatable_controller.php(15): view('Usuario/usuario...', Array)
#3 C:\xampp\htdocs\AlcarazOjedaLeandro-P1\system\CodeIgniter.php(832): App\Controllers\Datatable_controller->index()
#4 C:\xampp\htdocs\AlcarazOjedaLeandro-P1\system\CodeIgniter.php(419): CodeIgniter\CodeIgniter->runController(Object(App\Controllers\Datatable_controller))
#5 C:\xampp\htdocs\AlcarazOjedaLeandro-P1\system\CodeIgniter.php(326): CodeIgniter\CodeIgniter->handleRequest(NULL, Object(Config\Cache), false)
#6 C:\xampp\htdocs\AlcarazOjedaLeandro-P1\index.php(37): CodeIgniter\CodeIgniter->run()
#7 {main}
CRITICAL - 2022-05-24 07:57:36 --> Invalid file: Usuario/usuarios_view.php
#0 C:\xampp\htdocs\AlcarazOjedaLeandro-P1\system\View\View.php(198): CodeIgniter\Exceptions\FrameworkException::forInvalidFile('Usuario/usuario...')
#1 C:\xampp\htdocs\AlcarazOjedaLeandro-P1\system\Common.php(1089): CodeIgniter\View\View->render('Usuario/usuario...', Array, true)
#2 C:\xampp\htdocs\AlcarazOjedaLeandro-P1\app\Controllers\Datatable_controller.php(15): view('Usuario/usuario...', Array)
#3 C:\xampp\htdocs\AlcarazOjedaLeandro-P1\system\CodeIgniter.php(832): App\Controllers\Datatable_controller->index()
#4 C:\xampp\htdocs\AlcarazOjedaLeandro-P1\system\CodeIgniter.php(419): CodeIgniter\CodeIgniter->runController(Object(App\Controllers\Datatable_controller))
#5 C:\xampp\htdocs\AlcarazOjedaLeandro-P1\system\CodeIgniter.php(326): CodeIgniter\CodeIgniter->handleRequest(NULL, Object(Config\Cache), false)
#6 C:\xampp\htdocs\AlcarazOjedaLeandro-P1\index.php(37): CodeIgniter\CodeIgniter->run()
#7 {main}
CRITICAL - 2022-05-24 07:57:37 --> Invalid file: Usuario/usuarios_view.php
#0 C:\xampp\htdocs\AlcarazOjedaLeandro-P1\system\View\View.php(198): CodeIgniter\Exceptions\FrameworkException::forInvalidFile('Usuario/usuario...')
#1 C:\xampp\htdocs\AlcarazOjedaLeandro-P1\system\Common.php(1089): CodeIgniter\View\View->render('Usuario/usuario...', Array, true)
#2 C:\xampp\htdocs\AlcarazOjedaLeandro-P1\app\Controllers\Datatable_controller.php(15): view('Usuario/usuario...', Array)
#3 C:\xampp\htdocs\AlcarazOjedaLeandro-P1\system\CodeIgniter.php(832): App\Controllers\Datatable_controller->index()
#4 C:\xampp\htdocs\AlcarazOjedaLeandro-P1\system\CodeIgniter.php(419): CodeIgniter\CodeIgniter->runController(Object(App\Controllers\Datatable_controller))
#5 C:\xampp\htdocs\AlcarazOjedaLeandro-P1\system\CodeIgniter.php(326): CodeIgniter\CodeIgniter->handleRequest(NULL, Object(Config\Cache), false)
#6 C:\xampp\htdocs\AlcarazOjedaLeandro-P1\index.php(37): CodeIgniter\CodeIgniter->run()
#7 {main}
CRITICAL - 2022-05-24 07:57:39 --> Invalid file: Usuario/usuarios_view.php
#0 C:\xampp\htdocs\AlcarazOjedaLeandro-P1\system\View\View.php(198): CodeIgniter\Exceptions\FrameworkException::forInvalidFile('Usuario/usuario...')
#1 C:\xampp\htdocs\AlcarazOjedaLeandro-P1\system\Common.php(1089): CodeIgniter\View\View->render('Usuario/usuario...', Array, true)
#2 C:\xampp\htdocs\AlcarazOjedaLeandro-P1\app\Controllers\Datatable_controller.php(15): view('Usuario/usuario...', Array)
#3 C:\xampp\htdocs\AlcarazOjedaLeandro-P1\system\CodeIgniter.php(832): App\Controllers\Datatable_controller->index()
#4 C:\xampp\htdocs\AlcarazOjedaLeandro-P1\system\CodeIgniter.php(419): CodeIgniter\CodeIgniter->runController(Object(App\Controllers\Datatable_controller))
#5 C:\xampp\htdocs\AlcarazOjedaLeandro-P1\system\CodeIgniter.php(326): CodeIgniter\CodeIgniter->handleRequest(NULL, Object(Config\Cache), false)
#6 C:\xampp\htdocs\AlcarazOjedaLeandro-P1\index.php(37): CodeIgniter\CodeIgniter->run()
#7 {main}
CRITICAL - 2022-05-24 08:11:02 --> auth filter must have a matching alias defined.
#0 C:\xampp\htdocs\AlcarazOjedaLeandro-P1\system\Filters\Filters.php(340): CodeIgniter\Filters\Exceptions\FilterException::forNoAlias('auth')
#1 C:\xampp\htdocs\AlcarazOjedaLeandro-P1\system\CodeIgniter.php(384): CodeIgniter\Filters\Filters->enableFilter('auth', 'before')
#2 C:\xampp\htdocs\AlcarazOjedaLeandro-P1\system\CodeIgniter.php(326): CodeIgniter\CodeIgniter->handleRequest(NULL, Object(Config\Cache), false)
#3 C:\xampp\htdocs\AlcarazOjedaLeandro-P1\index.php(37): CodeIgniter\CodeIgniter->run()
#4 {main}
CRITICAL - 2022-05-24 08:27:00 --> Invalid file: Usuario/usuarios_view.php
#0 C:\xampp\htdocs\AlcarazOjedaLeandro-P1\system\View\View.php(198): CodeIgniter\Exceptions\FrameworkException::forInvalidFile('Usuario/usuario...')
#1 C:\xampp\htdocs\AlcarazOjedaLeandro-P1\system\Common.php(1089): CodeIgniter\View\View->render('Usuario/usuario...', Array, true)
#2 C:\xampp\htdocs\AlcarazOjedaLeandro-P1\app\Controllers\Datatable_controller.php(15): view('Usuario/usuario...', Array)
#3 C:\xampp\htdocs\AlcarazOjedaLeandro-P1\system\CodeIgniter.php(832): App\Controllers\Datatable_controller->index()
#4 C:\xampp\htdocs\AlcarazOjedaLeandro-P1\system\CodeIgniter.php(419): CodeIgniter\CodeIgniter->runController(Object(App\Controllers\Datatable_controller))
#5 C:\xampp\htdocs\AlcarazOjedaLeandro-P1\system\CodeIgniter.php(326): CodeIgniter\CodeIgniter->handleRequest(NULL, Object(Config\Cache), false)
#6 C:\xampp\htdocs\AlcarazOjedaLeandro-P1\index.php(37): CodeIgniter\CodeIgniter->run()
#7 {main}
CRITICAL - 2022-05-24 08:31:28 --> Invalid file: Usuario/usuarios_view.php
#0 C:\xampp\htdocs\AlcarazOjedaLeandro-P1\system\View\View.php(198): CodeIgniter\Exceptions\FrameworkException::forInvalidFile('Usuario/usuario...')
#1 C:\xampp\htdocs\AlcarazOjedaLeandro-P1\system\Common.php(1089): CodeIgniter\View\View->render('Usuario/usuario...', Array, true)
#2 C:\xampp\htdocs\AlcarazOjedaLeandro-P1\app\Controllers\Datatable_controller.php(15): view('Usuario/usuario...', Array)
#3 C:\xampp\htdocs\AlcarazOjedaLeandro-P1\system\CodeIgniter.php(832): App\Controllers\Datatable_controller->index()
#4 C:\xampp\htdocs\AlcarazOjedaLeandro-P1\system\CodeIgniter.php(419): CodeIgniter\CodeIgniter->runController(Object(App\Controllers\Datatable_controller))
#5 C:\xampp\htdocs\AlcarazOjedaLeandro-P1\system\CodeIgniter.php(326): CodeIgniter\CodeIgniter->handleRequest(NULL, Object(Config\Cache), false)
#6 C:\xampp\htdocs\AlcarazOjedaLeandro-P1\index.php(37): CodeIgniter\CodeIgniter->run()
#7 {main}
CRITICAL - 2022-05-24 08:32:26 --> syntax error, unexpected token "echo"
#0 C:\xampp\htdocs\AlcarazOjedaLeandro-P1\system\Autoloader\Autoloader.php(241): CodeIgniter\Autoloader\Autoloader->includeFile('C:\\xampp\\htdocs...')
#1 C:\xampp\htdocs\AlcarazOjedaLeandro-P1\system\Autoloader\Autoloader.php(219): CodeIgniter\Autoloader\Autoloader->loadInNamespace('App\\Controllers...')
#2 [internal function]: CodeIgniter\Autoloader\Autoloader->loadClass('App\\Controllers...')
#3 C:\xampp\htdocs\AlcarazOjedaLeandro-P1\system\CodeIgniter.php(797): class_exists('\\App\\Controller...', true)
#4 C:\xampp\htdocs\AlcarazOjedaLeandro-P1\system\CodeIgniter.php(406): CodeIgniter\CodeIgniter->startController()
#5 C:\xampp\htdocs\AlcarazOjedaLeandro-P1\system\CodeIgniter.php(326): CodeIgniter\CodeIgniter->handleRequest(NULL, Object(Config\Cache), false)
#6 C:\xampp\htdocs\AlcarazOjedaLeandro-P1\index.php(37): CodeIgniter\CodeIgniter->run()
#7 {main}
CRITICAL - 2022-05-24 08:32:28 --> syntax error, unexpected token "echo"
#0 C:\xampp\htdocs\AlcarazOjedaLeandro-P1\system\Autoloader\Autoloader.php(241): CodeIgniter\Autoloader\Autoloader->includeFile('C:\\xampp\\htdocs...')
#1 C:\xampp\htdocs\AlcarazOjedaLeandro-P1\system\Autoloader\Autoloader.php(219): CodeIgniter\Autoloader\Autoloader->loadInNamespace('App\\Controllers...')
#2 [internal function]: CodeIgniter\Autoloader\Autoloader->loadClass('App\\Controllers...')
#3 C:\xampp\htdocs\AlcarazOjedaLeandro-P1\system\CodeIgniter.php(797): class_exists('\\App\\Controller...', true)
#4 C:\xampp\htdocs\AlcarazOjedaLeandro-P1\system\CodeIgniter.php(406): CodeIgniter\CodeIgniter->startController()
#5 C:\xampp\htdocs\AlcarazOjedaLeandro-P1\system\CodeIgniter.php(326): CodeIgniter\CodeIgniter->handleRequest(NULL, Object(Config\Cache), false)
#6 C:\xampp\htdocs\AlcarazOjedaLeandro-P1\index.php(37): CodeIgniter\CodeIgniter->run()
#7 {main}
CRITICAL - 2022-05-24 08:33:11 --> Invalid file: Usuario/usuarios_view.php
#0 C:\xampp\htdocs\AlcarazOjedaLeandro-P1\system\View\View.php(198): CodeIgniter\Exceptions\FrameworkException::forInvalidFile('Usuario/usuario...')
#1 C:\xampp\htdocs\AlcarazOjedaLeandro-P1\system\Common.php(1089): CodeIgniter\View\View->render('Usuario/usuario...', Array, true)
#2 C:\xampp\htdocs\AlcarazOjedaLeandro-P1\app\Controllers\Datatable_controller.php(16): view('Usuario/usuario...', Array)
#3 C:\xampp\htdocs\AlcarazOjedaLeandro-P1\system\CodeIgniter.php(832): App\Controllers\Datatable_controller->index()
#4 C:\xampp\htdocs\AlcarazOjedaLeandro-P1\system\CodeIgniter.php(419): CodeIgniter\CodeIgniter->runController(Object(App\Controllers\Datatable_controller))
#5 C:\xampp\htdocs\AlcarazOjedaLeandro-P1\system\CodeIgniter.php(326): CodeIgniter\CodeIgniter->handleRequest(NULL, Object(Config\Cache), false)
#6 C:\xampp\htdocs\AlcarazOjedaLeandro-P1\index.php(37): CodeIgniter\CodeIgniter->run()
#7 {main}
CRITICAL - 2022-05-24 08:33:59 --> Invalid file: Usuario/usuarios_view.php
#0 C:\xampp\htdocs\AlcarazOjedaLeandro-P1\system\View\View.php(198): CodeIgniter\Exceptions\FrameworkException::forInvalidFile('Usuario/usuario...')
#1 C:\xampp\htdocs\AlcarazOjedaLeandro-P1\system\Common.php(1089): CodeIgniter\View\View->render('Usuario/usuario...', Array, true)
#2 C:\xampp\htdocs\AlcarazOjedaLeandro-P1\app\Controllers\Datatable_controller.php(16): view('Usuario/usuario...', Array)
#3 C:\xampp\htdocs\AlcarazOjedaLeandro-P1\system\CodeIgniter.php(832): App\Controllers\Datatable_controller->index()
#4 C:\xampp\htdocs\AlcarazOjedaLeandro-P1\system\CodeIgniter.php(419): CodeIgniter\CodeIgniter->runController(Object(App\Controllers\Datatable_controller))
#5 C:\xampp\htdocs\AlcarazOjedaLeandro-P1\system\CodeIgniter.php(326): CodeIgniter\CodeIgniter->handleRequest(NULL, Object(Config\Cache), false)
#6 C:\xampp\htdocs\AlcarazOjedaLeandro-P1\index.php(37): CodeIgniter\CodeIgniter->run()
#7 {main}
CRITICAL - 2022-05-24 08:34:00 --> Invalid file: Usuario/usuarios_view.php
#0 C:\xampp\htdocs\AlcarazOjedaLeandro-P1\system\View\View.php(198): CodeIgniter\Exceptions\FrameworkException::forInvalidFile('Usuario/usuario...')
#1 C:\xampp\htdocs\AlcarazOjedaLeandro-P1\system\Common.php(1089): CodeIgniter\View\View->render('Usuario/usuario...', Array, true)
#2 C:\xampp\htdocs\AlcarazOjedaLeandro-P1\app\Controllers\Datatable_controller.php(16): view('Usuario/usuario...', Array)
#3 C:\xampp\htdocs\AlcarazOjedaLeandro-P1\system\CodeIgniter.php(832): App\Controllers\Datatable_controller->index()
#4 C:\xampp\htdocs\AlcarazOjedaLeandro-P1\system\CodeIgniter.php(419): CodeIgniter\CodeIgniter->runController(Object(App\Controllers\Datatable_controller))
#5 C:\xampp\htdocs\AlcarazOjedaLeandro-P1\system\CodeIgniter.php(326): CodeIgniter\CodeIgniter->handleRequest(NULL, Object(Config\Cache), false)
#6 C:\xampp\htdocs\AlcarazOjedaLeandro-P1\index.php(37): CodeIgniter\CodeIgniter->run()
#7 {main}
CRITICAL - 2022-05-24 08:34:07 --> Invalid file: Usuario/usuarios_view.php
#0 C:\xampp\htdocs\AlcarazOjedaLeandro-P1\system\View\View.php(198): CodeIgniter\Exceptions\FrameworkException::forInvalidFile('Usuario/usuario...')
#1 C:\xampp\htdocs\AlcarazOjedaLeandro-P1\system\Common.php(1089): CodeIgniter\View\View->render('Usuario/usuario...', Array, true)
#2 C:\xampp\htdocs\AlcarazOjedaLeandro-P1\app\Controllers\Datatable_controller.php(16): view('Usuario/usuario...', Array)
#3 C:\xampp\htdocs\AlcarazOjedaLeandro-P1\system\CodeIgniter.php(832): App\Controllers\Datatable_controller->index()
#4 C:\xampp\htdocs\AlcarazOjedaLeandro-P1\system\CodeIgniter.php(419): CodeIgniter\CodeIgniter->runController(Object(App\Controllers\Datatable_controller))
#5 C:\xampp\htdocs\AlcarazOjedaLeandro-P1\system\CodeIgniter.php(326): CodeIgniter\CodeIgniter->handleRequest(NULL, Object(Config\Cache), false)
#6 C:\xampp\htdocs\AlcarazOjedaLeandro-P1\index.php(37): CodeIgniter\CodeIgniter->run()
#7 {main}
CRITICAL - 2022-05-24 08:34:36 --> Invalid file: Usuario/usuarios_view.php
#0 C:\xampp\htdocs\AlcarazOjedaLeandro-P1\system\View\View.php(198): CodeIgniter\Exceptions\FrameworkException::forInvalidFile('Usuario/usuario...')
#1 C:\xampp\htdocs\AlcarazOjedaLeandro-P1\system\Common.php(1089): CodeIgniter\View\View->render('Usuario/usuario...', Array, true)
#2 C:\xampp\htdocs\AlcarazOjedaLeandro-P1\app\Controllers\Datatable_controller.php(16): view('Usuario/usuario...', Array)
#3 C:\xampp\htdocs\AlcarazOjedaLeandro-P1\system\CodeIgniter.php(832): App\Controllers\Datatable_controller->index()
#4 C:\xampp\htdocs\AlcarazOjedaLeandro-P1\system\CodeIgniter.php(419): CodeIgniter\CodeIgniter->runController(Object(App\Controllers\Datatable_controller))
#5 C:\xampp\htdocs\AlcarazOjedaLeandro-P1\system\CodeIgniter.php(326): CodeIgniter\CodeIgniter->handleRequest(NULL, Object(Config\Cache), false)
#6 C:\xampp\htdocs\AlcarazOjedaLeandro-P1\index.php(37): CodeIgniter\CodeIgniter->run()
#7 {main}
CRITICAL - 2022-05-24 08:34:37 --> Invalid file: Usuario/usuarios_view.php
#0 C:\xampp\htdocs\AlcarazOjedaLeandro-P1\system\View\View.php(198): CodeIgniter\Exceptions\FrameworkException::forInvalidFile('Usuario/usuario...')
#1 C:\xampp\htdocs\AlcarazOjedaLeandro-P1\system\Common.php(1089): CodeIgniter\View\View->render('Usuario/usuario...', Array, true)
#2 C:\xampp\htdocs\AlcarazOjedaLeandro-P1\app\Controllers\Datatable_controller.php(16): view('Usuario/usuario...', Array)
#3 C:\xampp\htdocs\AlcarazOjedaLeandro-P1\system\CodeIgniter.php(832): App\Controllers\Datatable_controller->index()
#4 C:\xampp\htdocs\AlcarazOjedaLeandro-P1\system\CodeIgniter.php(419): CodeIgniter\CodeIgniter->runController(Object(App\Controllers\Datatable_controller))
#5 C:\xampp\htdocs\AlcarazOjedaLeandro-P1\system\CodeIgniter.php(326): CodeIgniter\CodeIgniter->handleRequest(NULL, Object(Config\Cache), false)
#6 C:\xampp\htdocs\AlcarazOjedaLeandro-P1\index.php(37): CodeIgniter\CodeIgniter->run()
#7 {main}
CRITICAL - 2022-05-24 08:34:43 --> Invalid file: Usuario/usuarios_view.php
#0 C:\xampp\htdocs\AlcarazOjedaLeandro-P1\system\View\View.php(198): CodeIgniter\Exceptions\FrameworkException::forInvalidFile('Usuario/usuario...')
#1 C:\xampp\htdocs\AlcarazOjedaLeandro-P1\system\Common.php(1089): CodeIgniter\View\View->render('Usuario/usuario...', Array, true)
#2 C:\xampp\htdocs\AlcarazOjedaLeandro-P1\app\Controllers\Datatable_controller.php(16): view('Usuario/usuario...', Array)
#3 C:\xampp\htdocs\AlcarazOjedaLeandro-P1\system\CodeIgniter.php(832): App\Controllers\Datatable_controller->index()
#4 C:\xampp\htdocs\AlcarazOjedaLeandro-P1\system\CodeIgniter.php(419): CodeIgniter\CodeIgniter->runController(Object(App\Controllers\Datatable_controller))
#5 C:\xampp\htdocs\AlcarazOjedaLeandro-P1\system\CodeIgniter.php(326): CodeIgniter\CodeIgniter->handleRequest(NULL, Object(Config\Cache), false)
#6 C:\xampp\htdocs\AlcarazOjedaLeandro-P1\index.php(37): CodeIgniter\CodeIgniter->run()
#7 {main}
CRITICAL - 2022-05-24 08:36:17 --> Invalid file: Usuario/usuarios_view.php
#0 C:\xampp\htdocs\AlcarazOjedaLeandro-P1\system\View\View.php(198): CodeIgniter\Exceptions\FrameworkException::forInvalidFile('Usuario/usuario...')
#1 C:\xampp\htdocs\AlcarazOjedaLeandro-P1\system\Common.php(1089): CodeIgniter\View\View->render('Usuario/usuario...', Array, true)
#2 C:\xampp\htdocs\AlcarazOjedaLeandro-P1\app\Controllers\Datatable_controller.php(16): view('Usuario/usuario...', Array)
#3 C:\xampp\htdocs\AlcarazOjedaLeandro-P1\system\CodeIgniter.php(832): App\Controllers\Datatable_controller->index()
#4 C:\xampp\htdocs\AlcarazOjedaLeandro-P1\system\CodeIgniter.php(419): CodeIgniter\CodeIgniter->runController(Object(App\Controllers\Datatable_controller))
#5 C:\xampp\htdocs\AlcarazOjedaLeandro-P1\system\CodeIgniter.php(326): CodeIgniter\CodeIgniter->handleRequest(NULL, Object(Config\Cache), false)
#6 C:\xampp\htdocs\AlcarazOjedaLeandro-P1\index.php(37): CodeIgniter\CodeIgniter->run()
#7 {main}
CRITICAL - 2022-05-24 08:36:18 --> Invalid file: Usuario/usuarios_view.php
#0 C:\xampp\htdocs\AlcarazOjedaLeandro-P1\system\View\View.php(198): CodeIgniter\Exceptions\FrameworkException::forInvalidFile('Usuario/usuario...')
#1 C:\xampp\htdocs\AlcarazOjedaLeandro-P1\system\Common.php(1089): CodeIgniter\View\View->render('Usuario/usuario...', Array, true)
#2 C:\xampp\htdocs\AlcarazOjedaLeandro-P1\app\Controllers\Datatable_controller.php(16): view('Usuario/usuario...', Array)
#3 C:\xampp\htdocs\AlcarazOjedaLeandro-P1\system\CodeIgniter.php(832): App\Controllers\Datatable_controller->index()
#4 C:\xampp\htdocs\AlcarazOjedaLeandro-P1\system\CodeIgniter.php(419): CodeIgniter\CodeIgniter->runController(Object(App\Controllers\Datatable_controller))
#5 C:\xampp\htdocs\AlcarazOjedaLeandro-P1\system\CodeIgniter.php(326): CodeIgniter\CodeIgniter->handleRequest(NULL, Object(Config\Cache), false)
#6 C:\xampp\htdocs\AlcarazOjedaLeandro-P1\index.php(37): CodeIgniter\CodeIgniter->run()
#7 {main}
ERROR - 2022-05-24 09:20:39 --> Unknown column 'phone' in 'field list'
CRITICAL - 2022-05-24 09:20:39 --> Unknown column 'phone' in 'field list'
#0 C:\xampp\htdocs\AlcarazOjedaLeandro-P1\system\Database\MySQLi\Connection.php(292): mysqli->query('INSERT INTO `us...', 0)
#1 C:\xampp\htdocs\AlcarazOjedaLeandro-P1\system\Database\BaseConnection.php(670): CodeIgniter\Database\MySQLi\Connection->execute('INSERT INTO `us...')
#2 C:\xampp\htdocs\AlcarazOjedaLeandro-P1\system\Database\BaseConnection.php(598): CodeIgniter\Database\BaseConnection->simpleQuery('INSERT INTO `us...')
#3 C:\xampp\htdocs\AlcarazOjedaLeandro-P1\system\Database\BaseBuilder.php(1771): CodeIgniter\Database\BaseConnection->query('INSERT INTO `us...', Array, false)
#4 C:\xampp\htdocs\AlcarazOjedaLeandro-P1\system\Model.php(239): CodeIgniter\Database\BaseBuilder->insert()
#5 C:\xampp\htdocs\AlcarazOjedaLeandro-P1\system\BaseModel.php(738): CodeIgniter\Model->doInsert(Array)
#6 C:\xampp\htdocs\AlcarazOjedaLeandro-P1\system\Model.php(625): CodeIgniter\BaseModel->insert(Array, false)
#7 C:\xampp\htdocs\AlcarazOjedaLeandro-P1\system\BaseModel.php(658): CodeIgniter\Model->insert(Array, false)
#8 C:\xampp\htdocs\AlcarazOjedaLeandro-P1\app\Controllers\FormController.php(33): CodeIgniter\BaseModel->save(Array)
#9 C:\xampp\htdocs\AlcarazOjedaLeandro-P1\system\CodeIgniter.php(832): App\Controllers\FormController->formValidation()
#10 C:\xampp\htdocs\AlcarazOjedaLeandro-P1\system\CodeIgniter.php(419): CodeIgniter\CodeIgniter->runController(Object(App\Controllers\FormController))
#11 C:\xampp\htdocs\AlcarazOjedaLeandro-P1\system\CodeIgniter.php(326): CodeIgniter\CodeIgniter->handleRequest(NULL, Object(Config\Cache), false)
#12 C:\xampp\htdocs\AlcarazOjedaLeandro-P1\index.php(37): CodeIgniter\CodeIgniter->run()
#13 {main}
CRITICAL - 2022-05-24 09:36:47 --> syntax error, unexpected token ";", expecting "]"
#0 C:\xampp\htdocs\AlcarazOjedaLeandro-P1\system\Autoloader\Autoloader.php(241): CodeIgniter\Autoloader\Autoloader->includeFile('C:\\xampp\\htdocs...')
#1 C:\xampp\htdocs\AlcarazOjedaLeandro-P1\system\Autoloader\Autoloader.php(219): CodeIgniter\Autoloader\Autoloader->loadInNamespace('App\\Controllers...')
#2 [internal function]: CodeIgniter\Autoloader\Autoloader->loadClass('App\\Controllers...')
#3 C:\xampp\htdocs\AlcarazOjedaLeandro-P1\system\CodeIgniter.php(797): class_exists('\\App\\Controller...', true)
#4 C:\xampp\htdocs\AlcarazOjedaLeandro-P1\system\CodeIgniter.php(406): CodeIgniter\CodeIgniter->startController()
#5 C:\xampp\htdocs\AlcarazOjedaLeandro-P1\system\CodeIgniter.php(326): CodeIgniter\CodeIgniter->handleRequest(NULL, Object(Config\Cache), false)
#6 C:\xampp\htdocs\AlcarazOjedaLeandro-P1\index.php(37): CodeIgniter\CodeIgniter->run()
#7 {main}
CRITICAL - 2022-05-24 10:04:39 --> syntax error, unexpected token "class", expecting "function" or "const"
#0 C:\xampp\htdocs\AlcarazOjedaLeandro-P1\system\Autoloader\Autoloader.php(241): CodeIgniter\Autoloader\Autoloader->includeFile('C:\\xampp\\htdocs...')
#1 C:\xampp\htdocs\AlcarazOjedaLeandro-P1\system\Autoloader\Autoloader.php(219): CodeIgniter\Autoloader\Autoloader->loadInNamespace('App\\Controllers...')
#2 [internal function]: CodeIgniter\Autoloader\Autoloader->loadClass('App\\Controllers...')
#3 C:\xampp\htdocs\AlcarazOjedaLeandro-P1\system\CodeIgniter.php(797): class_exists('\\App\\Controller...', true)
#4 C:\xampp\htdocs\AlcarazOjedaLeandro-P1\system\CodeIgniter.php(406): CodeIgniter\CodeIgniter->startController()
#5 C:\xampp\htdocs\AlcarazOjedaLeandro-P1\system\CodeIgniter.php(326): CodeIgniter\CodeIgniter->handleRequest(NULL, Object(Config\Cache), false)
#6 C:\xampp\htdocs\AlcarazOjedaLeandro-P1\index.php(37): CodeIgniter\CodeIgniter->run()
#7 {main}
CRITICAL - 2022-05-24 10:06:03 --> Undefined variable $consulModel
#0 C:\xampp\htdocs\AlcarazOjedaLeandro-P1\app\Controllers\Contactocontroller.php(21): CodeIgniter\Debug\Exceptions->errorHandler(2, 'Undefined varia...', 'C:\\xampp\\htdocs...', 21)
#1 C:\xampp\htdocs\AlcarazOjedaLeandro-P1\system\CodeIgniter.php(832): App\Controllers\Contactocontroller->Datos_consultas()
#2 C:\xampp\htdocs\AlcarazOjedaLeandro-P1\system\CodeIgniter.php(419): CodeIgniter\CodeIgniter->runController(Object(App\Controllers\Contactocontroller))
#3 C:\xampp\htdocs\AlcarazOjedaLeandro-P1\system\CodeIgniter.php(326): CodeIgniter\CodeIgniter->handleRequest(NULL, Object(Config\Cache), false)
#4 C:\xampp\htdocs\AlcarazOjedaLeandro-P1\index.php(37): CodeIgniter\CodeIgniter->run()
#5 {main}
CRITICAL - 2022-05-24 10:08:40 --> Undefined array key "nombre"
#0 C:\xampp\htdocs\AlcarazOjedaLeandro-P1\app\Views\back\usuario\consultas_view.php(17): CodeIgniter\Debug\Exceptions->errorHandler(2, 'Undefined array...', 'C:\\xampp\\htdocs...', 17)
#1 C:\xampp\htdocs\AlcarazOjedaLeandro-P1\system\View\View.php(210): include('C:\\xampp\\htdocs...')
#2 C:\xampp\htdocs\AlcarazOjedaLeandro-P1\system\View\View.php(213): CodeIgniter\View\View->CodeIgniter\View\{closure}()
#3 C:\xampp\htdocs\AlcarazOjedaLeandro-P1\system\Common.php(1089): CodeIgniter\View\View->render('back/usuario/co...', Array, true)
#4 C:\xampp\htdocs\AlcarazOjedaLeandro-P1\app\Controllers\Contactocontroller.php(26): view('back/usuario/co...', Array)
#5 C:\xampp\htdocs\AlcarazOjedaLeandro-P1\system\CodeIgniter.php(832): App\Controllers\Contactocontroller->Datos_consultas()
#6 C:\xampp\htdocs\AlcarazOjedaLeandro-P1\system\CodeIgniter.php(419): CodeIgniter\CodeIgniter->runController(Object(App\Controllers\Contactocontroller))
#7 C:\xampp\htdocs\AlcarazOjedaLeandro-P1\system\CodeIgniter.php(326): CodeIgniter\CodeIgniter->handleRequest(NULL, Object(Config\Cache), false)
#8 C:\xampp\htdocs\AlcarazOjedaLeandro-P1\index.php(37): CodeIgniter\CodeIgniter->run()
#9 {main}
