CRITICAL - 2024-06-11 16:53:35 --> Invalid file: header.php
#0 C:\xampp\htdocs\proyecto_huici_raul\system\View\View.php(198): CodeIgniter\Exceptions\FrameworkException::forInvalidFile('header.php')
#1 C:\xampp\htdocs\proyecto_huici_raul\system\Common.php(1089): CodeIgniter\View\View->render('header', Array, true)
#2 C:\xampp\htdocs\proyecto_huici_raul\app\Controllers\Carrito_controller.php(87): view('header', Array)
#3 C:\xampp\htdocs\proyecto_huici_raul\system\CodeIgniter.php(832): App\Controllers\Carrito_controller->productosAgregados()
#4 C:\xampp\htdocs\proyecto_huici_raul\system\CodeIgniter.php(419): CodeIgniter\CodeIgniter->runController(Object(App\Controllers\Carrito_controller))
#5 C:\xampp\htdocs\proyecto_huici_raul\system\CodeIgniter.php(326): CodeIgniter\CodeIgniter->handleRequest(NULL, Object(Config\Cache), false)
#6 C:\xampp\htdocs\proyecto_huici_raul\index.php(45): CodeIgniter\CodeIgniter->run()
#7 {main}
CRITICAL - 2024-06-11 17:31:40 --> Invalid file: header.php
#0 C:\xampp\htdocs\proyecto_huici_raul\system\View\View.php(198): CodeIgniter\Exceptions\FrameworkException::forInvalidFile('header.php')
#1 C:\xampp\htdocs\proyecto_huici_raul\system\Common.php(1089): CodeIgniter\View\View->render('header', Array, true)
#2 C:\xampp\htdocs\proyecto_huici_raul\app\Controllers\Carrito_controller.php(168): view('header', Array)
#3 C:\xampp\htdocs\proyecto_huici_raul\system\CodeIgniter.php(832): App\Controllers\Carrito_controller->muestra_compra()
#4 C:\xampp\htdocs\proyecto_huici_raul\system\CodeIgniter.php(419): CodeIgniter\CodeIgniter->runController(Object(App\Controllers\Carrito_controller))
#5 C:\xampp\htdocs\proyecto_huici_raul\system\CodeIgniter.php(326): CodeIgniter\CodeIgniter->handleRequest(NULL, Object(Config\Cache), false)
#6 C:\xampp\htdocs\proyecto_huici_raul\index.php(45): CodeIgniter\CodeIgniter->run()
#7 {main}
CRITICAL - 2024-06-11 17:35:05 --> Invalid file: header.php
#0 C:\xampp\htdocs\proyecto_huici_raul\system\View\View.php(198): CodeIgniter\Exceptions\FrameworkException::forInvalidFile('header.php')
#1 C:\xampp\htdocs\proyecto_huici_raul\system\Common.php(1089): CodeIgniter\View\View->render('header', Array, true)
#2 C:\xampp\htdocs\proyecto_huici_raul\app\Controllers\Carrito_controller.php(239): view('header', Array)
#3 C:\xampp\htdocs\proyecto_huici_raul\system\CodeIgniter.php(832): App\Controllers\Carrito_controller->GraciasPorSuCompra()
#4 C:\xampp\htdocs\proyecto_huici_raul\system\CodeIgniter.php(419): CodeIgniter\CodeIgniter->runController(Object(App\Controllers\Carrito_controller))
#5 C:\xampp\htdocs\proyecto_huici_raul\system\CodeIgniter.php(326): CodeIgniter\CodeIgniter->handleRequest(NULL, Object(Config\Cache), false)
#6 C:\xampp\htdocs\proyecto_huici_raul\index.php(45): CodeIgniter\CodeIgniter->run()
#7 {main}
CRITICAL - 2024-06-11 17:44:38 --> Invalid file: header.php
#0 C:\xampp\htdocs\proyecto_huici_raul\system\View\View.php(198): CodeIgniter\Exceptions\FrameworkException::forInvalidFile('header.php')
#1 C:\xampp\htdocs\proyecto_huici_raul\system\Common.php(1089): CodeIgniter\View\View->render('header', Array, true)
#2 C:\xampp\htdocs\proyecto_huici_raul\app\Controllers\Datatable_controller.php(38): view('header', Array)
#3 C:\xampp\htdocs\proyecto_huici_raul\system\CodeIgniter.php(832): App\Controllers\Datatable_controller->editoMisDatos('55')
#4 C:\xampp\htdocs\proyecto_huici_raul\system\CodeIgniter.php(419): CodeIgniter\CodeIgniter->runController(Object(App\Controllers\Datatable_controller))
#5 C:\xampp\htdocs\proyecto_huici_raul\system\CodeIgniter.php(326): CodeIgniter\CodeIgniter->handleRequest(NULL, Object(Config\Cache), false)
#6 C:\xampp\htdocs\proyecto_huici_raul\index.php(45): CodeIgniter\CodeIgniter->run()
#7 {main}
CRITICAL - 2024-06-11 17:47:19 --> Invalid file: usuario/editoMisDatos_view.php
#0 C:\xampp\htdocs\proyecto_huici_raul\system\View\View.php(198): CodeIgniter\Exceptions\FrameworkException::forInvalidFile('usuario/editoMi...')
#1 C:\xampp\htdocs\proyecto_huici_raul\system\Common.php(1089): CodeIgniter\View\View->render('usuario/editoMi...', Array, true)
#2 C:\xampp\htdocs\proyecto_huici_raul\app\Controllers\Datatable_controller.php(40): view('usuario/editoMi...', Array)
#3 C:\xampp\htdocs\proyecto_huici_raul\system\CodeIgniter.php(832): App\Controllers\Datatable_controller->editoMisDatos('55')
#4 C:\xampp\htdocs\proyecto_huici_raul\system\CodeIgniter.php(419): CodeIgniter\CodeIgniter->runController(Object(App\Controllers\Datatable_controller))
#5 C:\xampp\htdocs\proyecto_huici_raul\system\CodeIgniter.php(326): CodeIgniter\CodeIgniter->handleRequest(NULL, Object(Config\Cache), false)
#6 C:\xampp\htdocs\proyecto_huici_raul\index.php(45): CodeIgniter\CodeIgniter->run()
#7 {main}
CRITICAL - 2024-06-11 17:53:40 --> Invalid file: header.php
#0 C:\xampp\htdocs\proyecto_huici_raul\system\View\View.php(198): CodeIgniter\Exceptions\FrameworkException::forInvalidFile('header.php')
#1 C:\xampp\htdocs\proyecto_huici_raul\system\Common.php(1089): CodeIgniter\View\View->render('header', Array, true)
#2 C:\xampp\htdocs\proyecto_huici_raul\app\Controllers\Carrito_controller.php(58): view('header', Array)
#3 C:\xampp\htdocs\proyecto_huici_raul\system\CodeIgniter.php(832): App\Controllers\Carrito_controller->ListComprasCabeceraCliente('55')
#4 C:\xampp\htdocs\proyecto_huici_raul\system\CodeIgniter.php(419): CodeIgniter\CodeIgniter->runController(Object(App\Controllers\Carrito_controller))
#5 C:\xampp\htdocs\proyecto_huici_raul\system\CodeIgniter.php(326): CodeIgniter\CodeIgniter->handleRequest(NULL, Object(Config\Cache), false)
#6 C:\xampp\htdocs\proyecto_huici_raul\index.php(45): CodeIgniter\CodeIgniter->run()
#7 {main}
CRITICAL - 2024-06-11 17:56:58 --> Invalid file: header.php
#0 C:\xampp\htdocs\proyecto_huici_raul\system\View\View.php(198): CodeIgniter\Exceptions\FrameworkException::forInvalidFile('header.php')
#1 C:\xampp\htdocs\proyecto_huici_raul\system\Common.php(1089): CodeIgniter\View\View->render('header', Array, true)
#2 C:\xampp\htdocs\proyecto_huici_raul\app\Controllers\Carrito_controller.php(77): view('header', Array)
#3 C:\xampp\htdocs\proyecto_huici_raul\system\CodeIgniter.php(832): App\Controllers\Carrito_controller->ListCompraDetalle('107')
#4 C:\xampp\htdocs\proyecto_huici_raul\system\CodeIgniter.php(419): CodeIgniter\CodeIgniter->runController(Object(App\Controllers\Carrito_controller))
#5 C:\xampp\htdocs\proyecto_huici_raul\system\CodeIgniter.php(326): CodeIgniter\CodeIgniter->handleRequest(NULL, Object(Config\Cache), false)
#6 C:\xampp\htdocs\proyecto_huici_raul\index.php(45): CodeIgniter\CodeIgniter->run()
#7 {main}
CRITICAL - 2024-06-11 18:01:02 --> Invalid file: header.php
#0 C:\xampp\htdocs\proyecto_huici_raul\system\View\View.php(198): CodeIgniter\Exceptions\FrameworkException::forInvalidFile('header.php')
#1 C:\xampp\htdocs\proyecto_huici_raul\system\Common.php(1089): CodeIgniter\View\View->render('header', Array, true)
#2 C:\xampp\htdocs\proyecto_huici_raul\app\Controllers\Carrito_controller.php(269): view('header', Array)
#3 C:\xampp\htdocs\proyecto_huici_raul\system\CodeIgniter.php(832): App\Controllers\Carrito_controller->FacturaAdmin('107')
#4 C:\xampp\htdocs\proyecto_huici_raul\system\CodeIgniter.php(419): CodeIgniter\CodeIgniter->runController(Object(App\Controllers\Carrito_controller))
#5 C:\xampp\htdocs\proyecto_huici_raul\system\CodeIgniter.php(326): CodeIgniter\CodeIgniter->handleRequest(NULL, Object(Config\Cache), false)
#6 C:\xampp\htdocs\proyecto_huici_raul\index.php(45): CodeIgniter\CodeIgniter->run()
#7 {main}
CRITICAL - 2024-06-11 18:02:04 --> Invalid file: header.php
#0 C:\xampp\htdocs\proyecto_huici_raul\system\View\View.php(198): CodeIgniter\Exceptions\FrameworkException::forInvalidFile('header.php')
#1 C:\xampp\htdocs\proyecto_huici_raul\system\Common.php(1089): CodeIgniter\View\View->render('header', Array, true)
#2 C:\xampp\htdocs\proyecto_huici_raul\app\Controllers\Carrito_controller.php(269): view('header', Array)
#3 C:\xampp\htdocs\proyecto_huici_raul\system\CodeIgniter.php(832): App\Controllers\Carrito_controller->FacturaAdmin('107')
#4 C:\xampp\htdocs\proyecto_huici_raul\system\CodeIgniter.php(419): CodeIgniter\CodeIgniter->runController(Object(App\Controllers\Carrito_controller))
#5 C:\xampp\htdocs\proyecto_huici_raul\system\CodeIgniter.php(326): CodeIgniter\CodeIgniter->handleRequest(NULL, Object(Config\Cache), false)
#6 C:\xampp\htdocs\proyecto_huici_raul\index.php(45): CodeIgniter\CodeIgniter->run()
#7 {main}
CRITICAL - 2024-06-11 18:02:06 --> Invalid file: header.php
#0 C:\xampp\htdocs\proyecto_huici_raul\system\View\View.php(198): CodeIgniter\Exceptions\FrameworkException::forInvalidFile('header.php')
#1 C:\xampp\htdocs\proyecto_huici_raul\system\Common.php(1089): CodeIgniter\View\View->render('header', Array, true)
#2 C:\xampp\htdocs\proyecto_huici_raul\app\Controllers\Carrito_controller.php(269): view('header', Array)
#3 C:\xampp\htdocs\proyecto_huici_raul\system\CodeIgniter.php(832): App\Controllers\Carrito_controller->FacturaAdmin('107')
#4 C:\xampp\htdocs\proyecto_huici_raul\system\CodeIgniter.php(419): CodeIgniter\CodeIgniter->runController(Object(App\Controllers\Carrito_controller))
#5 C:\xampp\htdocs\proyecto_huici_raul\system\CodeIgniter.php(326): CodeIgniter\CodeIgniter->handleRequest(NULL, Object(Config\Cache), false)
#6 C:\xampp\htdocs\proyecto_huici_raul\index.php(45): CodeIgniter\CodeIgniter->run()
#7 {main}
CRITICAL - 2024-06-11 18:02:07 --> Invalid file: header.php
#0 C:\xampp\htdocs\proyecto_huici_raul\system\View\View.php(198): CodeIgniter\Exceptions\FrameworkException::forInvalidFile('header.php')
#1 C:\xampp\htdocs\proyecto_huici_raul\system\Common.php(1089): CodeIgniter\View\View->render('header', Array, true)
#2 C:\xampp\htdocs\proyecto_huici_raul\app\Controllers\Carrito_controller.php(269): view('header', Array)
#3 C:\xampp\htdocs\proyecto_huici_raul\system\CodeIgniter.php(832): App\Controllers\Carrito_controller->FacturaAdmin('107')
#4 C:\xampp\htdocs\proyecto_huici_raul\system\CodeIgniter.php(419): CodeIgniter\CodeIgniter->runController(Object(App\Controllers\Carrito_controller))
#5 C:\xampp\htdocs\proyecto_huici_raul\system\CodeIgniter.php(326): CodeIgniter\CodeIgniter->handleRequest(NULL, Object(Config\Cache), false)
#6 C:\xampp\htdocs\proyecto_huici_raul\index.php(45): CodeIgniter\CodeIgniter->run()
#7 {main}
CRITICAL - 2024-06-11 18:04:20 --> Invalid file: header.php
#0 C:\xampp\htdocs\proyecto_huici_raul\system\View\View.php(198): CodeIgniter\Exceptions\FrameworkException::forInvalidFile('header.php')
#1 C:\xampp\htdocs\proyecto_huici_raul\system\Common.php(1089): CodeIgniter\View\View->render('header', Array, true)
#2 C:\xampp\htdocs\proyecto_huici_raul\app\Controllers\Carrito_controller.php(269): view('header', Array)
#3 C:\xampp\htdocs\proyecto_huici_raul\system\CodeIgniter.php(832): App\Controllers\Carrito_controller->FacturaAdmin('107')
#4 C:\xampp\htdocs\proyecto_huici_raul\system\CodeIgniter.php(419): CodeIgniter\CodeIgniter->runController(Object(App\Controllers\Carrito_controller))
#5 C:\xampp\htdocs\proyecto_huici_raul\system\CodeIgniter.php(326): CodeIgniter\CodeIgniter->handleRequest(NULL, Object(Config\Cache), false)
#6 C:\xampp\htdocs\proyecto_huici_raul\index.php(45): CodeIgniter\CodeIgniter->run()
#7 {main}
CRITICAL - 2024-06-11 18:04:23 --> Invalid file: header.php
#0 C:\xampp\htdocs\proyecto_huici_raul\system\View\View.php(198): CodeIgniter\Exceptions\FrameworkException::forInvalidFile('header.php')
#1 C:\xampp\htdocs\proyecto_huici_raul\system\Common.php(1089): CodeIgniter\View\View->render('header', Array, true)
#2 C:\xampp\htdocs\proyecto_huici_raul\app\Controllers\Carrito_controller.php(269): view('header', Array)
#3 C:\xampp\htdocs\proyecto_huici_raul\system\CodeIgniter.php(832): App\Controllers\Carrito_controller->FacturaAdmin('107')
#4 C:\xampp\htdocs\proyecto_huici_raul\system\CodeIgniter.php(419): CodeIgniter\CodeIgniter->runController(Object(App\Controllers\Carrito_controller))
#5 C:\xampp\htdocs\proyecto_huici_raul\system\CodeIgniter.php(326): CodeIgniter\CodeIgniter->handleRequest(NULL, Object(Config\Cache), false)
#6 C:\xampp\htdocs\proyecto_huici_raul\index.php(45): CodeIgniter\CodeIgniter->run()
#7 {main}
CRITICAL - 2024-06-11 18:14:11 --> Invalid file: header.php
#0 C:\xampp\htdocs\proyecto_huici_raul\system\View\View.php(198): CodeIgniter\Exceptions\FrameworkException::forInvalidFile('header.php')
#1 C:\xampp\htdocs\proyecto_huici_raul\system\Common.php(1089): CodeIgniter\View\View->render('header', Array, true)
#2 C:\xampp\htdocs\proyecto_huici_raul\app\Controllers\Carrito_controller.php(269): view('header', Array)
#3 C:\xampp\htdocs\proyecto_huici_raul\system\CodeIgniter.php(832): App\Controllers\Carrito_controller->FacturaAdmin('107')
#4 C:\xampp\htdocs\proyecto_huici_raul\system\CodeIgniter.php(419): CodeIgniter\CodeIgniter->runController(Object(App\Controllers\Carrito_controller))
#5 C:\xampp\htdocs\proyecto_huici_raul\system\CodeIgniter.php(326): CodeIgniter\CodeIgniter->handleRequest(NULL, Object(Config\Cache), false)
#6 C:\xampp\htdocs\proyecto_huici_raul\index.php(45): CodeIgniter\CodeIgniter->run()
#7 {main}
CRITICAL - 2024-06-11 18:18:10 --> Invalid file: comprasXclientes/facturacion_view.php
#0 C:\xampp\htdocs\proyecto_huici_raul\system\View\View.php(198): CodeIgniter\Exceptions\FrameworkException::forInvalidFile('comprasXcliente...')
#1 C:\xampp\htdocs\proyecto_huici_raul\system\Common.php(1089): CodeIgniter\View\View->render('comprasXcliente...', Array, true)
#2 C:\xampp\htdocs\proyecto_huici_raul\app\Controllers\Carrito_controller.php(270): view('comprasXcliente...', Array)
#3 C:\xampp\htdocs\proyecto_huici_raul\system\CodeIgniter.php(832): App\Controllers\Carrito_controller->FacturaAdmin('107')
#4 C:\xampp\htdocs\proyecto_huici_raul\system\CodeIgniter.php(419): CodeIgniter\CodeIgniter->runController(Object(App\Controllers\Carrito_controller))
#5 C:\xampp\htdocs\proyecto_huici_raul\system\CodeIgniter.php(326): CodeIgniter\CodeIgniter->handleRequest(NULL, Object(Config\Cache), false)
#6 C:\xampp\htdocs\proyecto_huici_raul\index.php(45): CodeIgniter\CodeIgniter->run()
#7 {main}
CRITICAL - 2024-06-11 18:40:22 --> Invalid file: header.php
#0 C:\xampp\htdocs\proyecto_huici_raul\system\View\View.php(198): CodeIgniter\Exceptions\FrameworkException::forInvalidFile('header.php')
#1 C:\xampp\htdocs\proyecto_huici_raul\system\Common.php(1089): CodeIgniter\View\View->render('header', Array, true)
#2 C:\xampp\htdocs\proyecto_huici_raul\app\Controllers\Producto_controller.php(97): view('header', Array)
#3 C:\xampp\htdocs\proyecto_huici_raul\system\CodeIgniter.php(832): App\Controllers\Producto_controller->Fuentes()
#4 C:\xampp\htdocs\proyecto_huici_raul\system\CodeIgniter.php(419): CodeIgniter\CodeIgniter->runController(Object(App\Controllers\Producto_controller))
#5 C:\xampp\htdocs\proyecto_huici_raul\system\CodeIgniter.php(326): CodeIgniter\CodeIgniter->handleRequest(NULL, Object(Config\Cache), false)
#6 C:\xampp\htdocs\proyecto_huici_raul\index.php(45): CodeIgniter\CodeIgniter->run()
#7 {main}
