ERROR - 2024-11-02 10:09:29 --> Error connecting to the database: No se puede establecer una conexión ya que el equipo de destino denegó expresamente dicha conexión
CRITICAL - 2024-11-02 10:09:29 --> Unable to connect to the database.
Main connection [MySQLi]: No se puede establecer una conexión ya que el equipo de destino denegó expresamente dicha conexión
#0 C:\xampp\htdocs\MercaditoJyR\system\Database\BaseConnection.php(577): CodeIgniter\Database\BaseConnection->initialize()
#1 C:\xampp\htdocs\MercaditoJyR\system\Database\BaseBuilder.php(1455): CodeIgniter\Database\BaseConnection->query('SELECT *\nFROM `...', Array, false)
#2 C:\xampp\htdocs\MercaditoJyR\system\Model.php(183): CodeIgniter\Database\BaseBuilder->get()
#3 C:\xampp\htdocs\MercaditoJyR\system\BaseModel.php(584): CodeIgniter\Model->doFindAll(0, 0)
#4 C:\xampp\htdocs\MercaditoJyR\app\Models\Productos_model.php(12): CodeIgniter\BaseModel->findAll()
#5 C:\xampp\htdocs\MercaditoJyR\app\Controllers\Producto_controller.php(82): App\Models\Productos_model->getProdBaja('NO')
#6 C:\xampp\htdocs\MercaditoJyR\system\CodeIgniter.php(832): App\Controllers\Producto_controller->ProductosDisp()
#7 C:\xampp\htdocs\MercaditoJyR\system\CodeIgniter.php(419): CodeIgniter\CodeIgniter->runController(Object(App\Controllers\Producto_controller))
#8 C:\xampp\htdocs\MercaditoJyR\system\CodeIgniter.php(326): CodeIgniter\CodeIgniter->handleRequest(NULL, Object(Config\Cache), false)
#9 C:\xampp\htdocs\MercaditoJyR\index.php(45): CodeIgniter\CodeIgniter->run()
#10 {main}
ERROR - 2024-11-02 10:11:38 --> Error connecting to the database: No se puede establecer una conexión ya que el equipo de destino denegó expresamente dicha conexión
CRITICAL - 2024-11-02 10:11:38 --> Unable to connect to the database.
Main connection [MySQLi]: No se puede establecer una conexión ya que el equipo de destino denegó expresamente dicha conexión
#0 C:\xampp\htdocs\MercaditoJyR\system\Database\BaseConnection.php(577): CodeIgniter\Database\BaseConnection->initialize()
#1 C:\xampp\htdocs\MercaditoJyR\system\Database\BaseBuilder.php(1455): CodeIgniter\Database\BaseConnection->query('SELECT *\nFROM `...', Array, false)
#2 C:\xampp\htdocs\MercaditoJyR\system\Model.php(210): CodeIgniter\Database\BaseBuilder->get()
#3 C:\xampp\htdocs\MercaditoJyR\system\BaseModel.php(622): CodeIgniter\Model->doFirst()
#4 C:\xampp\htdocs\MercaditoJyR\app\Controllers\Login_controller.php(26): CodeIgniter\BaseModel->first()
#5 C:\xampp\htdocs\MercaditoJyR\system\CodeIgniter.php(832): App\Controllers\Login_controller->auth()
#6 C:\xampp\htdocs\MercaditoJyR\system\CodeIgniter.php(419): CodeIgniter\CodeIgniter->runController(Object(App\Controllers\Login_controller))
#7 C:\xampp\htdocs\MercaditoJyR\system\CodeIgniter.php(326): CodeIgniter\CodeIgniter->handleRequest(NULL, Object(Config\Cache), false)
#8 C:\xampp\htdocs\MercaditoJyR\index.php(45): CodeIgniter\CodeIgniter->run()
#9 {main}
CRITICAL - 2024-11-02 10:20:21 --> syntax error, unexpected variable "$routes"
#0 C:\xampp\htdocs\MercaditoJyR\system\CodeIgniter.php(368): CodeIgniter\CodeIgniter->tryToRouteIt(NULL)
#1 C:\xampp\htdocs\MercaditoJyR\system\CodeIgniter.php(326): CodeIgniter\CodeIgniter->handleRequest(NULL, Object(Config\Cache), false)
#2 C:\xampp\htdocs\MercaditoJyR\index.php(45): CodeIgniter\CodeIgniter->run()
#3 {main}
