CRITICAL - 2022-04-17 20:16:09 --> The framework needs the following extension(s) installed and loaded: intl.
#0 C:\xampp3\htdocs\proyecto\system\CodeIgniter.php(219): CodeIgniter\Exceptions\FrameworkException::forMissingExtension('intl')
#1 C:\xampp3\htdocs\proyecto\system\CodeIgniter.php(177): CodeIgniter\CodeIgniter->resolvePlatformExtensions()
#2 C:\xampp3\htdocs\proyecto\system\bootstrap.php(146): CodeIgniter\CodeIgniter->initialize()
#3 C:\xampp3\htdocs\proyecto\index.php(28): require('C:\\xampp3\\htdoc...')
#4 {main}
CRITICAL - 2022-04-17 20:16:12 --> The framework needs the following extension(s) installed and loaded: intl.
#0 C:\xampp3\htdocs\proyecto\system\CodeIgniter.php(219): CodeIgniter\Exceptions\FrameworkException::forMissingExtension('intl')
#1 C:\xampp3\htdocs\proyecto\system\CodeIgniter.php(177): CodeIgniter\CodeIgniter->resolvePlatformExtensions()
#2 C:\xampp3\htdocs\proyecto\system\bootstrap.php(146): CodeIgniter\CodeIgniter->initialize()
#3 C:\xampp3\htdocs\proyecto\index.php(28): require('C:\\xampp3\\htdoc...')
#4 {main}
CRITICAL - 2022-04-17 20:16:13 --> The framework needs the following extension(s) installed and loaded: intl.
#0 C:\xampp3\htdocs\proyecto\system\CodeIgniter.php(219): CodeIgniter\Exceptions\FrameworkException::forMissingExtension('intl')
#1 C:\xampp3\htdocs\proyecto\system\CodeIgniter.php(177): CodeIgniter\CodeIgniter->resolvePlatformExtensions()
#2 C:\xampp3\htdocs\proyecto\system\bootstrap.php(146): CodeIgniter\CodeIgniter->initialize()
#3 C:\xampp3\htdocs\proyecto\index.php(28): require('C:\\xampp3\\htdoc...')
#4 {main}
CRITICAL - 2022-04-17 20:16:13 --> The framework needs the following extension(s) installed and loaded: intl.
#0 C:\xampp3\htdocs\proyecto\system\CodeIgniter.php(219): CodeIgniter\Exceptions\FrameworkException::forMissingExtension('intl')
#1 C:\xampp3\htdocs\proyecto\system\CodeIgniter.php(177): CodeIgniter\CodeIgniter->resolvePlatformExtensions()
#2 C:\xampp3\htdocs\proyecto\system\bootstrap.php(146): CodeIgniter\CodeIgniter->initialize()
#3 C:\xampp3\htdocs\proyecto\index.php(28): require('C:\\xampp3\\htdoc...')
#4 {main}
CRITICAL - 2022-04-17 20:16:14 --> The framework needs the following extension(s) installed and loaded: intl.
#0 C:\xampp3\htdocs\proyecto\system\CodeIgniter.php(219): CodeIgniter\Exceptions\FrameworkException::forMissingExtension('intl')
#1 C:\xampp3\htdocs\proyecto\system\CodeIgniter.php(177): CodeIgniter\CodeIgniter->resolvePlatformExtensions()
#2 C:\xampp3\htdocs\proyecto\system\bootstrap.php(146): CodeIgniter\CodeIgniter->initialize()
#3 C:\xampp3\htdocs\proyecto\index.php(28): require('C:\\xampp3\\htdoc...')
#4 {main}
CRITICAL - 2022-04-17 20:16:14 --> The framework needs the following extension(s) installed and loaded: intl.
#0 C:\xampp3\htdocs\proyecto\system\CodeIgniter.php(219): CodeIgniter\Exceptions\FrameworkException::forMissingExtension('intl')
#1 C:\xampp3\htdocs\proyecto\system\CodeIgniter.php(177): CodeIgniter\CodeIgniter->resolvePlatformExtensions()
#2 C:\xampp3\htdocs\proyecto\system\bootstrap.php(146): CodeIgniter\CodeIgniter->initialize()
#3 C:\xampp3\htdocs\proyecto\index.php(28): require('C:\\xampp3\\htdoc...')
#4 {main}
CRITICAL - 2022-04-17 20:16:14 --> The framework needs the following extension(s) installed and loaded: intl.
#0 C:\xampp3\htdocs\proyecto\system\CodeIgniter.php(219): CodeIgniter\Exceptions\FrameworkException::forMissingExtension('intl')
#1 C:\xampp3\htdocs\proyecto\system\CodeIgniter.php(177): CodeIgniter\CodeIgniter->resolvePlatformExtensions()
#2 C:\xampp3\htdocs\proyecto\system\bootstrap.php(146): CodeIgniter\CodeIgniter->initialize()
#3 C:\xampp3\htdocs\proyecto\index.php(28): require('C:\\xampp3\\htdoc...')
#4 {main}
CRITICAL - 2022-04-17 20:16:14 --> The framework needs the following extension(s) installed and loaded: intl.
#0 C:\xampp3\htdocs\proyecto\system\CodeIgniter.php(219): CodeIgniter\Exceptions\FrameworkException::forMissingExtension('intl')
#1 C:\xampp3\htdocs\proyecto\system\CodeIgniter.php(177): CodeIgniter\CodeIgniter->resolvePlatformExtensions()
#2 C:\xampp3\htdocs\proyecto\system\bootstrap.php(146): CodeIgniter\CodeIgniter->initialize()
#3 C:\xampp3\htdocs\proyecto\index.php(28): require('C:\\xampp3\\htdoc...')
#4 {main}
CRITICAL - 2022-04-17 20:16:14 --> The framework needs the following extension(s) installed and loaded: intl.
#0 C:\xampp3\htdocs\proyecto\system\CodeIgniter.php(219): CodeIgniter\Exceptions\FrameworkException::forMissingExtension('intl')
#1 C:\xampp3\htdocs\proyecto\system\CodeIgniter.php(177): CodeIgniter\CodeIgniter->resolvePlatformExtensions()
#2 C:\xampp3\htdocs\proyecto\system\bootstrap.php(146): CodeIgniter\CodeIgniter->initialize()
#3 C:\xampp3\htdocs\proyecto\index.php(28): require('C:\\xampp3\\htdoc...')
#4 {main}
CRITICAL - 2022-04-17 20:16:15 --> The framework needs the following extension(s) installed and loaded: intl.
#0 C:\xampp3\htdocs\proyecto\system\CodeIgniter.php(219): CodeIgniter\Exceptions\FrameworkException::forMissingExtension('intl')
#1 C:\xampp3\htdocs\proyecto\system\CodeIgniter.php(177): CodeIgniter\CodeIgniter->resolvePlatformExtensions()
#2 C:\xampp3\htdocs\proyecto\system\bootstrap.php(146): CodeIgniter\CodeIgniter->initialize()
#3 C:\xampp3\htdocs\proyecto\index.php(28): require('C:\\xampp3\\htdoc...')
#4 {main}
CRITICAL - 2022-04-17 20:16:15 --> The framework needs the following extension(s) installed and loaded: intl.
#0 C:\xampp3\htdocs\proyecto\system\CodeIgniter.php(219): CodeIgniter\Exceptions\FrameworkException::forMissingExtension('intl')
#1 C:\xampp3\htdocs\proyecto\system\CodeIgniter.php(177): CodeIgniter\CodeIgniter->resolvePlatformExtensions()
#2 C:\xampp3\htdocs\proyecto\system\bootstrap.php(146): CodeIgniter\CodeIgniter->initialize()
#3 C:\xampp3\htdocs\proyecto\index.php(28): require('C:\\xampp3\\htdoc...')
#4 {main}
CRITICAL - 2022-04-17 20:24:53 --> The framework needs the following extension(s) installed and loaded: intl.
#0 C:\xampp3\htdocs\proyecto\system\CodeIgniter.php(219): CodeIgniter\Exceptions\FrameworkException::forMissingExtension('intl')
#1 C:\xampp3\htdocs\proyecto\system\CodeIgniter.php(177): CodeIgniter\CodeIgniter->resolvePlatformExtensions()
#2 C:\xampp3\htdocs\proyecto\system\bootstrap.php(146): CodeIgniter\CodeIgniter->initialize()
#3 C:\xampp3\htdocs\proyecto\index.php(28): require('C:\\xampp3\\htdoc...')
#4 {main}
CRITICAL - 2022-04-17 20:25:16 --> The framework needs the following extension(s) installed and loaded: intl.
#0 C:\xampp3\htdocs\proyecto\system\CodeIgniter.php(219): CodeIgniter\Exceptions\FrameworkException::forMissingExtension('intl')
#1 C:\xampp3\htdocs\proyecto\system\CodeIgniter.php(177): CodeIgniter\CodeIgniter->resolvePlatformExtensions()
#2 C:\xampp3\htdocs\proyecto\system\bootstrap.php(146): CodeIgniter\CodeIgniter->initialize()
#3 C:\xampp3\htdocs\proyecto\index.php(28): require('C:\\xampp3\\htdoc...')
#4 {main}
CRITICAL - 2022-04-17 13:37:39 --> Invalid file: header.php
#0 C:\xampp3\htdocs\proyecto\system\View\View.php(198): CodeIgniter\Exceptions\FrameworkException::forInvalidFile('header.php')
#1 C:\xampp3\htdocs\proyecto\system\Common.php(1089): CodeIgniter\View\View->render('header', Array, true)
#2 C:\xampp3\htdocs\proyecto\app\Controllers\Home.php(11): view('header')
#3 C:\xampp3\htdocs\proyecto\system\CodeIgniter.php(832): App\Controllers\Home->index()
#4 C:\xampp3\htdocs\proyecto\system\CodeIgniter.php(419): CodeIgniter\CodeIgniter->runController(Object(App\Controllers\Home))
#5 C:\xampp3\htdocs\proyecto\system\CodeIgniter.php(326): CodeIgniter\CodeIgniter->handleRequest(NULL, Object(Config\Cache), false)
#6 C:\xampp3\htdocs\proyecto\index.php(37): CodeIgniter\CodeIgniter->run()
#7 {main}
CRITICAL - 2022-04-17 13:41:22 --> Use of undefined constant www - assumed 'www' (this will throw an Error in a future version of PHP)
#0 C:\xampp3\htdocs\proyecto\app\Views\header.php(26): CodeIgniter\Debug\Exceptions->errorHandler(2, 'Use of undefine...', 'C:\\xampp3\\htdoc...', 26, Array)
#1 C:\xampp3\htdocs\proyecto\system\View\View.php(210): include('C:\\xampp3\\htdoc...')
#2 C:\xampp3\htdocs\proyecto\system\View\View.php(213): CodeIgniter\View\View->CodeIgniter\View\{closure}()
#3 C:\xampp3\htdocs\proyecto\system\Common.php(1089): CodeIgniter\View\View->render('header', Array, true)
#4 C:\xampp3\htdocs\proyecto\app\Controllers\Home.php(11): view('header')
#5 C:\xampp3\htdocs\proyecto\system\CodeIgniter.php(832): App\Controllers\Home->index()
#6 C:\xampp3\htdocs\proyecto\system\CodeIgniter.php(419): CodeIgniter\CodeIgniter->runController(Object(App\Controllers\Home))
#7 C:\xampp3\htdocs\proyecto\system\CodeIgniter.php(326): CodeIgniter\CodeIgniter->handleRequest(NULL, Object(Config\Cache), false)
#8 C:\xampp3\htdocs\proyecto\index.php(37): CodeIgniter\CodeIgniter->run()
#9 {main}
CRITICAL - 2022-04-17 13:41:23 --> Use of undefined constant www - assumed 'www' (this will throw an Error in a future version of PHP)
#0 C:\xampp3\htdocs\proyecto\app\Views\header.php(26): CodeIgniter\Debug\Exceptions->errorHandler(2, 'Use of undefine...', 'C:\\xampp3\\htdoc...', 26, Array)
#1 C:\xampp3\htdocs\proyecto\system\View\View.php(210): include('C:\\xampp3\\htdoc...')
#2 C:\xampp3\htdocs\proyecto\system\View\View.php(213): CodeIgniter\View\View->CodeIgniter\View\{closure}()
#3 C:\xampp3\htdocs\proyecto\system\Common.php(1089): CodeIgniter\View\View->render('header', Array, true)
#4 C:\xampp3\htdocs\proyecto\app\Controllers\Home.php(11): view('header')
#5 C:\xampp3\htdocs\proyecto\system\CodeIgniter.php(832): App\Controllers\Home->index()
#6 C:\xampp3\htdocs\proyecto\system\CodeIgniter.php(419): CodeIgniter\CodeIgniter->runController(Object(App\Controllers\Home))
#7 C:\xampp3\htdocs\proyecto\system\CodeIgniter.php(326): CodeIgniter\CodeIgniter->handleRequest(NULL, Object(Config\Cache), false)
#8 C:\xampp3\htdocs\proyecto\index.php(37): CodeIgniter\CodeIgniter->run()
#9 {main}
CRITICAL - 2022-04-17 13:41:25 --> Use of undefined constant www - assumed 'www' (this will throw an Error in a future version of PHP)
#0 C:\xampp3\htdocs\proyecto\app\Views\header.php(26): CodeIgniter\Debug\Exceptions->errorHandler(2, 'Use of undefine...', 'C:\\xampp3\\htdoc...', 26, Array)
#1 C:\xampp3\htdocs\proyecto\system\View\View.php(210): include('C:\\xampp3\\htdoc...')
#2 C:\xampp3\htdocs\proyecto\system\View\View.php(213): CodeIgniter\View\View->CodeIgniter\View\{closure}()
#3 C:\xampp3\htdocs\proyecto\system\Common.php(1089): CodeIgniter\View\View->render('header', Array, true)
#4 C:\xampp3\htdocs\proyecto\app\Controllers\Home.php(11): view('header')
#5 C:\xampp3\htdocs\proyecto\system\CodeIgniter.php(832): App\Controllers\Home->index()
#6 C:\xampp3\htdocs\proyecto\system\CodeIgniter.php(419): CodeIgniter\CodeIgniter->runController(Object(App\Controllers\Home))
#7 C:\xampp3\htdocs\proyecto\system\CodeIgniter.php(326): CodeIgniter\CodeIgniter->handleRequest(NULL, Object(Config\Cache), false)
#8 C:\xampp3\htdocs\proyecto\index.php(37): CodeIgniter\CodeIgniter->run()
#9 {main}
CRITICAL - 2022-04-17 13:41:27 --> Use of undefined constant www - assumed 'www' (this will throw an Error in a future version of PHP)
#0 C:\xampp3\htdocs\proyecto\app\Views\header.php(26): CodeIgniter\Debug\Exceptions->errorHandler(2, 'Use of undefine...', 'C:\\xampp3\\htdoc...', 26, Array)
#1 C:\xampp3\htdocs\proyecto\system\View\View.php(210): include('C:\\xampp3\\htdoc...')
#2 C:\xampp3\htdocs\proyecto\system\View\View.php(213): CodeIgniter\View\View->CodeIgniter\View\{closure}()
#3 C:\xampp3\htdocs\proyecto\system\Common.php(1089): CodeIgniter\View\View->render('header', Array, true)
#4 C:\xampp3\htdocs\proyecto\app\Controllers\Home.php(11): view('header')
#5 C:\xampp3\htdocs\proyecto\system\CodeIgniter.php(832): App\Controllers\Home->index()
#6 C:\xampp3\htdocs\proyecto\system\CodeIgniter.php(419): CodeIgniter\CodeIgniter->runController(Object(App\Controllers\Home))
#7 C:\xampp3\htdocs\proyecto\system\CodeIgniter.php(326): CodeIgniter\CodeIgniter->handleRequest(NULL, Object(Config\Cache), false)
#8 C:\xampp3\htdocs\proyecto\index.php(37): CodeIgniter\CodeIgniter->run()
#9 {main}
CRITICAL - 2022-04-17 13:41:30 --> Use of undefined constant www - assumed 'www' (this will throw an Error in a future version of PHP)
#0 C:\xampp3\htdocs\proyecto\app\Views\header.php(26): CodeIgniter\Debug\Exceptions->errorHandler(2, 'Use of undefine...', 'C:\\xampp3\\htdoc...', 26, Array)
#1 C:\xampp3\htdocs\proyecto\system\View\View.php(210): include('C:\\xampp3\\htdoc...')
#2 C:\xampp3\htdocs\proyecto\system\View\View.php(213): CodeIgniter\View\View->CodeIgniter\View\{closure}()
#3 C:\xampp3\htdocs\proyecto\system\Common.php(1089): CodeIgniter\View\View->render('header', Array, true)
#4 C:\xampp3\htdocs\proyecto\app\Controllers\Home.php(11): view('header')
#5 C:\xampp3\htdocs\proyecto\system\CodeIgniter.php(832): App\Controllers\Home->index()
#6 C:\xampp3\htdocs\proyecto\system\CodeIgniter.php(419): CodeIgniter\CodeIgniter->runController(Object(App\Controllers\Home))
#7 C:\xampp3\htdocs\proyecto\system\CodeIgniter.php(326): CodeIgniter\CodeIgniter->handleRequest(NULL, Object(Config\Cache), false)
#8 C:\xampp3\htdocs\proyecto\index.php(37): CodeIgniter\CodeIgniter->run()
#9 {main}
