CRITICAL - 2022-06-20 17:49:15 --> Call to a member function get_cellmap() on null
#0 C:\xampp\htdocs\AlcarazOjedaLeandro-P1\vendor\dompdf\dompdf\src\FrameDecorator\AbstractFrameDecorator.php(891): Dompdf\FrameReflower\TableCell->reflow(NULL)
#1 C:\xampp\htdocs\AlcarazOjedaLeandro-P1\vendor\dompdf\dompdf\src\FrameReflower\TableRow.php(57): Dompdf\FrameDecorator\AbstractFrameDecorator->reflow()
#2 C:\xampp\htdocs\AlcarazOjedaLeandro-P1\vendor\dompdf\dompdf\src\FrameDecorator\AbstractFrameDecorator.php(891): Dompdf\FrameReflower\TableRow->reflow(Object(Dompdf\FrameDecorator\Block))
#3 C:\xampp\htdocs\AlcarazOjedaLeandro-P1\vendor\dompdf\dompdf\src\FrameReflower\Block.php(865): Dompdf\FrameDecorator\AbstractFrameDecorator->reflow(Object(Dompdf\FrameDecorator\Block))
#4 C:\xampp\htdocs\AlcarazOjedaLeandro-P1\vendor\dompdf\dompdf\src\FrameDecorator\AbstractFrameDecorator.php(891): Dompdf\FrameReflower\Block->reflow(Object(Dompdf\FrameDecorator\Block))
#5 C:\xampp\htdocs\AlcarazOjedaLeandro-P1\vendor\dompdf\dompdf\src\FrameReflower\Block.php(865): Dompdf\FrameDecorator\AbstractFrameDecorator->reflow(Object(Dompdf\FrameDecorator\Block))
#6 C:\xampp\htdocs\AlcarazOjedaLeandro-P1\vendor\dompdf\dompdf\src\FrameDecorator\AbstractFrameDecorator.php(891): Dompdf\FrameReflower\Block->reflow(Object(Dompdf\FrameDecorator\Block))
#7 C:\xampp\htdocs\AlcarazOjedaLeandro-P1\vendor\dompdf\dompdf\src\FrameReflower\Block.php(865): Dompdf\FrameDecorator\AbstractFrameDecorator->reflow(Object(Dompdf\FrameDecorator\Block))
#8 C:\xampp\htdocs\AlcarazOjedaLeandro-P1\vendor\dompdf\dompdf\src\FrameDecorator\AbstractFrameDecorator.php(891): Dompdf\FrameReflower\Block->reflow(NULL)
#9 C:\xampp\htdocs\AlcarazOjedaLeandro-P1\vendor\dompdf\dompdf\src\FrameReflower\Page.php(143): Dompdf\FrameDecorator\AbstractFrameDecorator->reflow()
#10 C:\xampp\htdocs\AlcarazOjedaLeandro-P1\vendor\dompdf\dompdf\src\FrameDecorator\AbstractFrameDecorator.php(891): Dompdf\FrameReflower\Page->reflow(NULL)
#11 C:\xampp\htdocs\AlcarazOjedaLeandro-P1\vendor\dompdf\dompdf\src\Dompdf.php(820): Dompdf\FrameDecorator\AbstractFrameDecorator->reflow()
#12 C:\xampp\htdocs\AlcarazOjedaLeandro-P1\app\Controllers\Carrito_controller.php(247): Dompdf\Dompdf->render()
#13 C:\xampp\htdocs\AlcarazOjedaLeandro-P1\system\CodeIgniter.php(832): App\Controllers\Carrito_controller->pdfDemo('87')
#14 C:\xampp\htdocs\AlcarazOjedaLeandro-P1\system\CodeIgniter.php(419): CodeIgniter\CodeIgniter->runController(Object(App\Controllers\Carrito_controller))
#15 C:\xampp\htdocs\AlcarazOjedaLeandro-P1\system\CodeIgniter.php(326): CodeIgniter\CodeIgniter->handleRequest(NULL, Object(Config\Cache), false)
#16 C:\xampp\htdocs\AlcarazOjedaLeandro-P1\index.php(37): CodeIgniter\CodeIgniter->run()
#17 {main}
CRITICAL - 2022-06-20 17:49:26 --> Allowed memory size of 536870912 bytes exhausted (tried to allocate 262148096 bytes)
#0 [internal function]: CodeIgniter\Debug\Exceptions->shutdownHandler()
#1 {main}
CRITICAL - 2022-06-20 19:54:04 --> Invalid file: back/Admin/facturacion_view.php
#0 C:\xampp\htdocs\AlcarazOjedaLeandro-P1\system\View\View.php(198): CodeIgniter\Exceptions\FrameworkException::forInvalidFile('back/Admin/fact...')
#1 C:\xampp\htdocs\AlcarazOjedaLeandro-P1\system\Common.php(1089): CodeIgniter\View\View->render('back/Admin/fact...', Array, true)
#2 C:\xampp\htdocs\AlcarazOjedaLeandro-P1\app\Controllers\Carrito_controller.php(241): view('back/Admin/fact...', Array)
#3 C:\xampp\htdocs\AlcarazOjedaLeandro-P1\system\CodeIgniter.php(832): App\Controllers\Carrito_controller->pdfDemo('87')
#4 C:\xampp\htdocs\AlcarazOjedaLeandro-P1\system\CodeIgniter.php(419): CodeIgniter\CodeIgniter->runController(Object(App\Controllers\Carrito_controller))
#5 C:\xampp\htdocs\AlcarazOjedaLeandro-P1\system\CodeIgniter.php(326): CodeIgniter\CodeIgniter->handleRequest(NULL, Object(Config\Cache), false)
#6 C:\xampp\htdocs\AlcarazOjedaLeandro-P1\index.php(37): CodeIgniter\CodeIgniter->run()
#7 {main}
CRITICAL - 2022-06-20 19:54:47 --> Invalid file: back/Admin/facturacion_view.php
#0 C:\xampp\htdocs\AlcarazOjedaLeandro-P1\system\View\View.php(198): CodeIgniter\Exceptions\FrameworkException::forInvalidFile('back/Admin/fact...')
#1 C:\xampp\htdocs\AlcarazOjedaLeandro-P1\system\Common.php(1089): CodeIgniter\View\View->render('back/Admin/fact...', Array, true)
#2 C:\xampp\htdocs\AlcarazOjedaLeandro-P1\app\Controllers\Carrito_controller.php(241): view('back/Admin/fact...', Array)
#3 C:\xampp\htdocs\AlcarazOjedaLeandro-P1\system\CodeIgniter.php(832): App\Controllers\Carrito_controller->pdfDemo('87')
#4 C:\xampp\htdocs\AlcarazOjedaLeandro-P1\system\CodeIgniter.php(419): CodeIgniter\CodeIgniter->runController(Object(App\Controllers\Carrito_controller))
#5 C:\xampp\htdocs\AlcarazOjedaLeandro-P1\system\CodeIgniter.php(326): CodeIgniter\CodeIgniter->handleRequest(NULL, Object(Config\Cache), false)
#6 C:\xampp\htdocs\AlcarazOjedaLeandro-P1\index.php(37): CodeIgniter\CodeIgniter->run()
#7 {main}
