ERROR - 2024-05-27 18:11:53 --> Table 'maxi_luna.productos' doesn't exist
CRITICAL - 2024-05-27 18:11:53 --> Table 'maxi_luna.productos' doesn't exist
#0 C:\xampp\htdocs\Taller1Completo\system\Database\MySQLi\Connection.php(292): mysqli->query('SELECT *\nFROM `...', 0)
#1 C:\xampp\htdocs\Taller1Completo\system\Database\BaseConnection.php(670): CodeIgniter\Database\MySQLi\Connection->execute('SELECT *\nFROM `...')
#2 C:\xampp\htdocs\Taller1Completo\system\Database\BaseConnection.php(598): CodeIgniter\Database\BaseConnection->simpleQuery('SELECT *\nFROM `...')
#3 C:\xampp\htdocs\Taller1Completo\system\Database\BaseBuilder.php(1455): CodeIgniter\Database\BaseConnection->query('SELECT *\nFROM `...', Array, false)
#4 C:\xampp\htdocs\Taller1Completo\system\Model.php(183): CodeIgniter\Database\BaseBuilder->get()
#5 C:\xampp\htdocs\Taller1Completo\system\BaseModel.php(584): CodeIgniter\Model->doFindAll(0, 0)
#6 C:\xampp\htdocs\Taller1Completo\app\Models\Productos_model.php(12): CodeIgniter\BaseModel->findAll()
#7 C:\xampp\htdocs\Taller1Completo\app\Controllers\Producto_controller.php(82): App\Models\Productos_model->getProdBaja('NO')
#8 C:\xampp\htdocs\Taller1Completo\system\CodeIgniter.php(832): App\Controllers\Producto_controller->ProductosDisp()
#9 C:\xampp\htdocs\Taller1Completo\system\CodeIgniter.php(419): CodeIgniter\CodeIgniter->runController(Object(App\Controllers\Producto_controller))
#10 C:\xampp\htdocs\Taller1Completo\system\CodeIgniter.php(326): CodeIgniter\CodeIgniter->handleRequest(NULL, Object(Config\Cache), false)
#11 C:\xampp\htdocs\Taller1Completo\index.php(45): CodeIgniter\CodeIgniter->run()
#12 {main}
CRITICAL - 2024-05-27 18:15:26 --> Trying to access array offset on value of type null
#0 C:\xampp\htdocs\Taller1Completo\app\Views\back\usuario\editoMisDatos_view.php(20): CodeIgniter\Debug\Exceptions->errorHandler(2, 'Trying to acces...', 'C:\\xampp\\htdocs...', 20)
#1 C:\xampp\htdocs\Taller1Completo\system\View\View.php(210): include('C:\\xampp\\htdocs...')
#2 C:\xampp\htdocs\Taller1Completo\system\View\View.php(213): CodeIgniter\View\View->CodeIgniter\View\{closure}()
#3 C:\xampp\htdocs\Taller1Completo\system\Common.php(1089): CodeIgniter\View\View->render('back/usuario/ed...', Array, true)
#4 C:\xampp\htdocs\Taller1Completo\app\Controllers\Datatable_controller.php(41): view('back/usuario/ed...', Array)
#5 C:\xampp\htdocs\Taller1Completo\system\CodeIgniter.php(832): App\Controllers\Datatable_controller->editoMisDatos('assets', 'js', 'bootstrap.bundl...')
#6 C:\xampp\htdocs\Taller1Completo\system\CodeIgniter.php(419): CodeIgniter\CodeIgniter->runController(Object(App\Controllers\Datatable_controller))
#7 C:\xampp\htdocs\Taller1Completo\system\CodeIgniter.php(326): CodeIgniter\CodeIgniter->handleRequest(NULL, Object(Config\Cache), false)
#8 C:\xampp\htdocs\Taller1Completo\index.php(45): CodeIgniter\CodeIgniter->run()
#9 {main}
CRITICAL - 2024-05-27 18:16:18 --> Trying to access array offset on value of type null
#0 C:\xampp\htdocs\Taller1Completo\app\Views\back\usuario\editoMisDatos_view.php(20): CodeIgniter\Debug\Exceptions->errorHandler(2, 'Trying to acces...', 'C:\\xampp\\htdocs...', 20)
#1 C:\xampp\htdocs\Taller1Completo\system\View\View.php(210): include('C:\\xampp\\htdocs...')
#2 C:\xampp\htdocs\Taller1Completo\system\View\View.php(213): CodeIgniter\View\View->CodeIgniter\View\{closure}()
#3 C:\xampp\htdocs\Taller1Completo\system\Common.php(1089): CodeIgniter\View\View->render('back/usuario/ed...', Array, true)
#4 C:\xampp\htdocs\Taller1Completo\app\Controllers\Datatable_controller.php(41): view('back/usuario/ed...', Array)
#5 C:\xampp\htdocs\Taller1Completo\system\CodeIgniter.php(832): App\Controllers\Datatable_controller->editoMisDatos('assets', 'js', 'bootstrap.bundl...')
#6 C:\xampp\htdocs\Taller1Completo\system\CodeIgniter.php(419): CodeIgniter\CodeIgniter->runController(Object(App\Controllers\Datatable_controller))
#7 C:\xampp\htdocs\Taller1Completo\system\CodeIgniter.php(326): CodeIgniter\CodeIgniter->handleRequest(NULL, Object(Config\Cache), false)
#8 C:\xampp\htdocs\Taller1Completo\index.php(45): CodeIgniter\CodeIgniter->run()
#9 {main}
