CRITICAL - 2022-04-26 19:30:25 --> The framework needs the following extension(s) installed and loaded: intl.
#0 C:\xampp2\htdocs\AlcarazOjedaLeandro-P1\system\CodeIgniter.php(219): CodeIgniter\Exceptions\FrameworkException::forMissingExtension('intl')
#1 C:\xampp2\htdocs\AlcarazOjedaLeandro-P1\system\CodeIgniter.php(177): CodeIgniter\CodeIgniter->resolvePlatformExtensions()
#2 C:\xampp2\htdocs\AlcarazOjedaLeandro-P1\system\bootstrap.php(146): CodeIgniter\CodeIgniter->initialize()
#3 C:\xampp2\htdocs\AlcarazOjedaLeandro-P1\index.php(28): require('C:\\xampp2\\htdoc...')
#4 {main}
CRITICAL - 2022-04-26 19:31:33 --> The framework needs the following extension(s) installed and loaded: intl.
#0 C:\xampp2\htdocs\AlcarazOjedaLeandro-P1\system\CodeIgniter.php(219): CodeIgniter\Exceptions\FrameworkException::forMissingExtension('intl')
#1 C:\xampp2\htdocs\AlcarazOjedaLeandro-P1\system\CodeIgniter.php(177): CodeIgniter\CodeIgniter->resolvePlatformExtensions()
#2 C:\xampp2\htdocs\AlcarazOjedaLeandro-P1\system\bootstrap.php(146): CodeIgniter\CodeIgniter->initialize()
#3 C:\xampp2\htdocs\AlcarazOjedaLeandro-P1\index.php(28): require('C:\\xampp2\\htdoc...')
#4 {main}
CRITICAL - 2022-04-26 19:31:52 --> The framework needs the following extension(s) installed and loaded: intl.
#0 C:\xampp2\htdocs\proyecto\system\CodeIgniter.php(219): CodeIgniter\Exceptions\FrameworkException::forMissingExtension('intl')
#1 C:\xampp2\htdocs\proyecto\system\CodeIgniter.php(177): CodeIgniter\CodeIgniter->resolvePlatformExtensions()
#2 C:\xampp2\htdocs\proyecto\system\bootstrap.php(146): CodeIgniter\CodeIgniter->initialize()
#3 C:\xampp2\htdocs\proyecto\index.php(28): require('C:\\xampp2\\htdoc...')
#4 {main}
CRITICAL - 2022-04-26 19:31:54 --> The framework needs the following extension(s) installed and loaded: intl.
#0 C:\xampp2\htdocs\proyecto\system\CodeIgniter.php(219): CodeIgniter\Exceptions\FrameworkException::forMissingExtension('intl')
#1 C:\xampp2\htdocs\proyecto\system\CodeIgniter.php(177): CodeIgniter\CodeIgniter->resolvePlatformExtensions()
#2 C:\xampp2\htdocs\proyecto\system\bootstrap.php(146): CodeIgniter\CodeIgniter->initialize()
#3 C:\xampp2\htdocs\proyecto\index.php(28): require('C:\\xampp2\\htdoc...')
#4 {main}
CRITICAL - 2022-04-26 19:31:54 --> The framework needs the following extension(s) installed and loaded: intl.
#0 C:\xampp2\htdocs\proyecto\system\CodeIgniter.php(219): CodeIgniter\Exceptions\FrameworkException::forMissingExtension('intl')
#1 C:\xampp2\htdocs\proyecto\system\CodeIgniter.php(177): CodeIgniter\CodeIgniter->resolvePlatformExtensions()
#2 C:\xampp2\htdocs\proyecto\system\bootstrap.php(146): CodeIgniter\CodeIgniter->initialize()
#3 C:\xampp2\htdocs\proyecto\index.php(28): require('C:\\xampp2\\htdoc...')
#4 {main}
CRITICAL - 2022-04-26 19:31:54 --> The framework needs the following extension(s) installed and loaded: intl.
#0 C:\xampp2\htdocs\proyecto\system\CodeIgniter.php(219): CodeIgniter\Exceptions\FrameworkException::forMissingExtension('intl')
#1 C:\xampp2\htdocs\proyecto\system\CodeIgniter.php(177): CodeIgniter\CodeIgniter->resolvePlatformExtensions()
#2 C:\xampp2\htdocs\proyecto\system\bootstrap.php(146): CodeIgniter\CodeIgniter->initialize()
#3 C:\xampp2\htdocs\proyecto\index.php(28): require('C:\\xampp2\\htdoc...')
#4 {main}
CRITICAL - 2022-04-26 19:32:14 --> The framework needs the following extension(s) installed and loaded: intl.
#0 C:\xampp2\htdocs\proyecto\system\CodeIgniter.php(219): CodeIgniter\Exceptions\FrameworkException::forMissingExtension('intl')
#1 C:\xampp2\htdocs\proyecto\system\CodeIgniter.php(177): CodeIgniter\CodeIgniter->resolvePlatformExtensions()
#2 C:\xampp2\htdocs\proyecto\system\bootstrap.php(146): CodeIgniter\CodeIgniter->initialize()
#3 C:\xampp2\htdocs\proyecto\index.php(28): require('C:\\xampp2\\htdoc...')
#4 {main}
CRITICAL - 2022-04-26 19:32:15 --> The framework needs the following extension(s) installed and loaded: intl.
#0 C:\xampp2\htdocs\proyecto\system\CodeIgniter.php(219): CodeIgniter\Exceptions\FrameworkException::forMissingExtension('intl')
#1 C:\xampp2\htdocs\proyecto\system\CodeIgniter.php(177): CodeIgniter\CodeIgniter->resolvePlatformExtensions()
#2 C:\xampp2\htdocs\proyecto\system\bootstrap.php(146): CodeIgniter\CodeIgniter->initialize()
#3 C:\xampp2\htdocs\proyecto\index.php(28): require('C:\\xampp2\\htdoc...')
#4 {main}
CRITICAL - 2022-04-26 19:32:15 --> The framework needs the following extension(s) installed and loaded: intl.
#0 C:\xampp2\htdocs\proyecto\system\CodeIgniter.php(219): CodeIgniter\Exceptions\FrameworkException::forMissingExtension('intl')
#1 C:\xampp2\htdocs\proyecto\system\CodeIgniter.php(177): CodeIgniter\CodeIgniter->resolvePlatformExtensions()
#2 C:\xampp2\htdocs\proyecto\system\bootstrap.php(146): CodeIgniter\CodeIgniter->initialize()
#3 C:\xampp2\htdocs\proyecto\index.php(28): require('C:\\xampp2\\htdoc...')
#4 {main}
CRITICAL - 2022-04-26 19:32:16 --> The framework needs the following extension(s) installed and loaded: intl.
#0 C:\xampp2\htdocs\proyecto\system\CodeIgniter.php(219): CodeIgniter\Exceptions\FrameworkException::forMissingExtension('intl')
#1 C:\xampp2\htdocs\proyecto\system\CodeIgniter.php(177): CodeIgniter\CodeIgniter->resolvePlatformExtensions()
#2 C:\xampp2\htdocs\proyecto\system\bootstrap.php(146): CodeIgniter\CodeIgniter->initialize()
#3 C:\xampp2\htdocs\proyecto\index.php(28): require('C:\\xampp2\\htdoc...')
#4 {main}
CRITICAL - 2022-04-26 19:32:17 --> The framework needs the following extension(s) installed and loaded: intl.
#0 C:\xampp2\htdocs\proyecto\system\CodeIgniter.php(219): CodeIgniter\Exceptions\FrameworkException::forMissingExtension('intl')
#1 C:\xampp2\htdocs\proyecto\system\CodeIgniter.php(177): CodeIgniter\CodeIgniter->resolvePlatformExtensions()
#2 C:\xampp2\htdocs\proyecto\system\bootstrap.php(146): CodeIgniter\CodeIgniter->initialize()
#3 C:\xampp2\htdocs\proyecto\index.php(28): require('C:\\xampp2\\htdoc...')
#4 {main}
CRITICAL - 2022-04-26 19:32:17 --> The framework needs the following extension(s) installed and loaded: intl.
#0 C:\xampp2\htdocs\proyecto\system\CodeIgniter.php(219): CodeIgniter\Exceptions\FrameworkException::forMissingExtension('intl')
#1 C:\xampp2\htdocs\proyecto\system\CodeIgniter.php(177): CodeIgniter\CodeIgniter->resolvePlatformExtensions()
#2 C:\xampp2\htdocs\proyecto\system\bootstrap.php(146): CodeIgniter\CodeIgniter->initialize()
#3 C:\xampp2\htdocs\proyecto\index.php(28): require('C:\\xampp2\\htdoc...')
#4 {main}
CRITICAL - 2022-04-26 19:32:18 --> The framework needs the following extension(s) installed and loaded: intl.
#0 C:\xampp2\htdocs\proyecto\system\CodeIgniter.php(219): CodeIgniter\Exceptions\FrameworkException::forMissingExtension('intl')
#1 C:\xampp2\htdocs\proyecto\system\CodeIgniter.php(177): CodeIgniter\CodeIgniter->resolvePlatformExtensions()
#2 C:\xampp2\htdocs\proyecto\system\bootstrap.php(146): CodeIgniter\CodeIgniter->initialize()
#3 C:\xampp2\htdocs\proyecto\index.php(28): require('C:\\xampp2\\htdoc...')
#4 {main}
CRITICAL - 2022-04-26 19:32:18 --> The framework needs the following extension(s) installed and loaded: intl.
#0 C:\xampp2\htdocs\proyecto\system\CodeIgniter.php(219): CodeIgniter\Exceptions\FrameworkException::forMissingExtension('intl')
#1 C:\xampp2\htdocs\proyecto\system\CodeIgniter.php(177): CodeIgniter\CodeIgniter->resolvePlatformExtensions()
#2 C:\xampp2\htdocs\proyecto\system\bootstrap.php(146): CodeIgniter\CodeIgniter->initialize()
#3 C:\xampp2\htdocs\proyecto\index.php(28): require('C:\\xampp2\\htdoc...')
#4 {main}
CRITICAL - 2022-04-26 19:32:18 --> The framework needs the following extension(s) installed and loaded: intl.
#0 C:\xampp2\htdocs\proyecto\system\CodeIgniter.php(219): CodeIgniter\Exceptions\FrameworkException::forMissingExtension('intl')
#1 C:\xampp2\htdocs\proyecto\system\CodeIgniter.php(177): CodeIgniter\CodeIgniter->resolvePlatformExtensions()
#2 C:\xampp2\htdocs\proyecto\system\bootstrap.php(146): CodeIgniter\CodeIgniter->initialize()
#3 C:\xampp2\htdocs\proyecto\index.php(28): require('C:\\xampp2\\htdoc...')
#4 {main}
CRITICAL - 2022-04-26 19:32:18 --> The framework needs the following extension(s) installed and loaded: intl.
#0 C:\xampp2\htdocs\proyecto\system\CodeIgniter.php(219): CodeIgniter\Exceptions\FrameworkException::forMissingExtension('intl')
#1 C:\xampp2\htdocs\proyecto\system\CodeIgniter.php(177): CodeIgniter\CodeIgniter->resolvePlatformExtensions()
#2 C:\xampp2\htdocs\proyecto\system\bootstrap.php(146): CodeIgniter\CodeIgniter->initialize()
#3 C:\xampp2\htdocs\proyecto\index.php(28): require('C:\\xampp2\\htdoc...')
#4 {main}
CRITICAL - 2022-04-26 19:32:18 --> The framework needs the following extension(s) installed and loaded: intl.
#0 C:\xampp2\htdocs\proyecto\system\CodeIgniter.php(219): CodeIgniter\Exceptions\FrameworkException::forMissingExtension('intl')
#1 C:\xampp2\htdocs\proyecto\system\CodeIgniter.php(177): CodeIgniter\CodeIgniter->resolvePlatformExtensions()
#2 C:\xampp2\htdocs\proyecto\system\bootstrap.php(146): CodeIgniter\CodeIgniter->initialize()
#3 C:\xampp2\htdocs\proyecto\index.php(28): require('C:\\xampp2\\htdoc...')
#4 {main}
CRITICAL - 2022-04-26 19:32:18 --> The framework needs the following extension(s) installed and loaded: intl.
#0 C:\xampp2\htdocs\proyecto\system\CodeIgniter.php(219): CodeIgniter\Exceptions\FrameworkException::forMissingExtension('intl')
#1 C:\xampp2\htdocs\proyecto\system\CodeIgniter.php(177): CodeIgniter\CodeIgniter->resolvePlatformExtensions()
#2 C:\xampp2\htdocs\proyecto\system\bootstrap.php(146): CodeIgniter\CodeIgniter->initialize()
#3 C:\xampp2\htdocs\proyecto\index.php(28): require('C:\\xampp2\\htdoc...')
#4 {main}
CRITICAL - 2022-04-26 19:32:51 --> The framework needs the following extension(s) installed and loaded: intl.
#0 C:\xampp2\htdocs\proyecto\system\CodeIgniter.php(219): CodeIgniter\Exceptions\FrameworkException::forMissingExtension('intl')
#1 C:\xampp2\htdocs\proyecto\system\CodeIgniter.php(177): CodeIgniter\CodeIgniter->resolvePlatformExtensions()
#2 C:\xampp2\htdocs\proyecto\system\bootstrap.php(146): CodeIgniter\CodeIgniter->initialize()
#3 C:\xampp2\htdocs\proyecto\index.php(28): require('C:\\xampp2\\htdoc...')
#4 {main}
CRITICAL - 2022-04-26 19:32:54 --> The framework needs the following extension(s) installed and loaded: intl.
#0 C:\xampp2\htdocs\proyecto\system\CodeIgniter.php(219): CodeIgniter\Exceptions\FrameworkException::forMissingExtension('intl')
#1 C:\xampp2\htdocs\proyecto\system\CodeIgniter.php(177): CodeIgniter\CodeIgniter->resolvePlatformExtensions()
#2 C:\xampp2\htdocs\proyecto\system\bootstrap.php(146): CodeIgniter\CodeIgniter->initialize()
#3 C:\xampp2\htdocs\proyecto\index.php(28): require('C:\\xampp2\\htdoc...')
#4 {main}
CRITICAL - 2022-04-26 19:36:56 --> The framework needs the following extension(s) installed and loaded: intl.
#0 C:\xampp2\htdocs\AlcarazOjedaLeandro-P1\system\CodeIgniter.php(219): CodeIgniter\Exceptions\FrameworkException::forMissingExtension('intl')
#1 C:\xampp2\htdocs\AlcarazOjedaLeandro-P1\system\CodeIgniter.php(177): CodeIgniter\CodeIgniter->resolvePlatformExtensions()
#2 C:\xampp2\htdocs\AlcarazOjedaLeandro-P1\system\bootstrap.php(146): CodeIgniter\CodeIgniter->initialize()
#3 C:\xampp2\htdocs\AlcarazOjedaLeandro-P1\index.php(28): require('C:\\xampp2\\htdoc...')
#4 {main}
CRITICAL - 2022-04-26 19:41:06 --> The framework needs the following extension(s) installed and loaded: intl.
#0 C:\xampp2\htdocs\AlcarazOjedaLeandro-P1\system\CodeIgniter.php(219): CodeIgniter\Exceptions\FrameworkException::forMissingExtension('intl')
#1 C:\xampp2\htdocs\AlcarazOjedaLeandro-P1\system\CodeIgniter.php(177): CodeIgniter\CodeIgniter->resolvePlatformExtensions()
#2 C:\xampp2\htdocs\AlcarazOjedaLeandro-P1\system\bootstrap.php(146): CodeIgniter\CodeIgniter->initialize()
#3 C:\xampp2\htdocs\AlcarazOjedaLeandro-P1\index.php(28): require('C:\\xampp2\\htdoc...')
#4 {main}
CRITICAL - 2022-04-26 19:41:07 --> The framework needs the following extension(s) installed and loaded: intl.
#0 C:\xampp2\htdocs\AlcarazOjedaLeandro-P1\system\CodeIgniter.php(219): CodeIgniter\Exceptions\FrameworkException::forMissingExtension('intl')
#1 C:\xampp2\htdocs\AlcarazOjedaLeandro-P1\system\CodeIgniter.php(177): CodeIgniter\CodeIgniter->resolvePlatformExtensions()
#2 C:\xampp2\htdocs\AlcarazOjedaLeandro-P1\system\bootstrap.php(146): CodeIgniter\CodeIgniter->initialize()
#3 C:\xampp2\htdocs\AlcarazOjedaLeandro-P1\index.php(28): require('C:\\xampp2\\htdoc...')
#4 {main}
CRITICAL - 2022-04-26 19:41:08 --> The framework needs the following extension(s) installed and loaded: intl.
#0 C:\xampp2\htdocs\AlcarazOjedaLeandro-P1\system\CodeIgniter.php(219): CodeIgniter\Exceptions\FrameworkException::forMissingExtension('intl')
#1 C:\xampp2\htdocs\AlcarazOjedaLeandro-P1\system\CodeIgniter.php(177): CodeIgniter\CodeIgniter->resolvePlatformExtensions()
#2 C:\xampp2\htdocs\AlcarazOjedaLeandro-P1\system\bootstrap.php(146): CodeIgniter\CodeIgniter->initialize()
#3 C:\xampp2\htdocs\AlcarazOjedaLeandro-P1\index.php(28): require('C:\\xampp2\\htdoc...')
#4 {main}
CRITICAL - 2022-04-26 19:42:09 --> The framework needs the following extension(s) installed and loaded: intl.
#0 C:\xampp2\htdocs\AlcarazOjedaLeandro-P1\system\CodeIgniter.php(219): CodeIgniter\Exceptions\FrameworkException::forMissingExtension('intl')
#1 C:\xampp2\htdocs\AlcarazOjedaLeandro-P1\system\CodeIgniter.php(177): CodeIgniter\CodeIgniter->resolvePlatformExtensions()
#2 C:\xampp2\htdocs\AlcarazOjedaLeandro-P1\system\bootstrap.php(146): CodeIgniter\CodeIgniter->initialize()
#3 C:\xampp2\htdocs\AlcarazOjedaLeandro-P1\index.php(28): require('C:\\xampp2\\htdoc...')
#4 {main}
CRITICAL - 2022-04-26 19:42:09 --> The framework needs the following extension(s) installed and loaded: intl.
#0 C:\xampp2\htdocs\AlcarazOjedaLeandro-P1\system\CodeIgniter.php(219): CodeIgniter\Exceptions\FrameworkException::forMissingExtension('intl')
#1 C:\xampp2\htdocs\AlcarazOjedaLeandro-P1\system\CodeIgniter.php(177): CodeIgniter\CodeIgniter->resolvePlatformExtensions()
#2 C:\xampp2\htdocs\AlcarazOjedaLeandro-P1\system\bootstrap.php(146): CodeIgniter\CodeIgniter->initialize()
#3 C:\xampp2\htdocs\AlcarazOjedaLeandro-P1\index.php(28): require('C:\\xampp2\\htdoc...')
#4 {main}
